info: Microsoft.AspNetCore.DataProtection.KeyManagement.XmlKeyManager[63]
      User profile is available. Using 'C:\Users\filip\AppData\Local\ASP.NET\DataProtection-Keys' as key repository and Windows DPAPI to encrypt keys at rest.
info: Yarp.ReverseProxy.Configuration.ConfigProvider.ConfigurationConfigProvider[1]
      Loading proxy data from config.
fail: Microsoft.AspNetCore.DataProtection.XmlEncryption.DpapiXmlDecryptor[43]
      An exception occurred while trying to decrypt the element.
      System.Security.Cryptography.CryptographicException: Error occurred during a cryptographic operation.
         at Microsoft.AspNetCore.DataProtection.Cng.DpapiSecretSerializerHelper.UnprotectWithDpapiCore(Byte* pbProtectedData, UInt32 cbProtectedData, Byte* pbOptionalEntropy, UInt32 cbOptionalEntropy)
         at Microsoft.AspNetCore.DataProtection.Cng.DpapiSecretSerializerHelper.UnprotectWithDpapi(Byte[] protectedSecret)
         at Microsoft.AspNetCore.DataProtection.XmlEncryption.DpapiXmlDecryptor.Decrypt(XElement encryptedElement)
fail: Microsoft.AspNetCore.DataProtection.KeyManagement.XmlKeyManager[24]
      An exception occurred while processing the key element '<key id="580135b0-fa5a-474d-b3fd-2e3d5e56fffe" version="1" />'.
      System.AggregateException: An error occurred while writing to logger(s). (Cannot open log for source '.NET Runtime'. You may not have write access.)
       ---> System.InvalidOperationException: Cannot open log for source '.NET Runtime'. You may not have write access.
       ---> System.ComponentModel.Win32Exception (5): Acesso negado.
         --- End of inner exception stack trace ---
         at System.Diagnostics.EventLogInternal.OpenForWrite(String currentMachineName)
         at System.Diagnostics.EventLogInternal.InternalWriteEvent(UInt32 eventID, UInt16 category, EventLogEntryType type, String[] strings, Byte[] rawData, String currentMachineName)
         at System.Diagnostics.EventLogInternal.WriteEvent(EventInstance instance, Byte[] data, Object[] values)
         at Microsoft.Extensions.Logging.EventLog.WindowsEventLog.WriteEntry(String message, EventLogEntryType type, Int32 eventID, Int16 category)
         at Microsoft.Extensions.Logging.EventLog.EventLogLogger.WriteMessage(String message, EventLogEntryType eventLogEntryType, Int32 eventId)
         at Microsoft.Extensions.Logging.EventLog.EventLogLogger.Log[TState](LogLevel logLevel, EventId eventId, TState state, Exception exception, Func`3 formatter)
         at Microsoft.Extensions.Logging.Logger.<Log>g__LoggerLog|14_0[TState](LogLevel logLevel, EventId eventId, ILogger logger, Exception exception, Func`3 formatter, List`1& exceptions, TState& state)
         --- End of inner exception stack trace ---
         at Microsoft.Extensions.Logging.Logger.ThrowLoggingError(List`1 exceptions)
         at Microsoft.Extensions.Logging.Logger.Log[TState](LogLevel logLevel, EventId eventId, TState state, Exception exception, Func`3 formatter)
         at Microsoft.Extensions.Logging.LoggerMessage.<>c__DisplayClass8_0.<Define>g__Log|0(ILogger logger, Exception exception)
         at Microsoft.AspNetCore.DataProtection.XmlEncryption.DpapiXmlDecryptor.Decrypt(XElement encryptedElement)
         at Microsoft.AspNetCore.DataProtection.XmlEncryption.XmlEncryptionExtensions.DecryptElement(XElement element, IActivator activator)
         at Microsoft.AspNetCore.DataProtection.KeyManagement.XmlKeyManager.Microsoft.AspNetCore.DataProtection.KeyManagement.Internal.IInternalXmlKeyManager.DeserializeDescriptorFromKeyElement(XElement keyElement)
warn: Microsoft.AspNetCore.DataProtection.KeyManagement.DefaultKeyResolver[12]
      Key {580135b0-fa5a-474d-b3fd-2e3d5e56fffe} is ineligible to be the default key because its CreateEncryptor method failed.
      System.AggregateException: An error occurred while writing to logger(s). (Cannot open log for source '.NET Runtime'. You may not have write access.)
       ---> System.InvalidOperationException: Cannot open log for source '.NET Runtime'. You may not have write access.
       ---> System.ComponentModel.Win32Exception (5): Acesso negado.
         --- End of inner exception stack trace ---
         at System.Diagnostics.EventLogInternal.OpenForWrite(String currentMachineName)
         at System.Diagnostics.EventLogInternal.InternalWriteEvent(UInt32 eventID, UInt16 category, EventLogEntryType type, String[] strings, Byte[] rawData, String currentMachineName)
         at System.Diagnostics.EventLogInternal.WriteEvent(EventInstance instance, Byte[] data, Object[] values)
         at Microsoft.Extensions.Logging.EventLog.WindowsEventLog.WriteEntry(String message, EventLogEntryType type, Int32 eventID, Int16 category)
         at Microsoft.Extensions.Logging.EventLog.EventLogLogger.WriteMessage(String message, EventLogEntryType eventLogEntryType, Int32 eventId)
         at Microsoft.Extensions.Logging.EventLog.EventLogLogger.Log[TState](LogLevel logLevel, EventId eventId, TState state, Exception exception, Func`3 formatter)
         at Microsoft.Extensions.Logging.Logger.<Log>g__LoggerLog|14_0[TState](LogLevel logLevel, EventId eventId, ILogger logger, Exception exception, Func`3 formatter, List`1& exceptions, TState& state)
         --- End of inner exception stack trace ---
         at Microsoft.Extensions.Logging.Logger.ThrowLoggingError(List`1 exceptions)
         at Microsoft.Extensions.Logging.Logger.Log[TState](LogLevel logLevel, EventId eventId, TState state, Exception exception, Func`3 formatter)
         at Microsoft.Extensions.Logging.Logger`1.Microsoft.Extensions.Logging.ILogger.Log[TState](LogLevel logLevel, EventId eventId, TState state, Exception exception, Func`3 formatter)
         at Microsoft.Extensions.Logging.LoggerMessage.<>c__DisplayClass10_0`1.<Define>g__Log|0(ILogger logger, T1 arg1, Exception exception)
         at Microsoft.AspNetCore.DataProtection.KeyManagement.XmlKeyManager.WriteKeyDeserializationErrorToLog(Exception error, XElement keyElement)
         at Microsoft.AspNetCore.DataProtection.KeyManagement.XmlKeyManager.Microsoft.AspNetCore.DataProtection.KeyManagement.Internal.IInternalXmlKeyManager.DeserializeDescriptorFromKeyElement(XElement keyElement)
         at System.Lazy`1.ViaFactory(LazyThreadSafetyMode mode)
         at System.Lazy`1.ExecutionAndPublication(LazyHelper executionAndPublication, Boolean useDefaultConstructor)
         at System.Lazy`1.CreateValue()
         at Microsoft.AspNetCore.DataProtection.AuthenticatedEncryption.CngGcmAuthenticatedEncryptorFactory.CreateEncryptorInstance(IKey key)
         at Microsoft.AspNetCore.DataProtection.KeyManagement.KeyBase.CreateEncryptor()
         at Microsoft.AspNetCore.DataProtection.KeyManagement.DefaultKeyResolver.CanCreateAuthenticatedEncryptor(IKey key)
fail: Microsoft.AspNetCore.DataProtection.KeyManagement.KeyRingProvider[48]
      An error occurred while reading the key ring.
      System.AggregateException: An error occurred while writing to logger(s). (Cannot open log for source '.NET Runtime'. You may not have write access.)
       ---> System.InvalidOperationException: Cannot open log for source '.NET Runtime'. You may not have write access.
       ---> System.ComponentModel.Win32Exception (5): Acesso negado.
         --- End of inner exception stack trace ---
         at System.Diagnostics.EventLogInternal.OpenForWrite(String currentMachineName)
         at System.Diagnostics.EventLogInternal.InternalWriteEvent(UInt32 eventID, UInt16 category, EventLogEntryType type, String[] strings, Byte[] rawData, String currentMachineName)
         at System.Diagnostics.EventLogInternal.WriteEvent(EventInstance instance, Byte[] data, Object[] values)
         at Microsoft.Extensions.Logging.EventLog.WindowsEventLog.WriteEntry(String message, EventLogEntryType type, Int32 eventID, Int16 category)
         at Microsoft.Extensions.Logging.EventLog.EventLogLogger.WriteMessage(String message, EventLogEntryType eventLogEntryType, Int32 eventId)
         at Microsoft.Extensions.Logging.EventLog.EventLogLogger.Log[TState](LogLevel logLevel, EventId eventId, TState state, Exception exception, Func`3 formatter)
         at Microsoft.Extensions.Logging.Logger.<Log>g__LoggerLog|14_0[TState](LogLevel logLevel, EventId eventId, ILogger logger, Exception exception, Func`3 formatter, List`1& exceptions, TState& state)
         --- End of inner exception stack trace ---
         at Microsoft.Extensions.Logging.Logger.ThrowLoggingError(List`1 exceptions)
         at Microsoft.Extensions.Logging.Logger.Log[TState](LogLevel logLevel, EventId eventId, TState state, Exception exception, Func`3 formatter)
         at Microsoft.Extensions.Logging.Logger`1.Microsoft.Extensions.Logging.ILogger.Log[TState](LogLevel logLevel, EventId eventId, TState state, Exception exception, Func`3 formatter)
         at Microsoft.Extensions.Logging.LoggerMessage.<>c__DisplayClass12_0`2.<Define>g__Log|0(ILogger logger, T1 arg1, T2 arg2, Exception exception)
         at Microsoft.Extensions.Logging.LoggingExtensions.KeyIsIneligibleToBeTheDefaultKeyBecauseItsMethodFailed(ILogger logger, Guid keyId, String methodName, Exception exception)
         at Microsoft.AspNetCore.DataProtection.KeyManagement.DefaultKeyResolver.CanCreateAuthenticatedEncryptor(IKey key)
         at Microsoft.AspNetCore.DataProtection.KeyManagement.DefaultKeyResolver.FindDefaultKey(DateTimeOffset now, IEnumerable`1 allKeys, IKey& fallbackKey, Boolean& callerShouldGenerateNewKey)
         at Microsoft.AspNetCore.DataProtection.KeyManagement.DefaultKeyResolver.ResolveDefaultKeyPolicy(DateTimeOffset now, IEnumerable`1 allKeys)
         at Microsoft.AspNetCore.DataProtection.KeyManagement.KeyRingProvider.CreateCacheableKeyRingCore(DateTimeOffset now, IKey keyJustAdded)
         at Microsoft.AspNetCore.DataProtection.KeyManagement.KeyRingProvider.GetCurrentKeyRingCore(DateTime utcNow, Boolean forceRefresh)
info: Microsoft.AspNetCore.DataProtection.Internal.DataProtectionHostedService[66]
      Key ring failed to load during application startup.
      System.AggregateException: An error occurred while writing to logger(s). (Cannot open log for source '.NET Runtime'. You may not have write access.)
       ---> System.InvalidOperationException: Cannot open log for source '.NET Runtime'. You may not have write access.
       ---> System.ComponentModel.Win32Exception (5): Acesso negado.
         --- End of inner exception stack trace ---
         at System.Diagnostics.EventLogInternal.OpenForWrite(String currentMachineName)
         at System.Diagnostics.EventLogInternal.InternalWriteEvent(UInt32 eventID, UInt16 category, EventLogEntryType type, String[] strings, Byte[] rawData, String currentMachineName)
         at System.Diagnostics.EventLogInternal.WriteEvent(EventInstance instance, Byte[] data, Object[] values)
         at Microsoft.Extensions.Logging.EventLog.WindowsEventLog.WriteEntry(String message, EventLogEntryType type, Int32 eventID, Int16 category)
         at Microsoft.Extensions.Logging.EventLog.EventLogLogger.WriteMessage(String message, EventLogEntryType eventLogEntryType, Int32 eventId)
         at Microsoft.Extensions.Logging.EventLog.EventLogLogger.Log[TState](LogLevel logLevel, EventId eventId, TState state, Exception exception, Func`3 formatter)
         at Microsoft.Extensions.Logging.Logger.<Log>g__LoggerLog|14_0[TState](LogLevel logLevel, EventId eventId, ILogger logger, Exception exception, Func`3 formatter, List`1& exceptions, TState& state)
         --- End of inner exception stack trace ---
         at Microsoft.Extensions.Logging.Logger.ThrowLoggingError(List`1 exceptions)
         at Microsoft.Extensions.Logging.Logger.Log[TState](LogLevel logLevel, EventId eventId, TState state, Exception exception, Func`3 formatter)
         at Microsoft.Extensions.Logging.Logger`1.Microsoft.Extensions.Logging.ILogger.Log[TState](LogLevel logLevel, EventId eventId, TState state, Exception exception, Func`3 formatter)
         at Microsoft.Extensions.Logging.LoggerMessage.<>c__DisplayClass8_0.<Define>g__Log|0(ILogger logger, Exception exception)
         at Microsoft.AspNetCore.DataProtection.KeyManagement.KeyRingProvider.GetCurrentKeyRingCore(DateTime utcNow, Boolean forceRefresh)
         at Microsoft.AspNetCore.DataProtection.Internal.DataProtectionHostedService.StartAsync(CancellationToken token)
info: Microsoft.Hosting.Lifetime[14]
      Now listening on: http://localhost:7000
info: Microsoft.Hosting.Lifetime[0]
      Application started. Press Ctrl+C to shut down.
info: Microsoft.Hosting.Lifetime[0]
      Hosting environment: Production
info: Microsoft.Hosting.Lifetime[0]
      Content root path: C:\Users\filip\Documents\Kiteflow\KiteFlow\src\backend\gateway\KiteFlow.Gateway
info: Microsoft.AspNetCore.Hosting.Diagnostics[1]
      Request starting HTTP/1.1 GET http://localhost:7000/swagger - - -
info: Microsoft.AspNetCore.Hosting.Diagnostics[2]
      Request finished HTTP/1.1 GET http://localhost:7000/swagger - 301 0 - 22.1540ms
info: Microsoft.AspNetCore.Hosting.Diagnostics[1]
      Request starting HTTP/1.1 GET http://localhost:7000/swagger/index.html - - -
info: Microsoft.AspNetCore.Hosting.Diagnostics[2]
      Request finished HTTP/1.1 GET http://localhost:7000/swagger/index.html - 200 - text/html;charset=utf-8 29.7716ms
info: Microsoft.AspNetCore.Hosting.Diagnostics[1]
      Request starting HTTP/1.1 POST http://localhost:7000/identity/api/v1/auth/login - application/json 67
info: Microsoft.AspNetCore.Routing.EndpointMiddleware[0]
      Executing endpoint 'identity-route'
info: Yarp.ReverseProxy.Forwarder.HttpForwarder[9]
      Proxying to http://localhost:7001/api/v1/auth/login HTTP/2 RequestVersionOrLower 
info: Yarp.ReverseProxy.Forwarder.HttpForwarder[56]
      Received HTTP/1.1 response 200.
info: Microsoft.AspNetCore.Routing.EndpointMiddleware[1]
      Executed endpoint 'identity-route'
info: Microsoft.AspNetCore.Hosting.Diagnostics[2]
      Request finished HTTP/1.1 POST http://localhost:7000/identity/api/v1/auth/login - 200 - application/json;+charset=utf-8 1385.5411ms
info: Microsoft.AspNetCore.Hosting.Diagnostics[1]
      Request starting HTTP/1.1 GET http://localhost:7000/identity/api/v1/auth/me - - -
info: Microsoft.AspNetCore.Routing.EndpointMiddleware[0]
      Executing endpoint 'identity-route'
info: Yarp.ReverseProxy.Forwarder.HttpForwarder[9]
      Proxying to http://localhost:7001/api/v1/auth/me HTTP/2 RequestVersionOrLower 
info: Yarp.ReverseProxy.Forwarder.HttpForwarder[56]
      Received HTTP/1.1 response 200.
info: Microsoft.AspNetCore.Routing.EndpointMiddleware[1]
      Executed endpoint 'identity-route'
info: Microsoft.AspNetCore.Hosting.Diagnostics[2]
      Request finished HTTP/1.1 GET http://localhost:7000/identity/api/v1/auth/me - 200 - application/json;+charset=utf-8 110.4113ms
info: Microsoft.AspNetCore.Hosting.Diagnostics[1]
      Request starting HTTP/1.1 POST http://localhost:7000/identity/api/v1/auth/refresh - application/json 137
info: Microsoft.AspNetCore.Routing.EndpointMiddleware[0]
      Executing endpoint 'identity-route'
info: Yarp.ReverseProxy.Forwarder.HttpForwarder[9]
      Proxying to http://localhost:7001/api/v1/auth/refresh HTTP/2 RequestVersionOrLower 
info: Yarp.ReverseProxy.Forwarder.HttpForwarder[56]
      Received HTTP/1.1 response 200.
info: Microsoft.AspNetCore.Routing.EndpointMiddleware[1]
      Executed endpoint 'identity-route'
info: Microsoft.AspNetCore.Hosting.Diagnostics[2]
      Request finished HTTP/1.1 POST http://localhost:7000/identity/api/v1/auth/refresh - 200 - application/json;+charset=utf-8 66.0482ms
info: Microsoft.AspNetCore.Hosting.Diagnostics[1]
      Request starting HTTP/1.1 GET http://localhost:7000/academics/api/v1/student-portal/overview - - -
info: Microsoft.AspNetCore.Routing.EndpointMiddleware[0]
      Executing endpoint 'academics-route'
info: Yarp.ReverseProxy.Forwarder.HttpForwarder[9]
      Proxying to http://localhost:7003/api/v1/student-portal/overview HTTP/2 RequestVersionOrLower 
info: Yarp.ReverseProxy.Forwarder.HttpForwarder[56]
      Received HTTP/1.1 response 200.
info: Microsoft.AspNetCore.Routing.EndpointMiddleware[1]
      Executed endpoint 'academics-route'
info: Microsoft.AspNetCore.Hosting.Diagnostics[2]
      Request finished HTTP/1.1 GET http://localhost:7000/academics/api/v1/student-portal/overview - 200 - application/json;+charset=utf-8 894.3800ms
info: Microsoft.AspNetCore.Hosting.Diagnostics[1]
      Request starting HTTP/1.1 GET http://localhost:7000/academics/api/v1/student-portal/history - - -
info: Microsoft.AspNetCore.Routing.EndpointMiddleware[0]
      Executing endpoint 'academics-route'
info: Yarp.ReverseProxy.Forwarder.HttpForwarder[9]
      Proxying to http://localhost:7003/api/v1/student-portal/history HTTP/2 RequestVersionOrLower 
info: Yarp.ReverseProxy.Forwarder.HttpForwarder[56]
      Received HTTP/1.1 response 200.
info: Microsoft.AspNetCore.Routing.EndpointMiddleware[1]
      Executed endpoint 'academics-route'
info: Microsoft.AspNetCore.Hosting.Diagnostics[2]
      Request finished HTTP/1.1 GET http://localhost:7000/academics/api/v1/student-portal/history - 200 - application/json;+charset=utf-8 66.7962ms
info: Microsoft.AspNetCore.Hosting.Diagnostics[1]
      Request starting HTTP/1.1 GET http://localhost:7000/academics/api/v1/student-portal/notifications - - -
info: Microsoft.AspNetCore.Routing.EndpointMiddleware[0]
      Executing endpoint 'academics-route'
info: Yarp.ReverseProxy.Forwarder.HttpForwarder[9]
      Proxying to http://localhost:7003/api/v1/student-portal/notifications HTTP/2 RequestVersionOrLower 
info: Yarp.ReverseProxy.Forwarder.HttpForwarder[56]
      Received HTTP/1.1 response 200.
info: Microsoft.AspNetCore.Routing.EndpointMiddleware[1]
      Executed endpoint 'academics-route'
info: Microsoft.AspNetCore.Hosting.Diagnostics[2]
      Request finished HTTP/1.1 GET http://localhost:7000/academics/api/v1/student-portal/notifications - 200 - application/json;+charset=utf-8 91.4922ms
info: Microsoft.AspNetCore.Hosting.Diagnostics[1]
      Request starting HTTP/1.1 GET http://localhost:7000/academics/api/v1/student-portal/profile - - -
info: Microsoft.AspNetCore.Routing.EndpointMiddleware[0]
      Executing endpoint 'academics-route'
info: Yarp.ReverseProxy.Forwarder.HttpForwarder[9]
      Proxying to http://localhost:7003/api/v1/student-portal/profile HTTP/2 RequestVersionOrLower 
info: Yarp.ReverseProxy.Forwarder.HttpForwarder[56]
      Received HTTP/1.1 response 200.
info: Microsoft.AspNetCore.Routing.EndpointMiddleware[1]
      Executed endpoint 'academics-route'
info: Microsoft.AspNetCore.Hosting.Diagnostics[2]
      Request finished HTTP/1.1 GET http://localhost:7000/academics/api/v1/student-portal/profile - 200 - application/json;+charset=utf-8 31.9246ms
info: Microsoft.AspNetCore.Hosting.Diagnostics[1]
      Request starting HTTP/1.1 GET http://localhost:7000/schools/api/v1/schools/me - - -
info: Microsoft.AspNetCore.Routing.EndpointMiddleware[0]
      Executing endpoint 'schools-route'
info: Yarp.ReverseProxy.Forwarder.HttpForwarder[9]
      Proxying to http://localhost:7002/api/v1/schools/me HTTP/2 RequestVersionOrLower 
info: Yarp.ReverseProxy.Forwarder.HttpForwarder[56]
      Received HTTP/1.1 response 404.
info: Microsoft.AspNetCore.Routing.EndpointMiddleware[1]
      Executed endpoint 'schools-route'
info: Microsoft.AspNetCore.Hosting.Diagnostics[2]
      Request finished HTTP/1.1 GET http://localhost:7000/schools/api/v1/schools/me - 404 - application/problem+json;+charset=utf-8 29.6743ms
