18:22:27 info: Microsoft.EntityFrameworkCore.Database.Command[20101] Executed DbCommand (20ms) [Parameters=[], CommandType='Text', CommandTimeout='30'] ALTER TABLE courses
ADD COLUMN IF NOT EXISTS "TotalMinutes" integer NULL;

UPDATE courses
SET "TotalMinutes" = COALESCE("TotalMinutes", GREATEST("TotalLessons", 0) * 60)
WHERE "TotalMinutes" IS NULL;

ALTER TABLE courses
ALTER COLUMN "TotalMinutes" SET NOT NULL;

ALTER TABLE courses
ALTER COLUMN "TotalLessons" SET DEFAULT 0;
18:22:27 info: Microsoft.EntityFrameworkCore.Database.Command[20101] Executed DbCommand (4ms) [Parameters=[], CommandType='Text', CommandTimeout='30'] ALTER TABLE enrollments
ADD COLUMN IF NOT EXISTS "IncludedMinutesSnapshot" integer NULL;

ALTER TABLE enrollments
ADD COLUMN IF NOT EXISTS "UsedMinutes" integer NULL;

UPDATE enrollments
SET "IncludedMinutesSnapshot" = COALESCE("IncludedMinutesSnapshot", GREATEST("IncludedLessonsSnapshot", 0) * 60),
    "UsedMinutes" = COALESCE("UsedMinutes", GREATEST("UsedLessons", 0) * 60)
WHERE "IncludedMinutesSnapshot" IS NULL
   OR "UsedMinutes" IS NULL;

ALTER TABLE enrollments
ALTER COLUMN "IncludedMinutesSnapshot" SET NOT NULL;

ALTER TABLE enrollments
ALTER COLUMN "UsedMinutes" SET NOT NULL;

ALTER TABLE enrollments
ALTER COLUMN "IncludedLessonsSnapshot" SET DEFAULT 0;

ALTER TABLE enrollments
ALTER COLUMN "UsedLessons" SET DEFAULT 0;
18:22:27 info: Microsoft.EntityFrameworkCore.Database.Command[20101] Executed DbCommand (5ms) [Parameters=[], CommandType='Text', CommandTimeout='30'] ALTER TABLE enrollment_balance_ledger
ADD COLUMN IF NOT EXISTS "DeltaMinutes" integer NULL;

UPDATE enrollment_balance_ledger
SET "DeltaMinutes" = COALESCE("DeltaMinutes", "DeltaLessons" * 60)
WHERE "DeltaMinutes" IS NULL;

ALTER TABLE enrollment_balance_ledger
ALTER COLUMN "DeltaMinutes" SET NOT NULL;

ALTER TABLE enrollment_balance_ledger
ALTER COLUMN "DeltaLessons" SET DEFAULT 0;
18:22:27 info: Microsoft.EntityFrameworkCore.Database.Command[20101] Executed DbCommand (2ms) [Parameters=[], CommandType='Text', CommandTimeout='30'] ALTER TABLE students
ADD COLUMN IF NOT EXISTS "IdentityUserId" uuid NULL;

ALTER TABLE students
ADD COLUMN IF NOT EXISTS "PostalCode" character varying(20) NULL;

ALTER TABLE students
ADD COLUMN IF NOT EXISTS "Street" character varying(200) NULL;

ALTER TABLE students
ADD COLUMN IF NOT EXISTS "StreetNumber" character varying(30) NULL;

ALTER TABLE students
ADD COLUMN IF NOT EXISTS "AddressComplement" character varying(120) NULL;

ALTER TABLE students
ADD COLUMN IF NOT EXISTS "Neighborhood" character varying(120) NULL;

ALTER TABLE students
ADD COLUMN IF NOT EXISTS "City" character varying(120) NULL;

ALTER TABLE students
ADD COLUMN IF NOT EXISTS "State" character varying(80) NULL;
18:22:27 info: Microsoft.EntityFrameworkCore.Database.Command[20101] Executed DbCommand (2ms) [Parameters=[], CommandType='Text', CommandTimeout='30'] ALTER TABLE instructors
ADD COLUMN IF NOT EXISTS "HourlyRate" numeric(12,2) NOT NULL DEFAULT 0;
18:22:27 info: Microsoft.EntityFrameworkCore.Database.Command[20101] Executed DbCommand (2ms) [Parameters=[], CommandType='Text', CommandTimeout='30'] ALTER TABLE lessons
ADD COLUMN IF NOT EXISTS "StudentConfirmedAtUtc" timestamp with time zone NULL;

ALTER TABLE lessons
ADD COLUMN IF NOT EXISTS "StudentConfirmationNote" character varying(1000) NULL;
18:22:27 info: Microsoft.EntityFrameworkCore.Database.Command[20101] Executed DbCommand (1ms) [Parameters=[], CommandType='Text', CommandTimeout='30'] CREATE TABLE IF NOT EXISTS student_portal_notifications
(
    "Id" uuid NOT NULL,
    "SchoolId" uuid NOT NULL,
    "StudentId" uuid NOT NULL,
    "LessonId" uuid NULL,
    "Category" character varying(50) NOT NULL,
    "Title" character varying(160) NOT NULL,
    "Message" character varying(1500) NOT NULL,
    "ActionLabel" character varying(80) NULL,
    "ActionPath" character varying(250) NULL,
    "ReadAtUtc" timestamp with time zone NULL,
    "CreatedAtUtc" timestamp with time zone NOT NULL,
    CONSTRAINT "PK_student_portal_notifications" PRIMARY KEY ("Id")
);

CREATE INDEX IF NOT EXISTS "IX_student_portal_notifications_SchoolId_StudentId_CreatedAtUtc"
ON student_portal_notifications ("SchoolId", "StudentId", "CreatedAtUtc");

CREATE INDEX IF NOT EXISTS "IX_student_portal_notifications_SchoolId_StudentId_ReadAtUtc"
ON student_portal_notifications ("SchoolId", "StudentId", "ReadAtUtc");
18:22:27 info: Microsoft.EntityFrameworkCore.Database.Command[20101] Executed DbCommand (1ms) [Parameters=[], CommandType='Text', CommandTimeout='30'] DROP INDEX IF EXISTS "IX_students_SchoolId_IdentityUserId";
18:22:27 info: Microsoft.EntityFrameworkCore.Database.Command[20101] Executed DbCommand (1ms) [Parameters=[], CommandType='Text', CommandTimeout='30'] CREATE UNIQUE INDEX IF NOT EXISTS "IX_students_SchoolId_IdentityUserId_UQ"
ON students ("SchoolId", "IdentityUserId")
WHERE "IdentityUserId" IS NOT NULL;
18:22:28 info: Microsoft.AspNetCore.DataProtection.KeyManagement.XmlKeyManager[63] User profile is available. Using 'C:\Users\filip\AppData\Local\ASP.NET\DataProtection-Keys' as key repository and Windows DPAPI to encrypt keys at rest.
18:22:28 fail: Microsoft.AspNetCore.DataProtection.XmlEncryption.DpapiXmlDecryptor[43] An exception occurred while trying to decrypt the element. System.Security.Cryptography.CryptographicException: Error occurred during a cryptographic operation.    at Microsoft.AspNetCore.DataProtection.Cng.DpapiSecretSerializerHelper.UnprotectWithDpapiCore(Byte* pbProtectedData, UInt32 cbProtectedData, Byte* pbOptionalEntropy, UInt32 cbOptionalEntropy)    at Microsoft.AspNetCore.DataProtection.Cng.DpapiSecretSerializerHelper.UnprotectWithDpapi(Byte[] protectedSecret)    at Microsoft.AspNetCore.DataProtection.XmlEncryption.DpapiXmlDecryptor.Decrypt(XElement encryptedElement)
18:22:28 fail: Microsoft.AspNetCore.DataProtection.KeyManagement.XmlKeyManager[24] An exception occurred while processing the key element '<key id="580135b0-fa5a-474d-b3fd-2e3d5e56fffe" version="1" />'. System.Security.Cryptography.CryptographicException: Error occurred during a cryptographic operation.    at Microsoft.AspNetCore.DataProtection.Cng.DpapiSecretSerializerHelper.UnprotectWithDpapiCore(Byte* pbProtectedData, UInt32 cbProtectedData, Byte* pbOptionalEntropy, UInt32 cbOptionalEntropy)    at Microsoft.AspNetCore.DataProtection.Cng.DpapiSecretSerializerHelper.UnprotectWithDpapi(Byte[] protectedSecret)    at Microsoft.AspNetCore.DataProtection.XmlEncryption.DpapiXmlDecryptor.Decrypt(XElement encryptedElement)    at Microsoft.AspNetCore.DataProtection.XmlEncryption.XmlEncryptionExtensions.DecryptElement(XElement element, IActivator activator)    at Microsoft.AspNetCore.DataProtection.KeyManagement.XmlKeyManager.Microsoft.AspNetCore.DataProtection.KeyManagement.Internal.IInternalXmlKeyManager.DeserializeDescriptorFromKeyElement(XElement keyElement)
18:22:28 warn: Microsoft.AspNetCore.DataProtection.KeyManagement.DefaultKeyResolver[12] Key {580135b0-fa5a-474d-b3fd-2e3d5e56fffe} is ineligible to be the default key because its CreateEncryptor method failed. System.Security.Cryptography.CryptographicException: Error occurred during a cryptographic operation.    at Microsoft.AspNetCore.DataProtection.Cng.DpapiSecretSerializerHelper.UnprotectWithDpapiCore(Byte* pbProtectedData, UInt32 cbProtectedData, Byte* pbOptionalEntropy, UInt32 cbOptionalEntropy)    at Microsoft.AspNetCore.DataProtection.Cng.DpapiSecretSerializerHelper.UnprotectWithDpapi(Byte[] protectedSecret)    at Microsoft.AspNetCore.DataProtection.XmlEncryption.DpapiXmlDecryptor.Decrypt(XElement encryptedElement)    at Microsoft.AspNetCore.DataProtection.XmlEncryption.XmlEncryptionExtensions.DecryptElement(XElement element, IActivator activator)    at Microsoft.AspNetCore.DataProtection.KeyManagement.XmlKeyManager.Microsoft.AspNetCore.DataProtection.KeyManagement.Internal.IInternalXmlKeyManager.DeserializeDescriptorFromKeyElement(XElement keyElement)    at System.Lazy`1.ViaFactory(LazyThreadSafetyMode mode)    at System.Lazy`1.ExecutionAndPublication(LazyHelper executionAndPublication, Boolean useDefaultConstructor)    at System.Lazy`1.CreateValue()    at Microsoft.AspNetCore.DataProtection.AuthenticatedEncryption.CngGcmAuthenticatedEncryptorFactory.CreateEncryptorInstance(IKey key)    at Microsoft.AspNetCore.DataProtection.KeyManagement.KeyBase.CreateEncryptor()    at Microsoft.AspNetCore.DataProtection.KeyManagement.DefaultKeyResolver.CanCreateAuthenticatedEncryptor(IKey key)
18:22:28 warn: Microsoft.AspNetCore.DataProtection.KeyManagement.DefaultKeyResolver[12] Key {580135b0-fa5a-474d-b3fd-2e3d5e56fffe} is ineligible to be the default key because its CreateEncryptor method failed. System.Security.Cryptography.CryptographicException: Error occurred during a cryptographic operation.    at Microsoft.AspNetCore.DataProtection.Cng.DpapiSecretSerializerHelper.UnprotectWithDpapiCore(Byte* pbProtectedData, UInt32 cbProtectedData, Byte* pbOptionalEntropy, UInt32 cbOptionalEntropy)    at Microsoft.AspNetCore.DataProtection.Cng.DpapiSecretSerializerHelper.UnprotectWithDpapi(Byte[] protectedSecret)    at Microsoft.AspNetCore.DataProtection.XmlEncryption.DpapiXmlDecryptor.Decrypt(XElement encryptedElement)    at Microsoft.AspNetCore.DataProtection.XmlEncryption.XmlEncryptionExtensions.DecryptElement(XElement element, IActivator activator)    at Microsoft.AspNetCore.DataProtection.KeyManagement.XmlKeyManager.Microsoft.AspNetCore.DataProtection.KeyManagement.Internal.IInternalXmlKeyManager.DeserializeDescriptorFromKeyElement(XElement keyElement)    at System.Lazy`1.ViaFactory(LazyThreadSafetyMode mode) --- End of stack trace from previous location ---    at System.Lazy`1.CreateValue()    at Microsoft.AspNetCore.DataProtection.AuthenticatedEncryption.CngGcmAuthenticatedEncryptorFactory.CreateEncryptorInstance(IKey key)    at Microsoft.AspNetCore.DataProtection.KeyManagement.KeyBase.CreateEncryptor()    at Microsoft.AspNetCore.DataProtection.KeyManagement.DefaultKeyResolver.CanCreateAuthenticatedEncryptor(IKey key)
18:22:28 fail: Microsoft.AspNetCore.DataProtection.XmlEncryption.DpapiXmlDecryptor[43] An exception occurred while trying to decrypt the element. System.Security.Cryptography.CryptographicException: Error occurred during a cryptographic operation.    at Microsoft.AspNetCore.DataProtection.Cng.DpapiSecretSerializerHelper.UnprotectWithDpapiCore(Byte* pbProtectedData, UInt32 cbProtectedData, Byte* pbOptionalEntropy, UInt32 cbOptionalEntropy)    at Microsoft.AspNetCore.DataProtection.Cng.DpapiSecretSerializerHelper.UnprotectWithDpapi(Byte[] protectedSecret)    at Microsoft.AspNetCore.DataProtection.XmlEncryption.DpapiXmlDecryptor.Decrypt(XElement encryptedElement)
18:22:28 fail: Microsoft.AspNetCore.DataProtection.KeyManagement.XmlKeyManager[24] An exception occurred while processing the key element '<key id="25288858-7997-4126-8693-b88c04416c79" version="1" />'. System.Security.Cryptography.CryptographicException: Error occurred during a cryptographic operation.    at Microsoft.AspNetCore.DataProtection.Cng.DpapiSecretSerializerHelper.UnprotectWithDpapiCore(Byte* pbProtectedData, UInt32 cbProtectedData, Byte* pbOptionalEntropy, UInt32 cbOptionalEntropy)    at Microsoft.AspNetCore.DataProtection.Cng.DpapiSecretSerializerHelper.UnprotectWithDpapi(Byte[] protectedSecret)    at Microsoft.AspNetCore.DataProtection.XmlEncryption.DpapiXmlDecryptor.Decrypt(XElement encryptedElement)    at Microsoft.AspNetCore.DataProtection.XmlEncryption.XmlEncryptionExtensions.DecryptElement(XElement element, IActivator activator)    at Microsoft.AspNetCore.DataProtection.KeyManagement.XmlKeyManager.Microsoft.AspNetCore.DataProtection.KeyManagement.Internal.IInternalXmlKeyManager.DeserializeDescriptorFromKeyElement(XElement keyElement)
18:22:28 warn: Microsoft.AspNetCore.DataProtection.KeyManagement.DefaultKeyResolver[12] Key {25288858-7997-4126-8693-b88c04416c79} is ineligible to be the default key because its CreateEncryptor method failed. System.Security.Cryptography.CryptographicException: Error occurred during a cryptographic operation.    at Microsoft.AspNetCore.DataProtection.Cng.DpapiSecretSerializerHelper.UnprotectWithDpapiCore(Byte* pbProtectedData, UInt32 cbProtectedData, Byte* pbOptionalEntropy, UInt32 cbOptionalEntropy)    at Microsoft.AspNetCore.DataProtection.Cng.DpapiSecretSerializerHelper.UnprotectWithDpapi(Byte[] protectedSecret)    at Microsoft.AspNetCore.DataProtection.XmlEncryption.DpapiXmlDecryptor.Decrypt(XElement encryptedElement)    at Microsoft.AspNetCore.DataProtection.XmlEncryption.XmlEncryptionExtensions.DecryptElement(XElement element, IActivator activator)    at Microsoft.AspNetCore.DataProtection.KeyManagement.XmlKeyManager.Microsoft.AspNetCore.DataProtection.KeyManagement.Internal.IInternalXmlKeyManager.DeserializeDescriptorFromKeyElement(XElement keyElement)    at System.Lazy`1.ViaFactory(LazyThreadSafetyMode mode)    at System.Lazy`1.ExecutionAndPublication(LazyHelper executionAndPublication, Boolean useDefaultConstructor)    at System.Lazy`1.CreateValue()    at Microsoft.AspNetCore.DataProtection.AuthenticatedEncryption.CngGcmAuthenticatedEncryptorFactory.CreateEncryptorInstance(IKey key)    at Microsoft.AspNetCore.DataProtection.KeyManagement.KeyBase.CreateEncryptor()    at Microsoft.AspNetCore.DataProtection.KeyManagement.DefaultKeyResolver.CanCreateAuthenticatedEncryptor(IKey key)
18:22:28 warn: Microsoft.AspNetCore.DataProtection.KeyManagement.DefaultKeyResolver[12] Key {25288858-7997-4126-8693-b88c04416c79} is ineligible to be the default key because its CreateEncryptor method failed. System.Security.Cryptography.CryptographicException: Error occurred during a cryptographic operation.    at Microsoft.AspNetCore.DataProtection.Cng.DpapiSecretSerializerHelper.UnprotectWithDpapiCore(Byte* pbProtectedData, UInt32 cbProtectedData, Byte* pbOptionalEntropy, UInt32 cbOptionalEntropy)    at Microsoft.AspNetCore.DataProtection.Cng.DpapiSecretSerializerHelper.UnprotectWithDpapi(Byte[] protectedSecret)    at Microsoft.AspNetCore.DataProtection.XmlEncryption.DpapiXmlDecryptor.Decrypt(XElement encryptedElement)    at Microsoft.AspNetCore.DataProtection.XmlEncryption.XmlEncryptionExtensions.DecryptElement(XElement element, IActivator activator)    at Microsoft.AspNetCore.DataProtection.KeyManagement.XmlKeyManager.Microsoft.AspNetCore.DataProtection.KeyManagement.Internal.IInternalXmlKeyManager.DeserializeDescriptorFromKeyElement(XElement keyElement)    at System.Lazy`1.ViaFactory(LazyThreadSafetyMode mode) --- End of stack trace from previous location ---    at System.Lazy`1.CreateValue()    at Microsoft.AspNetCore.DataProtection.AuthenticatedEncryption.CngGcmAuthenticatedEncryptorFactory.CreateEncryptorInstance(IKey key)    at Microsoft.AspNetCore.DataProtection.KeyManagement.KeyBase.CreateEncryptor()    at Microsoft.AspNetCore.DataProtection.KeyManagement.DefaultKeyResolver.CanCreateAuthenticatedEncryptor(IKey key)
18:22:28 warn: Microsoft.AspNetCore.DataProtection.KeyManagement.DefaultKeyResolver[12] Key {580135b0-fa5a-474d-b3fd-2e3d5e56fffe} is ineligible to be the default key because its CreateEncryptor method failed. System.Security.Cryptography.CryptographicException: Error occurred during a cryptographic operation.    at Microsoft.AspNetCore.DataProtection.Cng.DpapiSecretSerializerHelper.UnprotectWithDpapiCore(Byte* pbProtectedData, UInt32 cbProtectedData, Byte* pbOptionalEntropy, UInt32 cbOptionalEntropy)    at Microsoft.AspNetCore.DataProtection.Cng.DpapiSecretSerializerHelper.UnprotectWithDpapi(Byte[] protectedSecret)    at Microsoft.AspNetCore.DataProtection.XmlEncryption.DpapiXmlDecryptor.Decrypt(XElement encryptedElement)    at Microsoft.AspNetCore.DataProtection.XmlEncryption.XmlEncryptionExtensions.DecryptElement(XElement element, IActivator activator)    at Microsoft.AspNetCore.DataProtection.KeyManagement.XmlKeyManager.Microsoft.AspNetCore.DataProtection.KeyManagement.Internal.IInternalXmlKeyManager.DeserializeDescriptorFromKeyElement(XElement keyElement)    at System.Lazy`1.ViaFactory(LazyThreadSafetyMode mode) --- End of stack trace from previous location ---    at System.Lazy`1.CreateValue()    at Microsoft.AspNetCore.DataProtection.AuthenticatedEncryption.CngGcmAuthenticatedEncryptorFactory.CreateEncryptorInstance(IKey key)    at Microsoft.AspNetCore.DataProtection.KeyManagement.KeyBase.CreateEncryptor()    at Microsoft.AspNetCore.DataProtection.KeyManagement.DefaultKeyResolver.CanCreateAuthenticatedEncryptor(IKey key)
18:22:28 info: Microsoft.AspNetCore.DataProtection.KeyManagement.XmlKeyManager[58] Creating key {def5c584-5c25-4d9e-a509-435757c3cf04} with creation date 2026-03-14 21:22:28Z, activation date 2026-03-14 21:22:28Z, and expiration date 2026-06-12 21:22:28Z.
18:22:28 fail: Microsoft.AspNetCore.DataProtection.KeyManagement.KeyRingProvider[48] An error occurred while reading the key ring. System.UnauthorizedAccessException: Access to the path 'C:\Users\filip\AppData\Local\ASP.NET\DataProtection-Keys\7a399d9e-93c2-44fc-b1e2-f7a283dd1005.tmp' is denied.    at Microsoft.Win32.SafeHandles.SafeFileHandle.CreateFile(String fullPath, FileMode mode, FileAccess access, FileShare share, FileOptions options)    at Microsoft.Win32.SafeHandles.SafeFileHandle.Open(String fullPath, FileMode mode, FileAccess access, FileShare share, FileOptions options, Int64 preallocationSize, Nullable`1 unixCreateMode)    at System.IO.Strategies.OSFileStreamStrategy..ctor(String path, FileMode mode, FileAccess access, FileShare share, FileOptions options, Int64 preallocationSize, Nullable`1 unixCreateMode)    at System.IO.Strategies.FileStreamHelpers.ChooseStrategyCore(String path, FileMode mode, FileAccess access, FileShare share, FileOptions options, Int64 preallocationSize, Nullable`1 unixCreateMode)    at System.IO.File.OpenWrite(String path)    at Microsoft.AspNetCore.DataProtection.Repositories.FileSystemXmlRepository.StoreElementCore(XElement element, String filename)    at Microsoft.AspNetCore.DataProtection.Repositories.FileSystemXmlRepository.StoreElement(XElement element, String friendlyName)    at Microsoft.AspNetCore.DataProtection.KeyManagement.XmlKeyManager.Microsoft.AspNetCore.DataProtection.KeyManagement.Internal.IInternalXmlKeyManager.CreateNewKey(Guid keyId, DateTimeOffset creationDate, DateTimeOffset activationDate, DateTimeOffset expirationDate)    at Microsoft.AspNetCore.DataProtection.KeyManagement.XmlKeyManager.CreateNewKey(DateTimeOffset activationDate, DateTimeOffset expirationDate)    at Microsoft.AspNetCore.DataProtection.KeyManagement.KeyRingProvider.CreateCacheableKeyRingCore(DateTimeOffset now, IKey keyJustAdded)    at Microsoft.AspNetCore.DataProtection.KeyManagement.KeyRingProvider.GetCurrentKeyRingCore(DateTime utcNow, Boolean forceRefresh)
18:22:28 info: Microsoft.AspNetCore.DataProtection.Internal.DataProtectionHostedService[66] Key ring failed to load during application startup. System.UnauthorizedAccessException: Access to the path 'C:\Users\filip\AppData\Local\ASP.NET\DataProtection-Keys\7a399d9e-93c2-44fc-b1e2-f7a283dd1005.tmp' is denied.    at Microsoft.Win32.SafeHandles.SafeFileHandle.CreateFile(String fullPath, FileMode mode, FileAccess access, FileShare share, FileOptions options)    at Microsoft.Win32.SafeHandles.SafeFileHandle.Open(String fullPath, FileMode mode, FileAccess access, FileShare share, FileOptions options, Int64 preallocationSize, Nullable`1 unixCreateMode)    at System.IO.Strategies.OSFileStreamStrategy..ctor(String path, FileMode mode, FileAccess access, FileShare share, FileOptions options, Int64 preallocationSize, Nullable`1 unixCreateMode)    at System.IO.Strategies.FileStreamHelpers.ChooseStrategyCore(String path, FileMode mode, FileAccess access, FileShare share, FileOptions options, Int64 preallocationSize, Nullable`1 unixCreateMode)    at System.IO.File.OpenWrite(String path)    at Microsoft.AspNetCore.DataProtection.Repositories.FileSystemXmlRepository.StoreElementCore(XElement element, String filename)    at Microsoft.AspNetCore.DataProtection.Repositories.FileSystemXmlRepository.StoreElement(XElement element, String friendlyName)    at Microsoft.AspNetCore.DataProtection.KeyManagement.XmlKeyManager.Microsoft.AspNetCore.DataProtection.KeyManagement.Internal.IInternalXmlKeyManager.CreateNewKey(Guid keyId, DateTimeOffset creationDate, DateTimeOffset activationDate, DateTimeOffset expirationDate)    at Microsoft.AspNetCore.DataProtection.KeyManagement.XmlKeyManager.CreateNewKey(DateTimeOffset activationDate, DateTimeOffset expirationDate)    at Microsoft.AspNetCore.DataProtection.KeyManagement.KeyRingProvider.CreateCacheableKeyRingCore(DateTimeOffset now, IKey keyJustAdded)    at Microsoft.AspNetCore.DataProtection.KeyManagement.KeyRingProvider.GetCurrentKeyRingCore(DateTime utcNow, Boolean forceRefresh)    at Microsoft.AspNetCore.DataProtection.Internal.DataProtectionHostedService.StartAsync(CancellationToken token)
18:22:28 info: Microsoft.Hosting.Lifetime[14] Now listening on: http://localhost:7003
18:22:28 info: Microsoft.Hosting.Lifetime[0] Application started. Press Ctrl+C to shut down.
18:22:28 info: Microsoft.Hosting.Lifetime[0] Hosting environment: Production
18:22:28 info: Microsoft.Hosting.Lifetime[0] Content root path: C:\Users\filip\Documents\Kiteflow\KiteFlow\src\backend\services\Academics\KiteFlow.Services.Academics.Api
18:22:39 info: Microsoft.AspNetCore.Hosting.Diagnostics[1] Request starting HTTP/1.1 GET http://localhost:7003/api/v1/students - - -
18:22:39 info: Microsoft.AspNetCore.Routing.EndpointMiddleware[0] Executing endpoint 'KiteFlow.Services.Academics.Api.Controllers.StudentsController.GetAll (KiteFlow.Services.Academics.Api)'
18:22:39 info: Microsoft.AspNetCore.Mvc.Infrastructure.ControllerActionInvoker[102] Route matched with {action = "GetAll", controller = "Students"}. Executing controller action with signature System.Threading.Tasks.Task`1[Microsoft.AspNetCore.Mvc.IActionResult] GetAll(Boolean) on controller KiteFlow.Services.Academics.Api.Controllers.StudentsController (KiteFlow.Services.Academics.Api).
18:22:39 info: Microsoft.EntityFrameworkCore.Database.Command[20101] Executed DbCommand (28ms) [Parameters=[@__schoolId_0='?' (DbType = Guid)], CommandType='Text', CommandTimeout='30'] SELECT s."Id", s."FullName", s."Email", s."Phone", s."PostalCode", s."Street", s."StreetNumber", s."AddressComplement", s."Neighborhood", s."City", s."State", s."IdentityUserId", s."BirthDate", s."MedicalNotes", s."EmergencyContactName", s."EmergencyContactPhone", s."FirstStandUpAtUtc", s."IsActive", s."CreatedAtUtc" FROM students AS s WHERE s."SchoolId" = @__schoolId_0 AND s."IsActive" ORDER BY s."FullName"
18:22:39 info: Microsoft.AspNetCore.Mvc.Infrastructure.ObjectResultExecutor[1] Executing OkObjectResult, writing value of type 'System.Collections.Generic.List`1[[<>f__AnonymousType49`19[[System.Guid, System.Private.CoreLib, Version=8.0.0.0, Culture=neutral, PublicKeyToken=7cec85d7bea7798e],[System.String, System.Private.CoreLib, Version=8.0.0.0, Culture=neutral, PublicKeyToken=7cec85d7bea7798e],[System.String, System.Private.CoreLib, Version=8.0.0.0, Culture=neutral, PublicKeyToken=7cec85d7bea7798e],[System.String, System.Private.CoreLib, Version=8.0.0.0, Culture=neutral, PublicKeyToken=7cec85d7bea7798e],[System.String, System.Private.CoreLib, Version=8.0.0.0, Culture=neutral, PublicKeyToken=7cec85d7bea7798e],[System.String, System.Private.CoreLib, Version=8.0.0.0, Culture=neutral, PublicKeyToken=7cec85d7bea7798e],[System.String, System.Private.CoreLib, Version=8.0.0.0, Culture=neutral, PublicKeyToken=7cec85d7bea7798e],[System.String, System.Private.CoreLib, Version=8.0.0.0, Culture=neutral, PublicKeyToken=7cec85d7bea7798e],[System.String, System.Private.CoreLib, Version=8.0.0.0, Culture=neutral, PublicKeyToken=7cec85d7bea7798e],[System.String, System.Private.CoreLib, Version=8.0.0.0, Culture=neutral, PublicKeyToken=7cec85d7bea7798e],[System.String, System.Private.CoreLib, Version=8.0.0.0, Culture=neutral, PublicKeyToken=7cec85d7bea7798e],[System.Nullable`1[[System.Guid, System.Private.CoreLib, Version=8.0.0.0, Culture=neutral, PublicKeyToken=7cec85d7bea7798e]], System.Private.CoreLib, Version=8.0.0.0, Culture=neutral, PublicKeyToken=7cec85d7bea7798e],[System.Nullable`1[[System.DateOnly, System.Private.CoreLib, Version=8.0.0.0, Culture=neutral, PublicKeyToken=7cec85d7bea7798e]], System.Private.CoreLib, Version=8.0.0.0, Culture=neutral, PublicKeyToken=7cec85d7bea7798e],[System.String, System.Private.CoreLib, Version=8.0.0.0, Culture=neutral, PublicKeyToken=7cec85d7bea7798e],[System.String, System.Private.CoreLib, Version=8.0.0.0, Culture=neutral, PublicKeyToken=7cec85d7bea7798e],[System.String, System.Private.CoreLib, Version=8.0.0.0, Culture=neutral, PublicKeyToken=7cec85d7bea7798e],[System.Nullable`1[[System.DateTime, System.Private.CoreLib, Version=8.0.0.0, Culture=neutral, PublicKeyToken=7cec85d7bea7798e]], System.Private.CoreLib, Version=8.0.0.0, Culture=neutral, PublicKeyToken=7cec85d7bea7798e],[System.Boolean, System.Private.CoreLib, Version=8.0.0.0, Culture=neutral, PublicKeyToken=7cec85d7bea7798e],[System.DateTime, System.Private.CoreLib, Version=8.0.0.0, Culture=neutral, PublicKeyToken=7cec85d7bea7798e]], KiteFlow.Services.Academics.Api, Version=1.0.0.0, Culture=neutral, PublicKeyToken=null]]'.
18:22:39 info: Microsoft.AspNetCore.Mvc.Infrastructure.ControllerActionInvoker[105] Executed action KiteFlow.Services.Academics.Api.Controllers.StudentsController.GetAll (KiteFlow.Services.Academics.Api) in 277.9052ms
18:22:39 info: Microsoft.AspNetCore.Routing.EndpointMiddleware[1] Executed endpoint 'KiteFlow.Services.Academics.Api.Controllers.StudentsController.GetAll (KiteFlow.Services.Academics.Api)'
18:22:39 info: Microsoft.AspNetCore.Hosting.Diagnostics[2] Request finished HTTP/1.1 GET http://localhost:7003/api/v1/students - 200 - application/json;+charset=utf-8 384.3199ms
