14:44:03 info: Microsoft.EntityFrameworkCore.Database.Command[20101] Executed DbCommand (21ms) [Parameters=[], CommandType='Text', CommandTimeout='30'] ALTER TABLE courses
ADD COLUMN IF NOT EXISTS "TotalMinutes" integer NULL;

UPDATE courses
SET "TotalMinutes" = COALESCE("TotalMinutes", GREATEST("TotalLessons", 0) * 60)
WHERE "TotalMinutes" IS NULL;

ALTER TABLE courses
ALTER COLUMN "TotalMinutes" SET NOT NULL;

ALTER TABLE courses
ALTER COLUMN "TotalLessons" SET DEFAULT 0;
14:44:03 info: Microsoft.EntityFrameworkCore.Database.Command[20101] Executed DbCommand (3ms) [Parameters=[], CommandType='Text', CommandTimeout='30'] ALTER TABLE enrollments
ADD COLUMN IF NOT EXISTS "IncludedMinutesSnapshot" integer NULL;

ALTER TABLE enrollments
ADD COLUMN IF NOT EXISTS "UsedMinutes" integer NULL;

UPDATE enrollments
SET "IncludedMinutesSnapshot" = COALESCE("IncludedMinutesSnapshot", GREATEST("IncludedLessonsSnapshot", 0) * 60),
    "UsedMinutes" = COALESCE("UsedMinutes", GREATEST("UsedLessons", 0) * 60)
WHERE "IncludedMinutesSnapshot" IS NULL
   OR "UsedMinutes" IS NULL;

ALTER TABLE enrollments
ALTER COLUMN "IncludedMinutesSnapshot" SET NOT NULL;

ALTER TABLE enrollments
ALTER COLUMN "UsedMinutes" SET NOT NULL;

ALTER TABLE enrollments
ALTER COLUMN "IncludedLessonsSnapshot" SET DEFAULT 0;

ALTER TABLE enrollments
ALTER COLUMN "UsedLessons" SET DEFAULT 0;
14:44:03 info: Microsoft.EntityFrameworkCore.Database.Command[20101] Executed DbCommand (2ms) [Parameters=[], CommandType='Text', CommandTimeout='30'] ALTER TABLE enrollment_balance_ledger
ADD COLUMN IF NOT EXISTS "DeltaMinutes" integer NULL;

UPDATE enrollment_balance_ledger
SET "DeltaMinutes" = COALESCE("DeltaMinutes", "DeltaLessons" * 60)
WHERE "DeltaMinutes" IS NULL;

ALTER TABLE enrollment_balance_ledger
ALTER COLUMN "DeltaMinutes" SET NOT NULL;

ALTER TABLE enrollment_balance_ledger
ALTER COLUMN "DeltaLessons" SET DEFAULT 0;
14:44:03 info: Microsoft.EntityFrameworkCore.Database.Command[20101] Executed DbCommand (2ms) [Parameters=[], CommandType='Text', CommandTimeout='30'] ALTER TABLE students
ADD COLUMN IF NOT EXISTS "IdentityUserId" uuid NULL;
14:44:03 info: Microsoft.EntityFrameworkCore.Database.Command[20101] Executed DbCommand (5ms) [Parameters=[], CommandType='Text', CommandTimeout='30'] ALTER TABLE instructors
ADD COLUMN IF NOT EXISTS "HourlyRate" numeric(12,2) NOT NULL DEFAULT 0;
14:44:03 info: Microsoft.EntityFrameworkCore.Database.Command[20101] Executed DbCommand (2ms) [Parameters=[], CommandType='Text', CommandTimeout='30'] ALTER TABLE lessons
ADD COLUMN IF NOT EXISTS "StudentConfirmedAtUtc" timestamp with time zone NULL;

ALTER TABLE lessons
ADD COLUMN IF NOT EXISTS "StudentConfirmationNote" character varying(1000) NULL;
14:44:03 info: Microsoft.EntityFrameworkCore.Database.Command[20101] Executed DbCommand (1ms) [Parameters=[], CommandType='Text', CommandTimeout='30'] CREATE TABLE IF NOT EXISTS student_portal_notifications
(
    "Id" uuid NOT NULL,
    "SchoolId" uuid NOT NULL,
    "StudentId" uuid NOT NULL,
    "LessonId" uuid NULL,
    "Category" character varying(50) NOT NULL,
    "Title" character varying(160) NOT NULL,
    "Message" character varying(1500) NOT NULL,
    "ActionLabel" character varying(80) NULL,
    "ActionPath" character varying(250) NULL,
    "ReadAtUtc" timestamp with time zone NULL,
    "CreatedAtUtc" timestamp with time zone NOT NULL,
    CONSTRAINT "PK_student_portal_notifications" PRIMARY KEY ("Id")
);

CREATE INDEX IF NOT EXISTS "IX_student_portal_notifications_SchoolId_StudentId_CreatedAtUtc"
ON student_portal_notifications ("SchoolId", "StudentId", "CreatedAtUtc");

CREATE INDEX IF NOT EXISTS "IX_student_portal_notifications_SchoolId_StudentId_ReadAtUtc"
ON student_portal_notifications ("SchoolId", "StudentId", "ReadAtUtc");
14:44:03 info: Microsoft.EntityFrameworkCore.Database.Command[20101] Executed DbCommand (0ms) [Parameters=[], CommandType='Text', CommandTimeout='30'] DROP INDEX IF EXISTS "IX_students_SchoolId_IdentityUserId";
14:44:03 info: Microsoft.EntityFrameworkCore.Database.Command[20101] Executed DbCommand (1ms) [Parameters=[], CommandType='Text', CommandTimeout='30'] CREATE UNIQUE INDEX IF NOT EXISTS "IX_students_SchoolId_IdentityUserId_UQ"
ON students ("SchoolId", "IdentityUserId")
WHERE "IdentityUserId" IS NOT NULL;
14:44:03 info: Microsoft.AspNetCore.DataProtection.KeyManagement.XmlKeyManager[63] User profile is available. Using 'C:\Users\filip\AppData\Local\ASP.NET\DataProtection-Keys' as key repository and Windows DPAPI to encrypt keys at rest.
14:44:03 fail: Microsoft.AspNetCore.DataProtection.XmlEncryption.DpapiXmlDecryptor[43] An exception occurred while trying to decrypt the element. System.Security.Cryptography.CryptographicException: Error occurred during a cryptographic operation.    at Microsoft.AspNetCore.DataProtection.Cng.DpapiSecretSerializerHelper.UnprotectWithDpapiCore(Byte* pbProtectedData, UInt32 cbProtectedData, Byte* pbOptionalEntropy, UInt32 cbOptionalEntropy)    at Microsoft.AspNetCore.DataProtection.Cng.DpapiSecretSerializerHelper.UnprotectWithDpapi(Byte[] protectedSecret)    at Microsoft.AspNetCore.DataProtection.XmlEncryption.DpapiXmlDecryptor.Decrypt(XElement encryptedElement)
14:44:03 fail: Microsoft.AspNetCore.DataProtection.KeyManagement.XmlKeyManager[24] An exception occurred while processing the key element '<key id="580135b0-fa5a-474d-b3fd-2e3d5e56fffe" version="1" />'. System.Security.Cryptography.CryptographicException: Error occurred during a cryptographic operation.    at Microsoft.AspNetCore.DataProtection.Cng.DpapiSecretSerializerHelper.UnprotectWithDpapiCore(Byte* pbProtectedData, UInt32 cbProtectedData, Byte* pbOptionalEntropy, UInt32 cbOptionalEntropy)    at Microsoft.AspNetCore.DataProtection.Cng.DpapiSecretSerializerHelper.UnprotectWithDpapi(Byte[] protectedSecret)    at Microsoft.AspNetCore.DataProtection.XmlEncryption.DpapiXmlDecryptor.Decrypt(XElement encryptedElement)    at Microsoft.AspNetCore.DataProtection.XmlEncryption.XmlEncryptionExtensions.DecryptElement(XElement element, IActivator activator)    at Microsoft.AspNetCore.DataProtection.KeyManagement.XmlKeyManager.Microsoft.AspNetCore.DataProtection.KeyManagement.Internal.IInternalXmlKeyManager.DeserializeDescriptorFromKeyElement(XElement keyElement)
14:44:03 warn: Microsoft.AspNetCore.DataProtection.KeyManagement.DefaultKeyResolver[12] Key {580135b0-fa5a-474d-b3fd-2e3d5e56fffe} is ineligible to be the default key because its CreateEncryptor method failed. System.Security.Cryptography.CryptographicException: Error occurred during a cryptographic operation.    at Microsoft.AspNetCore.DataProtection.Cng.DpapiSecretSerializerHelper.UnprotectWithDpapiCore(Byte* pbProtectedData, UInt32 cbProtectedData, Byte* pbOptionalEntropy, UInt32 cbOptionalEntropy)    at Microsoft.AspNetCore.DataProtection.Cng.DpapiSecretSerializerHelper.UnprotectWithDpapi(Byte[] protectedSecret)    at Microsoft.AspNetCore.DataProtection.XmlEncryption.DpapiXmlDecryptor.Decrypt(XElement encryptedElement)    at Microsoft.AspNetCore.DataProtection.XmlEncryption.XmlEncryptionExtensions.DecryptElement(XElement element, IActivator activator)    at Microsoft.AspNetCore.DataProtection.KeyManagement.XmlKeyManager.Microsoft.AspNetCore.DataProtection.KeyManagement.Internal.IInternalXmlKeyManager.DeserializeDescriptorFromKeyElement(XElement keyElement)    at System.Lazy`1.ViaFactory(LazyThreadSafetyMode mode)    at System.Lazy`1.ExecutionAndPublication(LazyHelper executionAndPublication, Boolean useDefaultConstructor)    at System.Lazy`1.CreateValue()    at Microsoft.AspNetCore.DataProtection.AuthenticatedEncryption.CngGcmAuthenticatedEncryptorFactory.CreateEncryptorInstance(IKey key)    at Microsoft.AspNetCore.DataProtection.KeyManagement.KeyBase.CreateEncryptor()    at Microsoft.AspNetCore.DataProtection.KeyManagement.DefaultKeyResolver.CanCreateAuthenticatedEncryptor(IKey key)
14:44:03 warn: Microsoft.AspNetCore.DataProtection.KeyManagement.DefaultKeyResolver[12] Key {580135b0-fa5a-474d-b3fd-2e3d5e56fffe} is ineligible to be the default key because its CreateEncryptor method failed. System.Security.Cryptography.CryptographicException: Error occurred during a cryptographic operation.    at Microsoft.AspNetCore.DataProtection.Cng.DpapiSecretSerializerHelper.UnprotectWithDpapiCore(Byte* pbProtectedData, UInt32 cbProtectedData, Byte* pbOptionalEntropy, UInt32 cbOptionalEntropy)    at Microsoft.AspNetCore.DataProtection.Cng.DpapiSecretSerializerHelper.UnprotectWithDpapi(Byte[] protectedSecret)    at Microsoft.AspNetCore.DataProtection.XmlEncryption.DpapiXmlDecryptor.Decrypt(XElement encryptedElement)    at Microsoft.AspNetCore.DataProtection.XmlEncryption.XmlEncryptionExtensions.DecryptElement(XElement element, IActivator activator)    at Microsoft.AspNetCore.DataProtection.KeyManagement.XmlKeyManager.Microsoft.AspNetCore.DataProtection.KeyManagement.Internal.IInternalXmlKeyManager.DeserializeDescriptorFromKeyElement(XElement keyElement)    at System.Lazy`1.ViaFactory(LazyThreadSafetyMode mode) --- End of stack trace from previous location ---    at System.Lazy`1.CreateValue()    at Microsoft.AspNetCore.DataProtection.AuthenticatedEncryption.CngGcmAuthenticatedEncryptorFactory.CreateEncryptorInstance(IKey key)    at Microsoft.AspNetCore.DataProtection.KeyManagement.KeyBase.CreateEncryptor()    at Microsoft.AspNetCore.DataProtection.KeyManagement.DefaultKeyResolver.CanCreateAuthenticatedEncryptor(IKey key)
14:44:03 fail: Microsoft.AspNetCore.DataProtection.XmlEncryption.DpapiXmlDecryptor[43] An exception occurred while trying to decrypt the element. System.Security.Cryptography.CryptographicException: Error occurred during a cryptographic operation.    at Microsoft.AspNetCore.DataProtection.Cng.DpapiSecretSerializerHelper.UnprotectWithDpapiCore(Byte* pbProtectedData, UInt32 cbProtectedData, Byte* pbOptionalEntropy, UInt32 cbOptionalEntropy)    at Microsoft.AspNetCore.DataProtection.Cng.DpapiSecretSerializerHelper.UnprotectWithDpapi(Byte[] protectedSecret)    at Microsoft.AspNetCore.DataProtection.XmlEncryption.DpapiXmlDecryptor.Decrypt(XElement encryptedElement)
14:44:03 fail: Microsoft.AspNetCore.DataProtection.KeyManagement.XmlKeyManager[24] An exception occurred while processing the key element '<key id="25288858-7997-4126-8693-b88c04416c79" version="1" />'. System.Security.Cryptography.CryptographicException: Error occurred during a cryptographic operation.    at Microsoft.AspNetCore.DataProtection.Cng.DpapiSecretSerializerHelper.UnprotectWithDpapiCore(Byte* pbProtectedData, UInt32 cbProtectedData, Byte* pbOptionalEntropy, UInt32 cbOptionalEntropy)    at Microsoft.AspNetCore.DataProtection.Cng.DpapiSecretSerializerHelper.UnprotectWithDpapi(Byte[] protectedSecret)    at Microsoft.AspNetCore.DataProtection.XmlEncryption.DpapiXmlDecryptor.Decrypt(XElement encryptedElement)    at Microsoft.AspNetCore.DataProtection.XmlEncryption.XmlEncryptionExtensions.DecryptElement(XElement element, IActivator activator)    at Microsoft.AspNetCore.DataProtection.KeyManagement.XmlKeyManager.Microsoft.AspNetCore.DataProtection.KeyManagement.Internal.IInternalXmlKeyManager.DeserializeDescriptorFromKeyElement(XElement keyElement)
14:44:03 warn: Microsoft.AspNetCore.DataProtection.KeyManagement.DefaultKeyResolver[12] Key {25288858-7997-4126-8693-b88c04416c79} is ineligible to be the default key because its CreateEncryptor method failed. System.Security.Cryptography.CryptographicException: Error occurred during a cryptographic operation.    at Microsoft.AspNetCore.DataProtection.Cng.DpapiSecretSerializerHelper.UnprotectWithDpapiCore(Byte* pbProtectedData, UInt32 cbProtectedData, Byte* pbOptionalEntropy, UInt32 cbOptionalEntropy)    at Microsoft.AspNetCore.DataProtection.Cng.DpapiSecretSerializerHelper.UnprotectWithDpapi(Byte[] protectedSecret)    at Microsoft.AspNetCore.DataProtection.XmlEncryption.DpapiXmlDecryptor.Decrypt(XElement encryptedElement)    at Microsoft.AspNetCore.DataProtection.XmlEncryption.XmlEncryptionExtensions.DecryptElement(XElement element, IActivator activator)    at Microsoft.AspNetCore.DataProtection.KeyManagement.XmlKeyManager.Microsoft.AspNetCore.DataProtection.KeyManagement.Internal.IInternalXmlKeyManager.DeserializeDescriptorFromKeyElement(XElement keyElement)    at System.Lazy`1.ViaFactory(LazyThreadSafetyMode mode)    at System.Lazy`1.ExecutionAndPublication(LazyHelper executionAndPublication, Boolean useDefaultConstructor)    at System.Lazy`1.CreateValue()    at Microsoft.AspNetCore.DataProtection.AuthenticatedEncryption.CngGcmAuthenticatedEncryptorFactory.CreateEncryptorInstance(IKey key)    at Microsoft.AspNetCore.DataProtection.KeyManagement.KeyBase.CreateEncryptor()    at Microsoft.AspNetCore.DataProtection.KeyManagement.DefaultKeyResolver.CanCreateAuthenticatedEncryptor(IKey key)
14:44:03 warn: Microsoft.AspNetCore.DataProtection.KeyManagement.DefaultKeyResolver[12] Key {25288858-7997-4126-8693-b88c04416c79} is ineligible to be the default key because its CreateEncryptor method failed. System.Security.Cryptography.CryptographicException: Error occurred during a cryptographic operation.    at Microsoft.AspNetCore.DataProtection.Cng.DpapiSecretSerializerHelper.UnprotectWithDpapiCore(Byte* pbProtectedData, UInt32 cbProtectedData, Byte* pbOptionalEntropy, UInt32 cbOptionalEntropy)    at Microsoft.AspNetCore.DataProtection.Cng.DpapiSecretSerializerHelper.UnprotectWithDpapi(Byte[] protectedSecret)    at Microsoft.AspNetCore.DataProtection.XmlEncryption.DpapiXmlDecryptor.Decrypt(XElement encryptedElement)    at Microsoft.AspNetCore.DataProtection.XmlEncryption.XmlEncryptionExtensions.DecryptElement(XElement element, IActivator activator)    at Microsoft.AspNetCore.DataProtection.KeyManagement.XmlKeyManager.Microsoft.AspNetCore.DataProtection.KeyManagement.Internal.IInternalXmlKeyManager.DeserializeDescriptorFromKeyElement(XElement keyElement)    at System.Lazy`1.ViaFactory(LazyThreadSafetyMode mode) --- End of stack trace from previous location ---    at System.Lazy`1.CreateValue()    at Microsoft.AspNetCore.DataProtection.AuthenticatedEncryption.CngGcmAuthenticatedEncryptorFactory.CreateEncryptorInstance(IKey key)    at Microsoft.AspNetCore.DataProtection.KeyManagement.KeyBase.CreateEncryptor()    at Microsoft.AspNetCore.DataProtection.KeyManagement.DefaultKeyResolver.CanCreateAuthenticatedEncryptor(IKey key)
14:44:03 warn: Microsoft.AspNetCore.DataProtection.KeyManagement.DefaultKeyResolver[12] Key {580135b0-fa5a-474d-b3fd-2e3d5e56fffe} is ineligible to be the default key because its CreateEncryptor method failed. System.Security.Cryptography.CryptographicException: Error occurred during a cryptographic operation.    at Microsoft.AspNetCore.DataProtection.Cng.DpapiSecretSerializerHelper.UnprotectWithDpapiCore(Byte* pbProtectedData, UInt32 cbProtectedData, Byte* pbOptionalEntropy, UInt32 cbOptionalEntropy)    at Microsoft.AspNetCore.DataProtection.Cng.DpapiSecretSerializerHelper.UnprotectWithDpapi(Byte[] protectedSecret)    at Microsoft.AspNetCore.DataProtection.XmlEncryption.DpapiXmlDecryptor.Decrypt(XElement encryptedElement)    at Microsoft.AspNetCore.DataProtection.XmlEncryption.XmlEncryptionExtensions.DecryptElement(XElement element, IActivator activator)    at Microsoft.AspNetCore.DataProtection.KeyManagement.XmlKeyManager.Microsoft.AspNetCore.DataProtection.KeyManagement.Internal.IInternalXmlKeyManager.DeserializeDescriptorFromKeyElement(XElement keyElement)    at System.Lazy`1.ViaFactory(LazyThreadSafetyMode mode) --- End of stack trace from previous location ---    at System.Lazy`1.CreateValue()    at Microsoft.AspNetCore.DataProtection.AuthenticatedEncryption.CngGcmAuthenticatedEncryptorFactory.CreateEncryptorInstance(IKey key)    at Microsoft.AspNetCore.DataProtection.KeyManagement.KeyBase.CreateEncryptor()    at Microsoft.AspNetCore.DataProtection.KeyManagement.DefaultKeyResolver.CanCreateAuthenticatedEncryptor(IKey key)
14:44:03 info: Microsoft.AspNetCore.DataProtection.KeyManagement.XmlKeyManager[58] Creating key {712c1700-5263-4188-9e9b-045be92f33df} with creation date 2026-03-14 17:44:03Z, activation date 2026-03-14 17:44:03Z, and expiration date 2026-06-12 17:44:03Z.
14:44:03 fail: Microsoft.AspNetCore.DataProtection.KeyManagement.KeyRingProvider[48] An error occurred while reading the key ring. System.UnauthorizedAccessException: Access to the path 'C:\Users\filip\AppData\Local\ASP.NET\DataProtection-Keys\29ff08b6-637a-4710-b391-986609de6bb7.tmp' is denied.    at Microsoft.Win32.SafeHandles.SafeFileHandle.CreateFile(String fullPath, FileMode mode, FileAccess access, FileShare share, FileOptions options)    at Microsoft.Win32.SafeHandles.SafeFileHandle.Open(String fullPath, FileMode mode, FileAccess access, FileShare share, FileOptions options, Int64 preallocationSize, Nullable`1 unixCreateMode)    at System.IO.Strategies.OSFileStreamStrategy..ctor(String path, FileMode mode, FileAccess access, FileShare share, FileOptions options, Int64 preallocationSize, Nullable`1 unixCreateMode)    at System.IO.Strategies.FileStreamHelpers.ChooseStrategyCore(String path, FileMode mode, FileAccess access, FileShare share, FileOptions options, Int64 preallocationSize, Nullable`1 unixCreateMode)    at System.IO.File.OpenWrite(String path)    at Microsoft.AspNetCore.DataProtection.Repositories.FileSystemXmlRepository.StoreElementCore(XElement element, String filename)    at Microsoft.AspNetCore.DataProtection.Repositories.FileSystemXmlRepository.StoreElement(XElement element, String friendlyName)    at Microsoft.AspNetCore.DataProtection.KeyManagement.XmlKeyManager.Microsoft.AspNetCore.DataProtection.KeyManagement.Internal.IInternalXmlKeyManager.CreateNewKey(Guid keyId, DateTimeOffset creationDate, DateTimeOffset activationDate, DateTimeOffset expirationDate)    at Microsoft.AspNetCore.DataProtection.KeyManagement.XmlKeyManager.CreateNewKey(DateTimeOffset activationDate, DateTimeOffset expirationDate)    at Microsoft.AspNetCore.DataProtection.KeyManagement.KeyRingProvider.CreateCacheableKeyRingCore(DateTimeOffset now, IKey keyJustAdded)    at Microsoft.AspNetCore.DataProtection.KeyManagement.KeyRingProvider.GetCurrentKeyRingCore(DateTime utcNow, Boolean forceRefresh)
14:44:03 info: Microsoft.AspNetCore.DataProtection.Internal.DataProtectionHostedService[66] Key ring failed to load during application startup. System.UnauthorizedAccessException: Access to the path 'C:\Users\filip\AppData\Local\ASP.NET\DataProtection-Keys\29ff08b6-637a-4710-b391-986609de6bb7.tmp' is denied.    at Microsoft.Win32.SafeHandles.SafeFileHandle.CreateFile(String fullPath, FileMode mode, FileAccess access, FileShare share, FileOptions options)    at Microsoft.Win32.SafeHandles.SafeFileHandle.Open(String fullPath, FileMode mode, FileAccess access, FileShare share, FileOptions options, Int64 preallocationSize, Nullable`1 unixCreateMode)    at System.IO.Strategies.OSFileStreamStrategy..ctor(String path, FileMode mode, FileAccess access, FileShare share, FileOptions options, Int64 preallocationSize, Nullable`1 unixCreateMode)    at System.IO.Strategies.FileStreamHelpers.ChooseStrategyCore(String path, FileMode mode, FileAccess access, FileShare share, FileOptions options, Int64 preallocationSize, Nullable`1 unixCreateMode)    at System.IO.File.OpenWrite(String path)    at Microsoft.AspNetCore.DataProtection.Repositories.FileSystemXmlRepository.StoreElementCore(XElement element, String filename)    at Microsoft.AspNetCore.DataProtection.Repositories.FileSystemXmlRepository.StoreElement(XElement element, String friendlyName)    at Microsoft.AspNetCore.DataProtection.KeyManagement.XmlKeyManager.Microsoft.AspNetCore.DataProtection.KeyManagement.Internal.IInternalXmlKeyManager.CreateNewKey(Guid keyId, DateTimeOffset creationDate, DateTimeOffset activationDate, DateTimeOffset expirationDate)    at Microsoft.AspNetCore.DataProtection.KeyManagement.XmlKeyManager.CreateNewKey(DateTimeOffset activationDate, DateTimeOffset expirationDate)    at Microsoft.AspNetCore.DataProtection.KeyManagement.KeyRingProvider.CreateCacheableKeyRingCore(DateTimeOffset now, IKey keyJustAdded)    at Microsoft.AspNetCore.DataProtection.KeyManagement.KeyRingProvider.GetCurrentKeyRingCore(DateTime utcNow, Boolean forceRefresh)    at Microsoft.AspNetCore.DataProtection.Internal.DataProtectionHostedService.StartAsync(CancellationToken token)
14:44:03 info: Microsoft.Hosting.Lifetime[14] Now listening on: http://localhost:7003
14:44:03 info: Microsoft.Hosting.Lifetime[0] Application started. Press Ctrl+C to shut down.
14:44:03 info: Microsoft.Hosting.Lifetime[0] Hosting environment: Production
14:44:03 info: Microsoft.Hosting.Lifetime[0] Content root path: C:\Users\filip\Documents\Kiteflow\KiteFlow\src\backend\services\Academics\KiteFlow.Services.Academics.Api
14:44:04 info: Microsoft.AspNetCore.Hosting.Diagnostics[1] Request starting HTTP/1.1 GET http://localhost:7003/swagger - - -
14:44:04 info: Microsoft.AspNetCore.Hosting.Diagnostics[2] Request finished HTTP/1.1 GET http://localhost:7003/swagger - 301 0 - 23.1341ms
14:44:04 info: Microsoft.AspNetCore.Hosting.Diagnostics[1] Request starting HTTP/1.1 GET http://localhost:7003/swagger/index.html - - -
14:44:04 info: Microsoft.AspNetCore.Hosting.Diagnostics[2] Request finished HTTP/1.1 GET http://localhost:7003/swagger/index.html - 200 - text/html;charset=utf-8 32.6906ms
14:44:18 info: Microsoft.AspNetCore.Hosting.Diagnostics[1] Request starting HTTP/1.1 POST http://localhost:7003/api/v1/students - application/json 167
14:44:18 info: Microsoft.AspNetCore.Routing.EndpointMiddleware[0] Executing endpoint 'KiteFlow.Services.Academics.Api.Controllers.StudentsController.Create (KiteFlow.Services.Academics.Api)'
14:44:18 info: Microsoft.AspNetCore.Mvc.Infrastructure.ControllerActionInvoker[102] Route matched with {action = "Create", controller = "Students"}. Executing controller action with signature System.Threading.Tasks.Task`1[Microsoft.AspNetCore.Mvc.IActionResult] Create(UpsertStudentRequest) on controller KiteFlow.Services.Academics.Api.Controllers.StudentsController (KiteFlow.Services.Academics.Api).
14:44:18 info: Microsoft.EntityFrameworkCore.Database.Command[20101] Executed DbCommand (29ms) [Parameters=[@p0='?' (DbType = Guid), @p1='?' (DbType = Date), @p2='?' (DbType = DateTime), @p3='?', @p4='?', @p5='?', @p6='?' (DbType = DateTime), @p7='?', @p8='?' (DbType = Guid), @p9='?' (DbType = Boolean), @p10='?', @p11='?', @p12='?' (DbType = Guid)], CommandType='Text', CommandTimeout='30'] INSERT INTO students ("Id", "BirthDate", "CreatedAtUtc", "Email", "EmergencyContactName", "EmergencyContactPhone", "FirstStandUpAtUtc", "FullName", "IdentityUserId", "IsActive", "MedicalNotes", "Phone", "SchoolId") VALUES (@p0, @p1, @p2, @p3, @p4, @p5, @p6, @p7, @p8, @p9, @p10, @p11, @p12);
14:44:18 info: Microsoft.AspNetCore.Mvc.Infrastructure.ObjectResultExecutor[1] Executing CreatedAtActionResult, writing value of type '<>f__AnonymousType50`1[[System.Guid, System.Private.CoreLib, Version=8.0.0.0, Culture=neutral, PublicKeyToken=7cec85d7bea7798e]]'.
14:44:18 info: Microsoft.AspNetCore.Mvc.Infrastructure.ControllerActionInvoker[105] Executed action KiteFlow.Services.Academics.Api.Controllers.StudentsController.Create (KiteFlow.Services.Academics.Api) in 194.7681ms
14:44:18 info: Microsoft.AspNetCore.Routing.EndpointMiddleware[1] Executed endpoint 'KiteFlow.Services.Academics.Api.Controllers.StudentsController.Create (KiteFlow.Services.Academics.Api)'
14:44:18 info: Microsoft.AspNetCore.Hosting.Diagnostics[2] Request finished HTTP/1.1 POST http://localhost:7003/api/v1/students - 201 - application/json;+charset=utf-8 254.9695ms
14:44:18 info: Microsoft.AspNetCore.Hosting.Diagnostics[1] Request starting HTTP/1.1 POST http://localhost:7003/api/v1/instructors - application/json 246
14:44:18 info: Microsoft.AspNetCore.Routing.EndpointMiddleware[0] Executing endpoint 'KiteFlow.Services.Academics.Api.Controllers.InstructorsController.Create (KiteFlow.Services.Academics.Api)'
14:44:18 info: Microsoft.AspNetCore.Mvc.Infrastructure.ControllerActionInvoker[102] Route matched with {action = "Create", controller = "Instructors"}. Executing controller action with signature System.Threading.Tasks.Task`1[Microsoft.AspNetCore.Mvc.IActionResult] Create(UpsertInstructorRequest) on controller KiteFlow.Services.Academics.Api.Controllers.InstructorsController (KiteFlow.Services.Academics.Api).
14:44:18 info: Microsoft.EntityFrameworkCore.Database.Command[20101] Executed DbCommand (4ms) [Parameters=[@p0='?' (DbType = Guid), @p1='?' (DbType = DateTime), @p2='?', @p3='?', @p4='?' (DbType = Decimal), @p5='?' (DbType = Guid), @p6='?' (DbType = Boolean), @p7='?', @p8='?' (DbType = Guid), @p9='?'], CommandType='Text', CommandTimeout='30'] INSERT INTO instructors ("Id", "CreatedAtUtc", "Email", "FullName", "HourlyRate", "IdentityUserId", "IsActive", "Phone", "SchoolId", "Specialties") VALUES (@p0, @p1, @p2, @p3, @p4, @p5, @p6, @p7, @p8, @p9);
14:44:18 info: Microsoft.AspNetCore.Mvc.Infrastructure.ObjectResultExecutor[1] Executing CreatedAtActionResult, writing value of type '<>f__AnonymousType20`1[[System.Guid, System.Private.CoreLib, Version=8.0.0.0, Culture=neutral, PublicKeyToken=7cec85d7bea7798e]]'.
14:44:18 info: Microsoft.AspNetCore.Mvc.Infrastructure.ControllerActionInvoker[105] Executed action KiteFlow.Services.Academics.Api.Controllers.InstructorsController.Create (KiteFlow.Services.Academics.Api) in 66.7548ms
14:44:18 info: Microsoft.AspNetCore.Routing.EndpointMiddleware[1] Executed endpoint 'KiteFlow.Services.Academics.Api.Controllers.InstructorsController.Create (KiteFlow.Services.Academics.Api)'
14:44:18 info: Microsoft.AspNetCore.Hosting.Diagnostics[2] Request finished HTTP/1.1 POST http://localhost:7003/api/v1/instructors - 201 - application/json;+charset=utf-8 72.2379ms
14:44:18 info: Microsoft.AspNetCore.Hosting.Diagnostics[1] Request starting HTTP/1.1 POST http://localhost:7003/api/v1/courses - application/json 109
14:44:18 info: Microsoft.AspNetCore.Routing.EndpointMiddleware[0] Executing endpoint 'KiteFlow.Services.Academics.Api.Controllers.CoursesController.Create (KiteFlow.Services.Academics.Api)'
14:44:18 info: Microsoft.AspNetCore.Mvc.Infrastructure.ControllerActionInvoker[102] Route matched with {action = "Create", controller = "Courses"}. Executing controller action with signature System.Threading.Tasks.Task`1[Microsoft.AspNetCore.Mvc.IActionResult] Create(UpsertCourseRequest) on controller KiteFlow.Services.Academics.Api.Controllers.CoursesController (KiteFlow.Services.Academics.Api).
14:44:18 info: Microsoft.EntityFrameworkCore.Database.Command[20101] Executed DbCommand (2ms) [Parameters=[@__schoolId_0='?' (DbType = Guid), @__request_Level_1='?' (DbType = Int32)], CommandType='Text', CommandTimeout='30'] SELECT EXISTS (     SELECT 1     FROM courses AS c     WHERE c."SchoolId" = @__schoolId_0 AND c."Level" = @__request_Level_1)
14:44:18 info: Microsoft.EntityFrameworkCore.Database.Command[20101] Executed DbCommand (2ms) [Parameters=[@p0='?' (DbType = Guid), @p1='?' (DbType = DateTime), @p2='?' (DbType = Boolean), @p3='?' (DbType = Int32), @p4='?', @p5='?' (DbType = Decimal), @p6='?' (DbType = Guid), @p7='?' (DbType = Int32)], CommandType='Text', CommandTimeout='30'] INSERT INTO courses ("Id", "CreatedAtUtc", "IsActive", "Level", "Name", "Price", "SchoolId", "TotalMinutes") VALUES (@p0, @p1, @p2, @p3, @p4, @p5, @p6, @p7);
14:44:18 info: Microsoft.AspNetCore.Mvc.Infrastructure.ObjectResultExecutor[1] Executing CreatedAtActionResult, writing value of type '<>f__AnonymousType15`1[[System.Guid, System.Private.CoreLib, Version=8.0.0.0, Culture=neutral, PublicKeyToken=7cec85d7bea7798e]]'.
14:44:18 info: Microsoft.AspNetCore.Mvc.Infrastructure.ControllerActionInvoker[105] Executed action KiteFlow.Services.Academics.Api.Controllers.CoursesController.Create (KiteFlow.Services.Academics.Api) in 167.2314ms
14:44:18 info: Microsoft.AspNetCore.Routing.EndpointMiddleware[1] Executed endpoint 'KiteFlow.Services.Academics.Api.Controllers.CoursesController.Create (KiteFlow.Services.Academics.Api)'
14:44:18 info: Microsoft.AspNetCore.Hosting.Diagnostics[2] Request finished HTTP/1.1 POST http://localhost:7003/api/v1/courses - 201 - application/json;+charset=utf-8 171.4397ms
14:44:18 info: Microsoft.AspNetCore.Hosting.Diagnostics[1] Request starting HTTP/1.1 GET http://localhost:7003/api/v1/courses - - -
14:44:18 info: Microsoft.AspNetCore.Routing.EndpointMiddleware[0] Executing endpoint 'KiteFlow.Services.Academics.Api.Controllers.CoursesController.GetAll (KiteFlow.Services.Academics.Api)'
14:44:18 info: Microsoft.AspNetCore.Mvc.Infrastructure.ControllerActionInvoker[102] Route matched with {action = "GetAll", controller = "Courses"}. Executing controller action with signature System.Threading.Tasks.Task`1[Microsoft.AspNetCore.Mvc.IActionResult] GetAll() on controller KiteFlow.Services.Academics.Api.Controllers.CoursesController (KiteFlow.Services.Academics.Api).
14:44:18 info: Microsoft.EntityFrameworkCore.Database.Command[20101] Executed DbCommand (1ms) [Parameters=[@__schoolId_0='?' (DbType = Guid)], CommandType='Text', CommandTimeout='30'] SELECT c."Id", c."Name", c."Level", c."TotalMinutes", round(c."TotalMinutes"::numeric / 60.0, 2), c."Price", c."IsActive" FROM courses AS c WHERE c."SchoolId" = @__schoolId_0 ORDER BY c."Level"
14:44:18 info: Microsoft.AspNetCore.Mvc.Infrastructure.ObjectResultExecutor[1] Executing OkObjectResult, writing value of type 'System.Collections.Generic.List`1[[<>f__AnonymousType13`7[[System.Guid, System.Private.CoreLib, Version=8.0.0.0, Culture=neutral, PublicKeyToken=7cec85d7bea7798e],[System.String, System.Private.CoreLib, Version=8.0.0.0, Culture=neutral, PublicKeyToken=7cec85d7bea7798e],[System.String, System.Private.CoreLib, Version=8.0.0.0, Culture=neutral, PublicKeyToken=7cec85d7bea7798e],[System.Int32, System.Private.CoreLib, Version=8.0.0.0, Culture=neutral, PublicKeyToken=7cec85d7bea7798e],[System.Decimal, System.Private.CoreLib, Version=8.0.0.0, Culture=neutral, PublicKeyToken=7cec85d7bea7798e],[System.Decimal, System.Private.CoreLib, Version=8.0.0.0, Culture=neutral, PublicKeyToken=7cec85d7bea7798e],[System.Boolean, System.Private.CoreLib, Version=8.0.0.0, Culture=neutral, PublicKeyToken=7cec85d7bea7798e]], KiteFlow.Services.Academics.Api, Version=1.0.0.0, Culture=neutral, PublicKeyToken=null]]'.
14:44:18 info: Microsoft.AspNetCore.Mvc.Infrastructure.ControllerActionInvoker[105] Executed action KiteFlow.Services.Academics.Api.Controllers.CoursesController.GetAll (KiteFlow.Services.Academics.Api) in 47.5836ms
14:44:18 info: Microsoft.AspNetCore.Routing.EndpointMiddleware[1] Executed endpoint 'KiteFlow.Services.Academics.Api.Controllers.CoursesController.GetAll (KiteFlow.Services.Academics.Api)'
14:44:18 info: Microsoft.AspNetCore.Hosting.Diagnostics[2] Request finished HTTP/1.1 GET http://localhost:7003/api/v1/courses - 200 - application/json;+charset=utf-8 50.2005ms
14:44:18 info: Microsoft.AspNetCore.Hosting.Diagnostics[1] Request starting HTTP/1.1 POST http://localhost:7003/api/v1/enrollments - application/json 174
14:44:18 info: Microsoft.AspNetCore.Routing.EndpointMiddleware[0] Executing endpoint 'KiteFlow.Services.Academics.Api.Controllers.EnrollmentsController.Create (KiteFlow.Services.Academics.Api)'
14:44:18 info: Microsoft.AspNetCore.Mvc.Infrastructure.ControllerActionInvoker[102] Route matched with {action = "Create", controller = "Enrollments"}. Executing controller action with signature System.Threading.Tasks.Task`1[Microsoft.AspNetCore.Mvc.IActionResult] Create(CreateEnrollmentRequest) on controller KiteFlow.Services.Academics.Api.Controllers.EnrollmentsController (KiteFlow.Services.Academics.Api).
14:44:18 info: Microsoft.EntityFrameworkCore.Database.Command[20101] Executed DbCommand (1ms) [Parameters=[@__request_StudentId_0='?' (DbType = Guid), @__schoolId_1='?' (DbType = Guid)], CommandType='Text', CommandTimeout='30'] SELECT s."Id", s."BirthDate", s."CreatedAtUtc", s."Email", s."EmergencyContactName", s."EmergencyContactPhone", s."FirstStandUpAtUtc", s."FullName", s."IdentityUserId", s."IsActive", s."MedicalNotes", s."Phone", s."SchoolId" FROM students AS s WHERE s."Id" = @__request_StudentId_0 AND s."SchoolId" = @__schoolId_1 AND s."IsActive" LIMIT 1
14:44:18 info: Microsoft.EntityFrameworkCore.Database.Command[20101] Executed DbCommand (1ms) [Parameters=[@__request_CourseId_0='?' (DbType = Guid), @__schoolId_1='?' (DbType = Guid)], CommandType='Text', CommandTimeout='30'] SELECT c."Id", c."CreatedAtUtc", c."IsActive", c."Level", c."Name", c."Price", c."SchoolId", c."TotalMinutes" FROM courses AS c WHERE c."Id" = @__request_CourseId_0 AND c."SchoolId" = @__schoolId_1 AND c."IsActive" LIMIT 1
14:44:18 info: Microsoft.EntityFrameworkCore.Database.Command[20101] Executed DbCommand (1ms) [Parameters=[@__schoolId_0='?' (DbType = Guid), @__request_StudentId_1='?' (DbType = Guid), @__request_CourseId_2='?' (DbType = Guid)], CommandType='Text', CommandTimeout='30'] SELECT EXISTS (     SELECT 1     FROM enrollments AS e     WHERE e."SchoolId" = @__schoolId_0 AND e."StudentId" = @__request_StudentId_1 AND e."CourseId" = @__request_CourseId_2 AND e."Status" = 1)
14:44:18 info: Microsoft.EntityFrameworkCore.Database.Command[20101] Executed DbCommand (2ms) [Parameters=[@p0='?' (DbType = Guid), @p1='?' (DbType = Guid), @p2='?' (DbType = Decimal), @p3='?' (DbType = DateTime), @p4='?' (DbType = DateTime), @p5='?' (DbType = Int32), @p6='?' (DbType = Guid), @p7='?' (DbType = DateTime), @p8='?' (DbType = Int32), @p9='?' (DbType = Guid), @p10='?' (DbType = Int32)], CommandType='Text', CommandTimeout='30'] INSERT INTO enrollments ("Id", "CourseId", "CoursePriceSnapshot", "CreatedAtUtc", "EndedAtUtc", "IncludedMinutesSnapshot", "SchoolId", "StartedAtUtc", "Status", "StudentId", "UsedMinutes") VALUES (@p0, @p1, @p2, @p3, @p4, @p5, @p6, @p7, @p8, @p9, @p10);
14:44:18 info: Microsoft.AspNetCore.Mvc.Infrastructure.ObjectResultExecutor[1] Executing CreatedAtActionResult, writing value of type '<>f__AnonymousType18`3[[System.Guid, System.Private.CoreLib, Version=8.0.0.0, Culture=neutral, PublicKeyToken=7cec85d7bea7798e],[System.Int32, System.Private.CoreLib, Version=8.0.0.0, Culture=neutral, PublicKeyToken=7cec85d7bea7798e],[System.Decimal, System.Private.CoreLib, Version=8.0.0.0, Culture=neutral, PublicKeyToken=7cec85d7bea7798e]]'.
14:44:18 info: Microsoft.AspNetCore.Mvc.Infrastructure.ControllerActionInvoker[105] Executed action KiteFlow.Services.Academics.Api.Controllers.EnrollmentsController.Create (KiteFlow.Services.Academics.Api) in 67.0394ms
14:44:18 info: Microsoft.AspNetCore.Routing.EndpointMiddleware[1] Executed endpoint 'KiteFlow.Services.Academics.Api.Controllers.EnrollmentsController.Create (KiteFlow.Services.Academics.Api)'
14:44:18 info: Microsoft.AspNetCore.Hosting.Diagnostics[2] Request finished HTTP/1.1 POST http://localhost:7003/api/v1/enrollments - 201 - application/json;+charset=utf-8 69.9476ms
14:44:18 info: Microsoft.AspNetCore.Hosting.Diagnostics[1] Request starting HTTP/1.1 POST http://localhost:7003/api/v1/lessons - application/json 397
14:44:18 info: Microsoft.AspNetCore.Routing.EndpointMiddleware[0] Executing endpoint 'KiteFlow.Services.Academics.Api.Controllers.LessonsController.Create (KiteFlow.Services.Academics.Api)'
14:44:18 info: Microsoft.AspNetCore.Mvc.Infrastructure.ControllerActionInvoker[102] Route matched with {action = "Create", controller = "Lessons"}. Executing controller action with signature System.Threading.Tasks.Task`1[Microsoft.AspNetCore.Mvc.IActionResult] Create(CreateLessonRequest) on controller KiteFlow.Services.Academics.Api.Controllers.LessonsController (KiteFlow.Services.Academics.Api).
14:44:18 info: Microsoft.EntityFrameworkCore.Database.Command[20101] Executed DbCommand (1ms) [Parameters=[@__studentId_0='?' (DbType = Guid), @__schoolId_1='?' (DbType = Guid)], CommandType='Text', CommandTimeout='30'] SELECT EXISTS (     SELECT 1     FROM students AS s     WHERE s."Id" = @__studentId_0 AND s."SchoolId" = @__schoolId_1 AND s."IsActive")
14:44:18 info: Microsoft.EntityFrameworkCore.Database.Command[20101] Executed DbCommand (1ms) [Parameters=[@__instructorId_0='?' (DbType = Guid), @__schoolId_1='?' (DbType = Guid)], CommandType='Text', CommandTimeout='30'] SELECT EXISTS (     SELECT 1     FROM instructors AS i     WHERE i."Id" = @__instructorId_0 AND i."SchoolId" = @__schoolId_1 AND i."IsActive")
14:44:18 info: Microsoft.EntityFrameworkCore.Database.Command[20101] Executed DbCommand (1ms) [Parameters=[@__lesson_EnrollmentId_Value_0='?' (DbType = Guid), @__schoolId_1='?' (DbType = Guid), @__lesson_StudentId_2='?' (DbType = Guid)], CommandType='Text', CommandTimeout='30'] SELECT e."Id", e."CourseId", e."CoursePriceSnapshot", e."CreatedAtUtc", e."EndedAtUtc", e."IncludedMinutesSnapshot", e."SchoolId", e."StartedAtUtc", e."Status", e."StudentId", e."UsedMinutes" FROM enrollments AS e WHERE e."Id" = @__lesson_EnrollmentId_Value_0 AND e."SchoolId" = @__schoolId_1 AND e."StudentId" = @__lesson_StudentId_2 LIMIT 1
14:44:18 info: Microsoft.EntityFrameworkCore.Database.Command[20101] Executed DbCommand (35ms) [Parameters=[@__enrollmentIds_0='?' (DbType = Object), @__schoolId_1='?' (DbType = Guid)], CommandType='Text', CommandTimeout='30'] SELECT e."Id", e."CourseId", e."CoursePriceSnapshot", e."CreatedAtUtc", e."EndedAtUtc", e."IncludedMinutesSnapshot", e."SchoolId", e."StartedAtUtc", e."Status", e."StudentId", e."UsedMinutes" FROM enrollments AS e WHERE e."Id" = ANY (@__enrollmentIds_0) AND e."SchoolId" = @__schoolId_1
14:44:18 info: Microsoft.EntityFrameworkCore.Database.Command[20101] Executed DbCommand (2ms) [Parameters=[@p0='?' (DbType = Guid), @p1='?' (DbType = DateTime), @p2='?' (DbType = Int32), @p3='?' (DbType = Guid), @p4='?' (DbType = Guid), @p5='?' (DbType = DateTime), @p6='?', @p7='?' (DbType = Guid), @p9='?' (DbType = Guid), @p8='?' (DbType = Int32), @p10='?' (DbType = Guid), @p11='?' (DbType = DateTime), @p12='?' (DbType = Int32), @p13='?' (DbType = Guid), @p14='?' (DbType = Guid), @p15='?' (DbType = Int32), @p16='?', @p17='?' (DbType = Guid), @p18='?' (DbType = Decimal), @p19='?' (DbType = DateTime), @p20='?' (DbType = Int32), @p21='?', @p22='?' (DbType = DateTime), @p23='?' (DbType = Guid)], CommandType='Text', CommandTimeout='30'] INSERT INTO enrollment_balance_ledger ("Id", "CreatedAtUtc", "DeltaMinutes", "EnrollmentId", "LessonId", "OccurredAtUtc", "Reason", "SchoolId") VALUES (@p0, @p1, @p2, @p3, @p4, @p5, @p6, @p7); UPDATE enrollments SET "UsedMinutes" = @p8 WHERE "Id" = @p9; INSERT INTO lessons ("Id", "CreatedAtUtc", "DurationMinutes", "EnrollmentId", "InstructorId", "Kind", "Notes", "SchoolId", "SingleLessonPrice", "StartAtUtc", "Status", "StudentConfirmationNote", "StudentConfirmedAtUtc", "StudentId") VALUES (@p10, @p11, @p12, @p13, @p14, @p15, @p16, @p17, @p18, @p19, @p20, @p21, @p22, @p23);
14:44:18 info: Microsoft.AspNetCore.Mvc.Infrastructure.ObjectResultExecutor[1] Executing CreatedAtActionResult, writing value of type '<>f__AnonymousType22`1[[System.Guid, System.Private.CoreLib, Version=8.0.0.0, Culture=neutral, PublicKeyToken=7cec85d7bea7798e]]'.
14:44:18 info: Microsoft.AspNetCore.Mvc.Infrastructure.ControllerActionInvoker[105] Executed action KiteFlow.Services.Academics.Api.Controllers.LessonsController.Create (KiteFlow.Services.Academics.Api) in 144.8829ms
14:44:18 info: Microsoft.AspNetCore.Routing.EndpointMiddleware[1] Executed endpoint 'KiteFlow.Services.Academics.Api.Controllers.LessonsController.Create (KiteFlow.Services.Academics.Api)'
14:44:18 info: Microsoft.AspNetCore.Hosting.Diagnostics[2] Request finished HTTP/1.1 POST http://localhost:7003/api/v1/lessons - 201 - application/json;+charset=utf-8 147.5340ms
14:44:19 info: Microsoft.AspNetCore.Hosting.Diagnostics[1] Request starting HTTP/1.1 GET http://localhost:7003/api/v1/academics/overview - - -
14:44:19 info: Microsoft.AspNetCore.Routing.EndpointMiddleware[0] Executing endpoint 'KiteFlow.Services.Academics.Api.Controllers.AcademicsOverviewController.GetOverview (KiteFlow.Services.Academics.Api)'
14:44:19 info: Microsoft.AspNetCore.Mvc.Infrastructure.ControllerActionInvoker[102] Route matched with {action = "GetOverview", controller = "AcademicsOverview"}. Executing controller action with signature System.Threading.Tasks.Task`1[Microsoft.AspNetCore.Mvc.IActionResult] GetOverview(System.Nullable`1[System.DateTime], System.Nullable`1[System.DateTime]) on controller KiteFlow.Services.Academics.Api.Controllers.AcademicsOverviewController (KiteFlow.Services.Academics.Api).
14:44:19 info: Microsoft.EntityFrameworkCore.Database.Command[20101] Executed DbCommand (1ms) [Parameters=[@__schoolId_0='?' (DbType = Guid)], CommandType='Text', CommandTimeout='30'] SELECT count(*)::int FROM enrollments AS e WHERE e."SchoolId" = @__schoolId_0 AND e."Status" = 1
14:44:19 info: Microsoft.EntityFrameworkCore.Database.Command[20101] Executed DbCommand (1ms) [Parameters=[@__schoolId_0='?' (DbType = Guid)], CommandType='Text', CommandTimeout='30'] SELECT count(*)::int FROM lessons AS l WHERE l."SchoolId" = @__schoolId_0 AND l."Status" = 1
14:44:19 info: Microsoft.EntityFrameworkCore.Database.Command[20101] Executed DbCommand (1ms) [Parameters=[@__schoolId_0='?' (DbType = Guid)], CommandType='Text', CommandTimeout='30'] SELECT count(*)::int FROM lessons AS l WHERE l."SchoolId" = @__schoolId_0 AND l."Status" = 3
14:44:19 info: Microsoft.EntityFrameworkCore.Database.Command[20101] Executed DbCommand (1ms) [Parameters=[@__schoolId_0='?' (DbType = Guid)], CommandType='Text', CommandTimeout='30'] SELECT l."InstructorId", t."FullName", l."StartAtUtc", l."DurationMinutes", t."HourlyRate" FROM lessons AS l INNER JOIN (     SELECT i."Id", i."FullName", i."HourlyRate"     FROM instructors AS i     WHERE i."SchoolId" = @__schoolId_0 ) AS t ON l."InstructorId" = t."Id" WHERE l."SchoolId" = @__schoolId_0 AND l."Status" = 3
14:44:19 info: Microsoft.EntityFrameworkCore.Database.Command[20101] Executed DbCommand (1ms) [Parameters=[@__schoolId_0='?' (DbType = Guid)], CommandType='Text', CommandTimeout='30'] SELECT l."Status", count(*)::int FROM lessons AS l WHERE l."SchoolId" = @__schoolId_0 GROUP BY l."Status"
14:44:19 info: Microsoft.EntityFrameworkCore.Database.Command[20101] Executed DbCommand (1ms) [Parameters=[@__schoolId_0='?' (DbType = Guid)], CommandType='Text', CommandTimeout='30'] SELECT l."InstructorId" AS "instructorId", count(*)::int AS total, count(*) FILTER (WHERE l."Status" = 3)::int AS realized, count(*) FILTER (WHERE l."Status" = 7)::int AS "noShow", count(*) FILTER (WHERE l."Status" IN (5, 6))::int AS cancelled, count(*) FILTER (WHERE l."Status" = 4)::int AS rescheduled FROM lessons AS l WHERE l."SchoolId" = @__schoolId_0 GROUP BY l."InstructorId"
14:44:19 info: Microsoft.EntityFrameworkCore.Database.Command[20101] Executed DbCommand (1ms) [Parameters=[@__schoolId_0='?' (DbType = Guid)], CommandType='Text', CommandTimeout='30'] SELECT t."Key" AS day, count(*)::int AS "totalLessons", count(*) FILTER (WHERE t."Status" = 3)::int AS "realizedLessons", count(*) FILTER (WHERE t."Status" IN (5, 6, 7))::int AS "cancelledLessons" FROM (     SELECT l."Status", date_trunc('day', l."StartAtUtc", 'UTC') AS "Key"     FROM lessons AS l     WHERE l."SchoolId" = @__schoolId_0 ) AS t GROUP BY t."Key" ORDER BY t."Key"
14:44:19 info: Microsoft.EntityFrameworkCore.Database.Command[20101] Executed DbCommand (1ms) [Parameters=[@__schoolId_0='?' (DbType = Guid)], CommandType='Text', CommandTimeout='30'] SELECT i."Id", i."FullName" FROM instructors AS i WHERE i."SchoolId" = @__schoolId_0
14:44:19 info: Microsoft.EntityFrameworkCore.Database.Command[20101] Executed DbCommand (1ms) [Parameters=[@__schoolId_0='?' (DbType = Guid)], CommandType='Text', CommandTimeout='30'] SELECT count(*)::int FROM students AS s WHERE s."SchoolId" = @__schoolId_0 AND s."IsActive"
14:44:19 info: Microsoft.EntityFrameworkCore.Database.Command[20101] Executed DbCommand (1ms) [Parameters=[@__schoolId_0='?' (DbType = Guid)], CommandType='Text', CommandTimeout='30'] SELECT count(*)::int FROM instructors AS i WHERE i."SchoolId" = @__schoolId_0 AND i."IsActive"
14:44:19 info: Microsoft.EntityFrameworkCore.Database.Command[20101] Executed DbCommand (1ms) [Parameters=[@__schoolId_0='?' (DbType = Guid)], CommandType='Text', CommandTimeout='30'] SELECT count(*)::int FROM courses AS c WHERE c."SchoolId" = @__schoolId_0 AND c."IsActive"
14:44:19 info: Microsoft.EntityFrameworkCore.Database.Command[20101] Executed DbCommand (1ms) [Parameters=[@__schoolId_0='?' (DbType = Guid), @__todayStart_1='?' (DbType = DateTime), @__tomorrowStart_2='?' (DbType = DateTime)], CommandType='Text', CommandTimeout='30'] SELECT count(*)::int FROM lessons AS l WHERE l."SchoolId" = @__schoolId_0 AND l."StartAtUtc" >= @__todayStart_1 AND l."StartAtUtc" < @__tomorrowStart_2
14:44:19 info: Microsoft.AspNetCore.Mvc.Infrastructure.ObjectResultExecutor[1] Executing OkObjectResult, writing value of type '<>f__AnonymousType10`19[[System.Int32, System.Private.CoreLib, Version=8.0.0.0, Culture=neutral, PublicKeyToken=7cec85d7bea7798e],[System.Int32, System.Private.CoreLib, Version=8.0.0.0, Culture=neutral, PublicKeyToken=7cec85d7bea7798e],[System.Int32, System.Private.CoreLib, Version=8.0.0.0, Culture=neutral, PublicKeyToken=7cec85d7bea7798e],[System.Int32, System.Private.CoreLib, Version=8.0.0.0, Culture=neutral, PublicKeyToken=7cec85d7bea7798e],[System.Nullable`1[[System.DateTime, System.Private.CoreLib, Version=8.0.0.0, Culture=neutral, PublicKeyToken=7cec85d7bea7798e]], System.Private.CoreLib, Version=8.0.0.0, Culture=neutral, PublicKeyToken=7cec85d7bea7798e],[System.Nullable`1[[System.DateTime, System.Private.CoreLib, Version=8.0.0.0, Culture=neutral, PublicKeyToken=7cec85d7bea7798e]], System.Private.CoreLib, Version=8.0.0.0, Culture=neutral, PublicKeyToken=7cec85d7bea7798e],[System.Int32, System.Private.CoreLib, Version=8.0.0.0, Culture=neutral, PublicKeyToken=7cec85d7bea7798e],[System.Int32, System.Private.CoreLib, Version=8.0.0.0, Culture=neutral, PublicKeyToken=7cec85d7bea7798e],[System.Int32, System.Private.CoreLib, Version=8.0.0.0, Culture=neutral, PublicKeyToken=7cec85d7bea7798e],[System.Decimal, System.Private.CoreLib, Version=8.0.0.0, Culture=neutral, PublicKeyToken=7cec85d7bea7798e],[System.Int32, System.Private.CoreLib, Version=8.0.0.0, Culture=neutral, PublicKeyToken=7cec85d7bea7798e],[System.Collections.Generic.List`1[[<>f__AnonymousType3`2[[System.String, System.Private.CoreLib, Version=8.0.0.0, Culture=neutral, PublicKeyToken=7cec85d7bea7798e],[System.Int32, System.Private.CoreLib, Version=8.0.0.0, Culture=neutral, PublicKeyToken=7cec85d7bea7798e]], KiteFlow.Services.Academics.Api, Version=1.0.0.0, Culture=neutral, PublicKeyToken=null]], System.Private.CoreLib, Version=8.0.0.0, Culture=neutral, PublicKeyToken=7cec85d7bea7798e],[System.Collections.Generic.IEnumerable`1[[<>f__AnonymousType11`5[[System.DateTime, System.Private.CoreLib, Version=8.0.0.0, Culture=neutral, PublicKeyToken=7cec85d7bea7798e],[System.String, System.Private.CoreLib, Version=8.0.0.0, Culture=neutral, PublicKeyToken=7cec85d7bea7798e],[System.Int32, System.Private.CoreLib, Version=8.0.0.0, Culture=neutral, PublicKeyToken=7cec85d7bea7798e],[System.Int32, System.Private.CoreLib, Version=8.0.0.0, Culture=neutral, PublicKeyToken=7cec85d7bea7798e],[System.Int32, System.Private.CoreLib, Version=8.0.0.0, Culture=neutral, PublicKeyToken=7cec85d7bea7798e]], KiteFlow.Services.Academics.Api, Version=1.0.0.0, Culture=neutral, PublicKeyToken=null]], System.Private.CoreLib, Version=8.0.0.0, Culture=neutral, PublicKeyToken=7cec85d7bea7798e],[System.Int32, System.Private.CoreLib, Version=8.0.0.0, Culture=neutral, PublicKeyToken=7cec85d7bea7798e],[System.Decimal, System.Private.CoreLib, Version=8.0.0.0, Culture=neutral, PublicKeyToken=7cec85d7bea7798e],[System.Collections.Generic.IEnumerable`1[[<>f__AnonymousType7`4[[System.DateTime, System.Private.CoreLib, Version=8.0.0.0, Culture=neutral, PublicKeyToken=7cec85d7bea7798e],[System.String, System.Private.CoreLib, Version=8.0.0.0, Culture=neutral, PublicKeyToken=7cec85d7bea7798e],[System.Int32, System.Private.CoreLib, Version=8.0.0.0, Culture=neutral, PublicKeyToken=7cec85d7bea7798e],[System.Decimal, System.Private.CoreLib, Version=8.0.0.0, Culture=neutral, PublicKeyToken=7cec85d7bea7798e]], KiteFlow.Services.Academics.Api, Version=1.0.0.0, Culture=neutral, PublicKeyToken=null]], System.Private.CoreLib, Version=8.0.0.0, Culture=neutral, PublicKeyToken=7cec85d7bea7798e],[System.Collections.Generic.IEnumerable`1[[<>f__AnonymousType9`4[[System.Guid, System.Private.CoreLib, Version=8.0.0.0, Culture=neutral, PublicKeyToken=7cec85d7bea7798e],[System.String, System.Private.CoreLib, Version=8.0.0.0, Culture=neutral, PublicKeyToken=7cec85d7bea7798e],[System.Int32, System.Private.CoreLib, Version=8.0.0.0, Culture=neutral, PublicKeyToken=7cec85d7bea7798e],[System.Decimal, System.Private.CoreLib, Version=8.0.0.0, Culture=neutral, PublicKeyToken=7cec85d7bea7798e]], KiteFlow.Services.Academics.Api, Version=1.0.0.0, Culture=neutral, PublicKeyToken=null]], System.Private.CoreLib, Version=8.0.0.0, Culture=neutral, PublicKeyToken=7cec85d7bea7798e],[System.Collections.Generic.IEnumerable`1[[<>f__AnonymousType12`7[[System.Guid, System.Private.CoreLib, Version=8.0.0.0, Culture=neutral, PublicKeyToken=7cec85d7bea7798e],[System.String, System.Private.CoreLib, Version=8.0.0.0, Culture=neutral, PublicKeyToken=7cec85d7bea7798e],[System.Int32, System.Private.CoreLib, Version=8.0.0.0, Culture=neutral, PublicKeyToken=7cec85d7bea7798e],[System.Int32, System.Private.CoreLib, Version=8.0.0.0, Culture=neutral, PublicKeyToken=7cec85d7bea7798e],[System.Int32, System.Private.CoreLib, Version=8.0.0.0, Culture=neutral, PublicKeyToken=7cec85d7bea7798e],[System.Int32, System.Private.CoreLib, Version=8.0.0.0, Culture=neutral, PublicKeyToken=7cec85d7bea7798e],[System.Int32, System.Private.CoreLib, Version=8.0.0.0, Culture=neutral, PublicKeyToken=7cec85d7bea7798e]], KiteFlow.Services.Academics.Api, Version=1.0.0.0, Culture=neutral, PublicKeyToken=null]], System.Private.CoreLib, Version=8.0.0.0, Culture=neutral, PublicKeyToken=7cec85d7bea7798e],[System.String[], System.Private.CoreLib, Version=8.0.0.0, Culture=neutral, PublicKeyToken=7cec85d7bea7798e]]'.
14:44:19 info: Microsoft.AspNetCore.Mvc.Infrastructure.ControllerActionInvoker[105] Executed action KiteFlow.Services.Academics.Api.Controllers.AcademicsOverviewController.GetOverview (KiteFlow.Services.Academics.Api) in 98.6408ms
14:44:19 info: Microsoft.AspNetCore.Routing.EndpointMiddleware[1] Executed endpoint 'KiteFlow.Services.Academics.Api.Controllers.AcademicsOverviewController.GetOverview (KiteFlow.Services.Academics.Api)'
14:44:19 info: Microsoft.AspNetCore.Hosting.Diagnostics[2] Request finished HTTP/1.1 GET http://localhost:7003/api/v1/academics/overview - 200 - application/json;+charset=utf-8 102.1473ms
14:44:20 info: Microsoft.AspNetCore.Hosting.Diagnostics[1] Request starting HTTP/1.1 GET http://localhost:7003/api/v1/academics/overview - - -
14:44:20 info: Microsoft.AspNetCore.Routing.EndpointMiddleware[0] Executing endpoint 'KiteFlow.Services.Academics.Api.Controllers.AcademicsOverviewController.GetOverview (KiteFlow.Services.Academics.Api)'
14:44:20 info: Microsoft.AspNetCore.Mvc.Infrastructure.ControllerActionInvoker[102] Route matched with {action = "GetOverview", controller = "AcademicsOverview"}. Executing controller action with signature System.Threading.Tasks.Task`1[Microsoft.AspNetCore.Mvc.IActionResult] GetOverview(System.Nullable`1[System.DateTime], System.Nullable`1[System.DateTime]) on controller KiteFlow.Services.Academics.Api.Controllers.AcademicsOverviewController (KiteFlow.Services.Academics.Api).
14:44:20 info: Microsoft.EntityFrameworkCore.Database.Command[20101] Executed DbCommand (1ms) [Parameters=[@__schoolId_0='?' (DbType = Guid)], CommandType='Text', CommandTimeout='30'] SELECT count(*)::int FROM enrollments AS e WHERE e."SchoolId" = @__schoolId_0 AND e."Status" = 1
14:44:20 info: Microsoft.EntityFrameworkCore.Database.Command[20101] Executed DbCommand (1ms) [Parameters=[@__schoolId_0='?' (DbType = Guid)], CommandType='Text', CommandTimeout='30'] SELECT count(*)::int FROM lessons AS l WHERE l."SchoolId" = @__schoolId_0 AND l."Status" = 1
14:44:20 info: Microsoft.EntityFrameworkCore.Database.Command[20101] Executed DbCommand (1ms) [Parameters=[@__schoolId_0='?' (DbType = Guid)], CommandType='Text', CommandTimeout='30'] SELECT count(*)::int FROM lessons AS l WHERE l."SchoolId" = @__schoolId_0 AND l."Status" = 3
14:44:20 info: Microsoft.EntityFrameworkCore.Database.Command[20101] Executed DbCommand (1ms) [Parameters=[@__schoolId_0='?' (DbType = Guid)], CommandType='Text', CommandTimeout='30'] SELECT l."InstructorId", t."FullName", l."StartAtUtc", l."DurationMinutes", t."HourlyRate" FROM lessons AS l INNER JOIN (     SELECT i."Id", i."FullName", i."HourlyRate"     FROM instructors AS i     WHERE i."SchoolId" = @__schoolId_0 ) AS t ON l."InstructorId" = t."Id" WHERE l."SchoolId" = @__schoolId_0 AND l."Status" = 3
14:44:20 info: Microsoft.EntityFrameworkCore.Database.Command[20101] Executed DbCommand (1ms) [Parameters=[@__schoolId_0='?' (DbType = Guid)], CommandType='Text', CommandTimeout='30'] SELECT l."Status", count(*)::int FROM lessons AS l WHERE l."SchoolId" = @__schoolId_0 GROUP BY l."Status"
14:44:20 info: Microsoft.EntityFrameworkCore.Database.Command[20101] Executed DbCommand (1ms) [Parameters=[@__schoolId_0='?' (DbType = Guid)], CommandType='Text', CommandTimeout='30'] SELECT l."InstructorId" AS "instructorId", count(*)::int AS total, count(*) FILTER (WHERE l."Status" = 3)::int AS realized, count(*) FILTER (WHERE l."Status" = 7)::int AS "noShow", count(*) FILTER (WHERE l."Status" IN (5, 6))::int AS cancelled, count(*) FILTER (WHERE l."Status" = 4)::int AS rescheduled FROM lessons AS l WHERE l."SchoolId" = @__schoolId_0 GROUP BY l."InstructorId"
14:44:20 info: Microsoft.EntityFrameworkCore.Database.Command[20101] Executed DbCommand (1ms) [Parameters=[@__schoolId_0='?' (DbType = Guid)], CommandType='Text', CommandTimeout='30'] SELECT t."Key" AS day, count(*)::int AS "totalLessons", count(*) FILTER (WHERE t."Status" = 3)::int AS "realizedLessons", count(*) FILTER (WHERE t."Status" IN (5, 6, 7))::int AS "cancelledLessons" FROM (     SELECT l."Status", date_trunc('day', l."StartAtUtc", 'UTC') AS "Key"     FROM lessons AS l     WHERE l."SchoolId" = @__schoolId_0 ) AS t GROUP BY t."Key" ORDER BY t."Key"
14:44:20 info: Microsoft.EntityFrameworkCore.Database.Command[20101] Executed DbCommand (1ms) [Parameters=[@__schoolId_0='?' (DbType = Guid)], CommandType='Text', CommandTimeout='30'] SELECT i."Id", i."FullName" FROM instructors AS i WHERE i."SchoolId" = @__schoolId_0
14:44:20 info: Microsoft.EntityFrameworkCore.Database.Command[20101] Executed DbCommand (1ms) [Parameters=[@__schoolId_0='?' (DbType = Guid)], CommandType='Text', CommandTimeout='30'] SELECT count(*)::int FROM students AS s WHERE s."SchoolId" = @__schoolId_0 AND s."IsActive"
14:44:20 info: Microsoft.EntityFrameworkCore.Database.Command[20101] Executed DbCommand (1ms) [Parameters=[@__schoolId_0='?' (DbType = Guid)], CommandType='Text', CommandTimeout='30'] SELECT count(*)::int FROM instructors AS i WHERE i."SchoolId" = @__schoolId_0 AND i."IsActive"
14:44:20 info: Microsoft.EntityFrameworkCore.Database.Command[20101] Executed DbCommand (1ms) [Parameters=[@__schoolId_0='?' (DbType = Guid)], CommandType='Text', CommandTimeout='30'] SELECT count(*)::int FROM courses AS c WHERE c."SchoolId" = @__schoolId_0 AND c."IsActive"
14:44:20 info: Microsoft.EntityFrameworkCore.Database.Command[20101] Executed DbCommand (1ms) [Parameters=[@__schoolId_0='?' (DbType = Guid), @__todayStart_1='?' (DbType = DateTime), @__tomorrowStart_2='?' (DbType = DateTime)], CommandType='Text', CommandTimeout='30'] SELECT count(*)::int FROM lessons AS l WHERE l."SchoolId" = @__schoolId_0 AND l."StartAtUtc" >= @__todayStart_1 AND l."StartAtUtc" < @__tomorrowStart_2
14:44:20 info: Microsoft.AspNetCore.Mvc.Infrastructure.ObjectResultExecutor[1] Executing OkObjectResult, writing value of type '<>f__AnonymousType10`19[[System.Int32, System.Private.CoreLib, Version=8.0.0.0, Culture=neutral, PublicKeyToken=7cec85d7bea7798e],[System.Int32, System.Private.CoreLib, Version=8.0.0.0, Culture=neutral, PublicKeyToken=7cec85d7bea7798e],[System.Int32, System.Private.CoreLib, Version=8.0.0.0, Culture=neutral, PublicKeyToken=7cec85d7bea7798e],[System.Int32, System.Private.CoreLib, Version=8.0.0.0, Culture=neutral, PublicKeyToken=7cec85d7bea7798e],[System.Nullable`1[[System.DateTime, System.Private.CoreLib, Version=8.0.0.0, Culture=neutral, PublicKeyToken=7cec85d7bea7798e]], System.Private.CoreLib, Version=8.0.0.0, Culture=neutral, PublicKeyToken=7cec85d7bea7798e],[System.Nullable`1[[System.DateTime, System.Private.CoreLib, Version=8.0.0.0, Culture=neutral, PublicKeyToken=7cec85d7bea7798e]], System.Private.CoreLib, Version=8.0.0.0, Culture=neutral, PublicKeyToken=7cec85d7bea7798e],[System.Int32, System.Private.CoreLib, Version=8.0.0.0, Culture=neutral, PublicKeyToken=7cec85d7bea7798e],[System.Int32, System.Private.CoreLib, Version=8.0.0.0, Culture=neutral, PublicKeyToken=7cec85d7bea7798e],[System.Int32, System.Private.CoreLib, Version=8.0.0.0, Culture=neutral, PublicKeyToken=7cec85d7bea7798e],[System.Decimal, System.Private.CoreLib, Version=8.0.0.0, Culture=neutral, PublicKeyToken=7cec85d7bea7798e],[System.Int32, System.Private.CoreLib, Version=8.0.0.0, Culture=neutral, PublicKeyToken=7cec85d7bea7798e],[System.Collections.Generic.List`1[[<>f__AnonymousType3`2[[System.String, System.Private.CoreLib, Version=8.0.0.0, Culture=neutral, PublicKeyToken=7cec85d7bea7798e],[System.Int32, System.Private.CoreLib, Version=8.0.0.0, Culture=neutral, PublicKeyToken=7cec85d7bea7798e]], KiteFlow.Services.Academics.Api, Version=1.0.0.0, Culture=neutral, PublicKeyToken=null]], System.Private.CoreLib, Version=8.0.0.0, Culture=neutral, PublicKeyToken=7cec85d7bea7798e],[System.Collections.Generic.IEnumerable`1[[<>f__AnonymousType11`5[[System.DateTime, System.Private.CoreLib, Version=8.0.0.0, Culture=neutral, PublicKeyToken=7cec85d7bea7798e],[System.String, System.Private.CoreLib, Version=8.0.0.0, Culture=neutral, PublicKeyToken=7cec85d7bea7798e],[System.Int32, System.Private.CoreLib, Version=8.0.0.0, Culture=neutral, PublicKeyToken=7cec85d7bea7798e],[System.Int32, System.Private.CoreLib, Version=8.0.0.0, Culture=neutral, PublicKeyToken=7cec85d7bea7798e],[System.Int32, System.Private.CoreLib, Version=8.0.0.0, Culture=neutral, PublicKeyToken=7cec85d7bea7798e]], KiteFlow.Services.Academics.Api, Version=1.0.0.0, Culture=neutral, PublicKeyToken=null]], System.Private.CoreLib, Version=8.0.0.0, Culture=neutral, PublicKeyToken=7cec85d7bea7798e],[System.Int32, System.Private.CoreLib, Version=8.0.0.0, Culture=neutral, PublicKeyToken=7cec85d7bea7798e],[System.Decimal, System.Private.CoreLib, Version=8.0.0.0, Culture=neutral, PublicKeyToken=7cec85d7bea7798e],[System.Collections.Generic.IEnumerable`1[[<>f__AnonymousType7`4[[System.DateTime, System.Private.CoreLib, Version=8.0.0.0, Culture=neutral, PublicKeyToken=7cec85d7bea7798e],[System.String, System.Private.CoreLib, Version=8.0.0.0, Culture=neutral, PublicKeyToken=7cec85d7bea7798e],[System.Int32, System.Private.CoreLib, Version=8.0.0.0, Culture=neutral, PublicKeyToken=7cec85d7bea7798e],[System.Decimal, System.Private.CoreLib, Version=8.0.0.0, Culture=neutral, PublicKeyToken=7cec85d7bea7798e]], KiteFlow.Services.Academics.Api, Version=1.0.0.0, Culture=neutral, PublicKeyToken=null]], System.Private.CoreLib, Version=8.0.0.0, Culture=neutral, PublicKeyToken=7cec85d7bea7798e],[System.Collections.Generic.IEnumerable`1[[<>f__AnonymousType9`4[[System.Guid, System.Private.CoreLib, Version=8.0.0.0, Culture=neutral, PublicKeyToken=7cec85d7bea7798e],[System.String, System.Private.CoreLib, Version=8.0.0.0, Culture=neutral, PublicKeyToken=7cec85d7bea7798e],[System.Int32, System.Private.CoreLib, Version=8.0.0.0, Culture=neutral, PublicKeyToken=7cec85d7bea7798e],[System.Decimal, System.Private.CoreLib, Version=8.0.0.0, Culture=neutral, PublicKeyToken=7cec85d7bea7798e]], KiteFlow.Services.Academics.Api, Version=1.0.0.0, Culture=neutral, PublicKeyToken=null]], System.Private.CoreLib, Version=8.0.0.0, Culture=neutral, PublicKeyToken=7cec85d7bea7798e],[System.Collections.Generic.IEnumerable`1[[<>f__AnonymousType12`7[[System.Guid, System.Private.CoreLib, Version=8.0.0.0, Culture=neutral, PublicKeyToken=7cec85d7bea7798e],[System.String, System.Private.CoreLib, Version=8.0.0.0, Culture=neutral, PublicKeyToken=7cec85d7bea7798e],[System.Int32, System.Private.CoreLib, Version=8.0.0.0, Culture=neutral, PublicKeyToken=7cec85d7bea7798e],[System.Int32, System.Private.CoreLib, Version=8.0.0.0, Culture=neutral, PublicKeyToken=7cec85d7bea7798e],[System.Int32, System.Private.CoreLib, Version=8.0.0.0, Culture=neutral, PublicKeyToken=7cec85d7bea7798e],[System.Int32, System.Private.CoreLib, Version=8.0.0.0, Culture=neutral, PublicKeyToken=7cec85d7bea7798e],[System.Int32, System.Private.CoreLib, Version=8.0.0.0, Culture=neutral, PublicKeyToken=7cec85d7bea7798e]], KiteFlow.Services.Academics.Api, Version=1.0.0.0, Culture=neutral, PublicKeyToken=null]], System.Private.CoreLib, Version=8.0.0.0, Culture=neutral, PublicKeyToken=7cec85d7bea7798e],[System.String[], System.Private.CoreLib, Version=8.0.0.0, Culture=neutral, PublicKeyToken=7cec85d7bea7798e]]'.
14:44:20 info: Microsoft.AspNetCore.Mvc.Infrastructure.ControllerActionInvoker[105] Executed action KiteFlow.Services.Academics.Api.Controllers.AcademicsOverviewController.GetOverview (KiteFlow.Services.Academics.Api) in 13.0701ms
14:44:20 info: Microsoft.AspNetCore.Routing.EndpointMiddleware[1] Executed endpoint 'KiteFlow.Services.Academics.Api.Controllers.AcademicsOverviewController.GetOverview (KiteFlow.Services.Academics.Api)'
14:44:20 info: Microsoft.AspNetCore.Hosting.Diagnostics[2] Request finished HTTP/1.1 GET http://localhost:7003/api/v1/academics/overview - 200 - application/json;+charset=utf-8 13.7719ms
14:44:20 info: Microsoft.AspNetCore.Hosting.Diagnostics[1] Request starting HTTP/1.1 GET http://localhost:7003/api/v1/instructors - - -
14:44:20 info: Microsoft.AspNetCore.Routing.EndpointMiddleware[0] Executing endpoint 'KiteFlow.Services.Academics.Api.Controllers.InstructorsController.GetAll (KiteFlow.Services.Academics.Api)'
14:44:20 info: Microsoft.AspNetCore.Mvc.Infrastructure.ControllerActionInvoker[102] Route matched with {action = "GetAll", controller = "Instructors"}. Executing controller action with signature System.Threading.Tasks.Task`1[Microsoft.AspNetCore.Mvc.IActionResult] GetAll(Boolean) on controller KiteFlow.Services.Academics.Api.Controllers.InstructorsController (KiteFlow.Services.Academics.Api).
14:44:20 info: Microsoft.EntityFrameworkCore.Database.Command[20101] Executed DbCommand (1ms) [Parameters=[@__schoolId_0='?' (DbType = Guid)], CommandType='Text', CommandTimeout='30'] SELECT i."Id", i."FullName", i."Email", i."Phone", i."Specialties", i."HourlyRate", i."IdentityUserId", i."IsActive", i."CreatedAtUtc" FROM instructors AS i WHERE i."SchoolId" = @__schoolId_0 AND i."IsActive" ORDER BY i."FullName"
14:44:20 info: Microsoft.AspNetCore.Mvc.Infrastructure.ObjectResultExecutor[1] Executing OkObjectResult, writing value of type 'System.Collections.Generic.List`1[[<>f__AnonymousType19`9[[System.Guid, System.Private.CoreLib, Version=8.0.0.0, Culture=neutral, PublicKeyToken=7cec85d7bea7798e],[System.String, System.Private.CoreLib, Version=8.0.0.0, Culture=neutral, PublicKeyToken=7cec85d7bea7798e],[System.String, System.Private.CoreLib, Version=8.0.0.0, Culture=neutral, PublicKeyToken=7cec85d7bea7798e],[System.String, System.Private.CoreLib, Version=8.0.0.0, Culture=neutral, PublicKeyToken=7cec85d7bea7798e],[System.String, System.Private.CoreLib, Version=8.0.0.0, Culture=neutral, PublicKeyToken=7cec85d7bea7798e],[System.Decimal, System.Private.CoreLib, Version=8.0.0.0, Culture=neutral, PublicKeyToken=7cec85d7bea7798e],[System.Nullable`1[[System.Guid, System.Private.CoreLib, Version=8.0.0.0, Culture=neutral, PublicKeyToken=7cec85d7bea7798e]], System.Private.CoreLib, Version=8.0.0.0, Culture=neutral, PublicKeyToken=7cec85d7bea7798e],[System.Boolean, System.Private.CoreLib, Version=8.0.0.0, Culture=neutral, PublicKeyToken=7cec85d7bea7798e],[System.DateTime, System.Private.CoreLib, Version=8.0.0.0, Culture=neutral, PublicKeyToken=7cec85d7bea7798e]], KiteFlow.Services.Academics.Api, Version=1.0.0.0, Culture=neutral, PublicKeyToken=null]]'.
14:44:20 info: Microsoft.AspNetCore.Mvc.Infrastructure.ControllerActionInvoker[105] Executed action KiteFlow.Services.Academics.Api.Controllers.InstructorsController.GetAll (KiteFlow.Services.Academics.Api) in 8.4914ms
14:44:20 info: Microsoft.AspNetCore.Routing.EndpointMiddleware[1] Executed endpoint 'KiteFlow.Services.Academics.Api.Controllers.InstructorsController.GetAll (KiteFlow.Services.Academics.Api)'
14:44:20 info: Microsoft.AspNetCore.Hosting.Diagnostics[2] Request finished HTTP/1.1 GET http://localhost:7003/api/v1/instructors - 200 - application/json;+charset=utf-8 12.0319ms
