14:44:15 info: Microsoft.AspNetCore.DataProtection.KeyManagement.XmlKeyManager[63] User profile is available. Using 'C:\Users\filip\AppData\Local\ASP.NET\DataProtection-Keys' as key repository and Windows DPAPI to encrypt keys at rest.
14:44:15 info: Yarp.ReverseProxy.Configuration.ConfigProvider.ConfigurationConfigProvider[1] Loading proxy data from config.
14:44:15 fail: Microsoft.AspNetCore.DataProtection.XmlEncryption.DpapiXmlDecryptor[43] An exception occurred while trying to decrypt the element. System.Security.Cryptography.CryptographicException: Error occurred during a cryptographic operation.    at Microsoft.AspNetCore.DataProtection.Cng.DpapiSecretSerializerHelper.UnprotectWithDpapiCore(Byte* pbProtectedData, UInt32 cbProtectedData, Byte* pbOptionalEntropy, UInt32 cbOptionalEntropy)    at Microsoft.AspNetCore.DataProtection.Cng.DpapiSecretSerializerHelper.UnprotectWithDpapi(Byte[] protectedSecret)    at Microsoft.AspNetCore.DataProtection.XmlEncryption.DpapiXmlDecryptor.Decrypt(XElement encryptedElement)
14:44:15 fail: Microsoft.AspNetCore.DataProtection.KeyManagement.XmlKeyManager[24] An exception occurred while processing the key element '<key id="580135b0-fa5a-474d-b3fd-2e3d5e56fffe" version="1" />'. System.Security.Cryptography.CryptographicException: Error occurred during a cryptographic operation.    at Microsoft.AspNetCore.DataProtection.Cng.DpapiSecretSerializerHelper.UnprotectWithDpapiCore(Byte* pbProtectedData, UInt32 cbProtectedData, Byte* pbOptionalEntropy, UInt32 cbOptionalEntropy)    at Microsoft.AspNetCore.DataProtection.Cng.DpapiSecretSerializerHelper.UnprotectWithDpapi(Byte[] protectedSecret)    at Microsoft.AspNetCore.DataProtection.XmlEncryption.DpapiXmlDecryptor.Decrypt(XElement encryptedElement)    at Microsoft.AspNetCore.DataProtection.XmlEncryption.XmlEncryptionExtensions.DecryptElement(XElement element, IActivator activator)    at Microsoft.AspNetCore.DataProtection.KeyManagement.XmlKeyManager.Microsoft.AspNetCore.DataProtection.KeyManagement.Internal.IInternalXmlKeyManager.DeserializeDescriptorFromKeyElement(XElement keyElement)
14:44:15 warn: Microsoft.AspNetCore.DataProtection.KeyManagement.DefaultKeyResolver[12] Key {580135b0-fa5a-474d-b3fd-2e3d5e56fffe} is ineligible to be the default key because its CreateEncryptor method failed. System.Security.Cryptography.CryptographicException: Error occurred during a cryptographic operation.    at Microsoft.AspNetCore.DataProtection.Cng.DpapiSecretSerializerHelper.UnprotectWithDpapiCore(Byte* pbProtectedData, UInt32 cbProtectedData, Byte* pbOptionalEntropy, UInt32 cbOptionalEntropy)    at Microsoft.AspNetCore.DataProtection.Cng.DpapiSecretSerializerHelper.UnprotectWithDpapi(Byte[] protectedSecret)    at Microsoft.AspNetCore.DataProtection.XmlEncryption.DpapiXmlDecryptor.Decrypt(XElement encryptedElement)    at Microsoft.AspNetCore.DataProtection.XmlEncryption.XmlEncryptionExtensions.DecryptElement(XElement element, IActivator activator)    at Microsoft.AspNetCore.DataProtection.KeyManagement.XmlKeyManager.Microsoft.AspNetCore.DataProtection.KeyManagement.Internal.IInternalXmlKeyManager.DeserializeDescriptorFromKeyElement(XElement keyElement)    at System.Lazy`1.ViaFactory(LazyThreadSafetyMode mode)    at System.Lazy`1.ExecutionAndPublication(LazyHelper executionAndPublication, Boolean useDefaultConstructor)    at System.Lazy`1.CreateValue()    at Microsoft.AspNetCore.DataProtection.AuthenticatedEncryption.CngGcmAuthenticatedEncryptorFactory.CreateEncryptorInstance(IKey key)    at Microsoft.AspNetCore.DataProtection.KeyManagement.KeyBase.CreateEncryptor()    at Microsoft.AspNetCore.DataProtection.KeyManagement.DefaultKeyResolver.CanCreateAuthenticatedEncryptor(IKey key)
14:44:15 warn: Microsoft.AspNetCore.DataProtection.KeyManagement.DefaultKeyResolver[12] Key {580135b0-fa5a-474d-b3fd-2e3d5e56fffe} is ineligible to be the default key because its CreateEncryptor method failed. System.Security.Cryptography.CryptographicException: Error occurred during a cryptographic operation.    at Microsoft.AspNetCore.DataProtection.Cng.DpapiSecretSerializerHelper.UnprotectWithDpapiCore(Byte* pbProtectedData, UInt32 cbProtectedData, Byte* pbOptionalEntropy, UInt32 cbOptionalEntropy)    at Microsoft.AspNetCore.DataProtection.Cng.DpapiSecretSerializerHelper.UnprotectWithDpapi(Byte[] protectedSecret)    at Microsoft.AspNetCore.DataProtection.XmlEncryption.DpapiXmlDecryptor.Decrypt(XElement encryptedElement)    at Microsoft.AspNetCore.DataProtection.XmlEncryption.XmlEncryptionExtensions.DecryptElement(XElement element, IActivator activator)    at Microsoft.AspNetCore.DataProtection.KeyManagement.XmlKeyManager.Microsoft.AspNetCore.DataProtection.KeyManagement.Internal.IInternalXmlKeyManager.DeserializeDescriptorFromKeyElement(XElement keyElement)    at System.Lazy`1.ViaFactory(LazyThreadSafetyMode mode) --- End of stack trace from previous location ---    at System.Lazy`1.CreateValue()    at Microsoft.AspNetCore.DataProtection.AuthenticatedEncryption.CngGcmAuthenticatedEncryptorFactory.CreateEncryptorInstance(IKey key)    at Microsoft.AspNetCore.DataProtection.KeyManagement.KeyBase.CreateEncryptor()    at Microsoft.AspNetCore.DataProtection.KeyManagement.DefaultKeyResolver.CanCreateAuthenticatedEncryptor(IKey key)
14:44:15 fail: Microsoft.AspNetCore.DataProtection.XmlEncryption.DpapiXmlDecryptor[43] An exception occurred while trying to decrypt the element. System.Security.Cryptography.CryptographicException: Error occurred during a cryptographic operation.    at Microsoft.AspNetCore.DataProtection.Cng.DpapiSecretSerializerHelper.UnprotectWithDpapiCore(Byte* pbProtectedData, UInt32 cbProtectedData, Byte* pbOptionalEntropy, UInt32 cbOptionalEntropy)    at Microsoft.AspNetCore.DataProtection.Cng.DpapiSecretSerializerHelper.UnprotectWithDpapi(Byte[] protectedSecret)    at Microsoft.AspNetCore.DataProtection.XmlEncryption.DpapiXmlDecryptor.Decrypt(XElement encryptedElement)
14:44:15 fail: Microsoft.AspNetCore.DataProtection.KeyManagement.XmlKeyManager[24] An exception occurred while processing the key element '<key id="25288858-7997-4126-8693-b88c04416c79" version="1" />'. System.Security.Cryptography.CryptographicException: Error occurred during a cryptographic operation.    at Microsoft.AspNetCore.DataProtection.Cng.DpapiSecretSerializerHelper.UnprotectWithDpapiCore(Byte* pbProtectedData, UInt32 cbProtectedData, Byte* pbOptionalEntropy, UInt32 cbOptionalEntropy)    at Microsoft.AspNetCore.DataProtection.Cng.DpapiSecretSerializerHelper.UnprotectWithDpapi(Byte[] protectedSecret)    at Microsoft.AspNetCore.DataProtection.XmlEncryption.DpapiXmlDecryptor.Decrypt(XElement encryptedElement)    at Microsoft.AspNetCore.DataProtection.XmlEncryption.XmlEncryptionExtensions.DecryptElement(XElement element, IActivator activator)    at Microsoft.AspNetCore.DataProtection.KeyManagement.XmlKeyManager.Microsoft.AspNetCore.DataProtection.KeyManagement.Internal.IInternalXmlKeyManager.DeserializeDescriptorFromKeyElement(XElement keyElement)
14:44:15 warn: Microsoft.AspNetCore.DataProtection.KeyManagement.DefaultKeyResolver[12] Key {25288858-7997-4126-8693-b88c04416c79} is ineligible to be the default key because its CreateEncryptor method failed. System.Security.Cryptography.CryptographicException: Error occurred during a cryptographic operation.    at Microsoft.AspNetCore.DataProtection.Cng.DpapiSecretSerializerHelper.UnprotectWithDpapiCore(Byte* pbProtectedData, UInt32 cbProtectedData, Byte* pbOptionalEntropy, UInt32 cbOptionalEntropy)    at Microsoft.AspNetCore.DataProtection.Cng.DpapiSecretSerializerHelper.UnprotectWithDpapi(Byte[] protectedSecret)    at Microsoft.AspNetCore.DataProtection.XmlEncryption.DpapiXmlDecryptor.Decrypt(XElement encryptedElement)    at Microsoft.AspNetCore.DataProtection.XmlEncryption.XmlEncryptionExtensions.DecryptElement(XElement element, IActivator activator)    at Microsoft.AspNetCore.DataProtection.KeyManagement.XmlKeyManager.Microsoft.AspNetCore.DataProtection.KeyManagement.Internal.IInternalXmlKeyManager.DeserializeDescriptorFromKeyElement(XElement keyElement)    at System.Lazy`1.ViaFactory(LazyThreadSafetyMode mode)    at System.Lazy`1.ExecutionAndPublication(LazyHelper executionAndPublication, Boolean useDefaultConstructor)    at System.Lazy`1.CreateValue()    at Microsoft.AspNetCore.DataProtection.AuthenticatedEncryption.CngGcmAuthenticatedEncryptorFactory.CreateEncryptorInstance(IKey key)    at Microsoft.AspNetCore.DataProtection.KeyManagement.KeyBase.CreateEncryptor()    at Microsoft.AspNetCore.DataProtection.KeyManagement.DefaultKeyResolver.CanCreateAuthenticatedEncryptor(IKey key)
14:44:15 warn: Microsoft.AspNetCore.DataProtection.KeyManagement.DefaultKeyResolver[12] Key {25288858-7997-4126-8693-b88c04416c79} is ineligible to be the default key because its CreateEncryptor method failed. System.Security.Cryptography.CryptographicException: Error occurred during a cryptographic operation.    at Microsoft.AspNetCore.DataProtection.Cng.DpapiSecretSerializerHelper.UnprotectWithDpapiCore(Byte* pbProtectedData, UInt32 cbProtectedData, Byte* pbOptionalEntropy, UInt32 cbOptionalEntropy)    at Microsoft.AspNetCore.DataProtection.Cng.DpapiSecretSerializerHelper.UnprotectWithDpapi(Byte[] protectedSecret)    at Microsoft.AspNetCore.DataProtection.XmlEncryption.DpapiXmlDecryptor.Decrypt(XElement encryptedElement)    at Microsoft.AspNetCore.DataProtection.XmlEncryption.XmlEncryptionExtensions.DecryptElement(XElement element, IActivator activator)    at Microsoft.AspNetCore.DataProtection.KeyManagement.XmlKeyManager.Microsoft.AspNetCore.DataProtection.KeyManagement.Internal.IInternalXmlKeyManager.DeserializeDescriptorFromKeyElement(XElement keyElement)    at System.Lazy`1.ViaFactory(LazyThreadSafetyMode mode) --- End of stack trace from previous location ---    at System.Lazy`1.CreateValue()    at Microsoft.AspNetCore.DataProtection.AuthenticatedEncryption.CngGcmAuthenticatedEncryptorFactory.CreateEncryptorInstance(IKey key)    at Microsoft.AspNetCore.DataProtection.KeyManagement.KeyBase.CreateEncryptor()    at Microsoft.AspNetCore.DataProtection.KeyManagement.DefaultKeyResolver.CanCreateAuthenticatedEncryptor(IKey key)
14:44:15 warn: Microsoft.AspNetCore.DataProtection.KeyManagement.DefaultKeyResolver[12] Key {580135b0-fa5a-474d-b3fd-2e3d5e56fffe} is ineligible to be the default key because its CreateEncryptor method failed. System.Security.Cryptography.CryptographicException: Error occurred during a cryptographic operation.    at Microsoft.AspNetCore.DataProtection.Cng.DpapiSecretSerializerHelper.UnprotectWithDpapiCore(Byte* pbProtectedData, UInt32 cbProtectedData, Byte* pbOptionalEntropy, UInt32 cbOptionalEntropy)    at Microsoft.AspNetCore.DataProtection.Cng.DpapiSecretSerializerHelper.UnprotectWithDpapi(Byte[] protectedSecret)    at Microsoft.AspNetCore.DataProtection.XmlEncryption.DpapiXmlDecryptor.Decrypt(XElement encryptedElement)    at Microsoft.AspNetCore.DataProtection.XmlEncryption.XmlEncryptionExtensions.DecryptElement(XElement element, IActivator activator)    at Microsoft.AspNetCore.DataProtection.KeyManagement.XmlKeyManager.Microsoft.AspNetCore.DataProtection.KeyManagement.Internal.IInternalXmlKeyManager.DeserializeDescriptorFromKeyElement(XElement keyElement)    at System.Lazy`1.ViaFactory(LazyThreadSafetyMode mode) --- End of stack trace from previous location ---    at System.Lazy`1.CreateValue()    at Microsoft.AspNetCore.DataProtection.AuthenticatedEncryption.CngGcmAuthenticatedEncryptorFactory.CreateEncryptorInstance(IKey key)    at Microsoft.AspNetCore.DataProtection.KeyManagement.KeyBase.CreateEncryptor()    at Microsoft.AspNetCore.DataProtection.KeyManagement.DefaultKeyResolver.CanCreateAuthenticatedEncryptor(IKey key)
14:44:15 info: Microsoft.AspNetCore.DataProtection.KeyManagement.XmlKeyManager[58] Creating key {22bafedc-532b-4597-b962-b2ec3dd4bb8e} with creation date 2026-03-14 17:44:15Z, activation date 2026-03-14 17:44:15Z, and expiration date 2026-06-12 17:44:15Z.
14:44:15 fail: Microsoft.AspNetCore.DataProtection.KeyManagement.KeyRingProvider[48] An error occurred while reading the key ring. System.UnauthorizedAccessException: Access to the path 'C:\Users\filip\AppData\Local\ASP.NET\DataProtection-Keys\693fd6f9-629e-48d6-af2b-f68a7bae6c58.tmp' is denied.    at Microsoft.Win32.SafeHandles.SafeFileHandle.CreateFile(String fullPath, FileMode mode, FileAccess access, FileShare share, FileOptions options)    at Microsoft.Win32.SafeHandles.SafeFileHandle.Open(String fullPath, FileMode mode, FileAccess access, FileShare share, FileOptions options, Int64 preallocationSize, Nullable`1 unixCreateMode)    at System.IO.Strategies.OSFileStreamStrategy..ctor(String path, FileMode mode, FileAccess access, FileShare share, FileOptions options, Int64 preallocationSize, Nullable`1 unixCreateMode)    at System.IO.Strategies.FileStreamHelpers.ChooseStrategyCore(String path, FileMode mode, FileAccess access, FileShare share, FileOptions options, Int64 preallocationSize, Nullable`1 unixCreateMode)    at System.IO.File.OpenWrite(String path)    at Microsoft.AspNetCore.DataProtection.Repositories.FileSystemXmlRepository.StoreElementCore(XElement element, String filename)    at Microsoft.AspNetCore.DataProtection.Repositories.FileSystemXmlRepository.StoreElement(XElement element, String friendlyName)    at Microsoft.AspNetCore.DataProtection.KeyManagement.XmlKeyManager.Microsoft.AspNetCore.DataProtection.KeyManagement.Internal.IInternalXmlKeyManager.CreateNewKey(Guid keyId, DateTimeOffset creationDate, DateTimeOffset activationDate, DateTimeOffset expirationDate)    at Microsoft.AspNetCore.DataProtection.KeyManagement.XmlKeyManager.CreateNewKey(DateTimeOffset activationDate, DateTimeOffset expirationDate)    at Microsoft.AspNetCore.DataProtection.KeyManagement.KeyRingProvider.CreateCacheableKeyRingCore(DateTimeOffset now, IKey keyJustAdded)    at Microsoft.AspNetCore.DataProtection.KeyManagement.KeyRingProvider.GetCurrentKeyRingCore(DateTime utcNow, Boolean forceRefresh)
14:44:15 info: Microsoft.AspNetCore.DataProtection.Internal.DataProtectionHostedService[66] Key ring failed to load during application startup. System.UnauthorizedAccessException: Access to the path 'C:\Users\filip\AppData\Local\ASP.NET\DataProtection-Keys\693fd6f9-629e-48d6-af2b-f68a7bae6c58.tmp' is denied.    at Microsoft.Win32.SafeHandles.SafeFileHandle.CreateFile(String fullPath, FileMode mode, FileAccess access, FileShare share, FileOptions options)    at Microsoft.Win32.SafeHandles.SafeFileHandle.Open(String fullPath, FileMode mode, FileAccess access, FileShare share, FileOptions options, Int64 preallocationSize, Nullable`1 unixCreateMode)    at System.IO.Strategies.OSFileStreamStrategy..ctor(String path, FileMode mode, FileAccess access, FileShare share, FileOptions options, Int64 preallocationSize, Nullable`1 unixCreateMode)    at System.IO.Strategies.FileStreamHelpers.ChooseStrategyCore(String path, FileMode mode, FileAccess access, FileShare share, FileOptions options, Int64 preallocationSize, Nullable`1 unixCreateMode)    at System.IO.File.OpenWrite(String path)    at Microsoft.AspNetCore.DataProtection.Repositories.FileSystemXmlRepository.StoreElementCore(XElement element, String filename)    at Microsoft.AspNetCore.DataProtection.Repositories.FileSystemXmlRepository.StoreElement(XElement element, String friendlyName)    at Microsoft.AspNetCore.DataProtection.KeyManagement.XmlKeyManager.Microsoft.AspNetCore.DataProtection.KeyManagement.Internal.IInternalXmlKeyManager.CreateNewKey(Guid keyId, DateTimeOffset creationDate, DateTimeOffset activationDate, DateTimeOffset expirationDate)    at Microsoft.AspNetCore.DataProtection.KeyManagement.XmlKeyManager.CreateNewKey(DateTimeOffset activationDate, DateTimeOffset expirationDate)    at Microsoft.AspNetCore.DataProtection.KeyManagement.KeyRingProvider.CreateCacheableKeyRingCore(DateTimeOffset now, IKey keyJustAdded)    at Microsoft.AspNetCore.DataProtection.KeyManagement.KeyRingProvider.GetCurrentKeyRingCore(DateTime utcNow, Boolean forceRefresh)    at Microsoft.AspNetCore.DataProtection.Internal.DataProtectionHostedService.StartAsync(CancellationToken token)
14:44:15 info: Microsoft.Hosting.Lifetime[14] Now listening on: http://localhost:7000
14:44:15 info: Microsoft.Hosting.Lifetime[0] Application started. Press Ctrl+C to shut down.
14:44:15 info: Microsoft.Hosting.Lifetime[0] Hosting environment: Production
14:44:15 info: Microsoft.Hosting.Lifetime[0] Content root path: C:\Users\filip\Documents\Kiteflow\KiteFlow\src\backend\gateway\KiteFlow.Gateway
14:44:15 info: Microsoft.AspNetCore.Hosting.Diagnostics[1] Request starting HTTP/1.1 GET http://localhost:7000/swagger - - -
14:44:16 info: Microsoft.AspNetCore.Hosting.Diagnostics[2] Request finished HTTP/1.1 GET http://localhost:7000/swagger - 301 0 - 21.4262ms
14:44:16 info: Microsoft.AspNetCore.Hosting.Diagnostics[1] Request starting HTTP/1.1 GET http://localhost:7000/swagger/index.html - - -
14:44:16 info: Microsoft.AspNetCore.Hosting.Diagnostics[2] Request finished HTTP/1.1 GET http://localhost:7000/swagger/index.html - 200 - text/html;charset=utf-8 31.6910ms
14:44:16 info: Microsoft.AspNetCore.Hosting.Diagnostics[1] Request starting HTTP/1.1 POST http://localhost:7000/api/v1/system/schools - application/json 561
14:44:16 info: Microsoft.AspNetCore.Routing.EndpointMiddleware[0] Executing endpoint 'KiteFlow.Gateway.Controllers.SystemSchoolsController.CreateSchool (KiteFlow.Gateway)'
14:44:16 info: Microsoft.AspNetCore.Mvc.Infrastructure.ControllerActionInvoker[102] Route matched with {action = "CreateSchool", controller = "SystemSchools"}. Executing controller action with signature System.Threading.Tasks.Task`1[Microsoft.AspNetCore.Mvc.IActionResult] CreateSchool(CreateSystemSchoolRequest, System.Threading.CancellationToken) on controller KiteFlow.Gateway.Controllers.SystemSchoolsController (KiteFlow.Gateway).
14:44:16 info: System.Net.Http.HttpClient.schools.LogicalHandler[100] Start processing HTTP request POST http://localhost:7002/api/v1/onboarding/register-school
14:44:16 info: System.Net.Http.HttpClient.schools.ClientHandler[100] Sending HTTP request POST http://localhost:7002/api/v1/onboarding/register-school
14:44:17 info: System.Net.Http.HttpClient.schools.ClientHandler[101] Received HTTP response headers after 484.3963ms - 201
14:44:17 info: System.Net.Http.HttpClient.schools.LogicalHandler[101] End processing HTTP request after 491.5875ms - 201
14:44:17 info: System.Net.Http.HttpClient.identity.LogicalHandler[100] Start processing HTTP request POST http://localhost:7001/api/v1/auth/bootstrap-user
14:44:17 info: System.Net.Http.HttpClient.identity.ClientHandler[100] Sending HTTP request POST http://localhost:7001/api/v1/auth/bootstrap-user
14:44:17 info: System.Net.Http.HttpClient.identity.ClientHandler[101] Received HTTP response headers after 449.058ms - 201
14:44:17 info: System.Net.Http.HttpClient.identity.LogicalHandler[101] End processing HTTP request after 449.1884ms - 201
14:44:17 info: Microsoft.AspNetCore.Mvc.Infrastructure.ObjectResultExecutor[1] Executing OkObjectResult, writing value of type '<>f__AnonymousType17`3[[System.Guid, System.Private.CoreLib, Version=8.0.0.0, Culture=neutral, PublicKeyToken=7cec85d7bea7798e],[System.Guid, System.Private.CoreLib, Version=8.0.0.0, Culture=neutral, PublicKeyToken=7cec85d7bea7798e],[System.DateTime, System.Private.CoreLib, Version=8.0.0.0, Culture=neutral, PublicKeyToken=7cec85d7bea7798e]]'.
14:44:17 info: Microsoft.AspNetCore.Mvc.Infrastructure.ControllerActionInvoker[105] Executed action KiteFlow.Gateway.Controllers.SystemSchoolsController.CreateSchool (KiteFlow.Gateway) in 979.8004ms
14:44:17 info: Microsoft.AspNetCore.Routing.EndpointMiddleware[1] Executed endpoint 'KiteFlow.Gateway.Controllers.SystemSchoolsController.CreateSchool (KiteFlow.Gateway)'
14:44:17 info: Microsoft.AspNetCore.Hosting.Diagnostics[2] Request finished HTTP/1.1 POST http://localhost:7000/api/v1/system/schools - 200 - application/json;+charset=utf-8 1044.6144ms
14:44:18 info: Microsoft.AspNetCore.Hosting.Diagnostics[1] Request starting HTTP/1.1 POST http://localhost:7000/academics/api/v1/students - application/json 167
14:44:18 info: Microsoft.AspNetCore.Routing.EndpointMiddleware[0] Executing endpoint 'academics-route'
14:44:18 info: Yarp.ReverseProxy.Forwarder.HttpForwarder[9] Proxying to http://localhost:7003/api/v1/students HTTP/2 RequestVersionOrLower 
14:44:18 info: Yarp.ReverseProxy.Forwarder.HttpForwarder[56] Received HTTP/1.1 response 201.
14:44:18 info: Microsoft.AspNetCore.Routing.EndpointMiddleware[1] Executed endpoint 'academics-route'
14:44:18 info: Microsoft.AspNetCore.Hosting.Diagnostics[2] Request finished HTTP/1.1 POST http://localhost:7000/academics/api/v1/students - 201 - application/json;+charset=utf-8 281.8111ms
14:44:18 info: Microsoft.AspNetCore.Hosting.Diagnostics[1] Request starting HTTP/1.1 POST http://localhost:7000/academics/api/v1/instructors - application/json 246
14:44:18 info: Microsoft.AspNetCore.Routing.EndpointMiddleware[0] Executing endpoint 'academics-route'
14:44:18 info: Yarp.ReverseProxy.Forwarder.HttpForwarder[9] Proxying to http://localhost:7003/api/v1/instructors HTTP/2 RequestVersionOrLower 
14:44:18 info: Yarp.ReverseProxy.Forwarder.HttpForwarder[56] Received HTTP/1.1 response 201.
14:44:18 info: Microsoft.AspNetCore.Routing.EndpointMiddleware[1] Executed endpoint 'academics-route'
14:44:18 info: Microsoft.AspNetCore.Hosting.Diagnostics[2] Request finished HTTP/1.1 POST http://localhost:7000/academics/api/v1/instructors - 201 - application/json;+charset=utf-8 74.8088ms
14:44:18 info: Microsoft.AspNetCore.Hosting.Diagnostics[1] Request starting HTTP/1.1 POST http://localhost:7000/academics/api/v1/courses - application/json 109
14:44:18 info: Microsoft.AspNetCore.Routing.EndpointMiddleware[0] Executing endpoint 'academics-route'
14:44:18 info: Yarp.ReverseProxy.Forwarder.HttpForwarder[9] Proxying to http://localhost:7003/api/v1/courses HTTP/2 RequestVersionOrLower 
14:44:18 info: Yarp.ReverseProxy.Forwarder.HttpForwarder[56] Received HTTP/1.1 response 201.
14:44:18 info: Microsoft.AspNetCore.Routing.EndpointMiddleware[1] Executed endpoint 'academics-route'
14:44:18 info: Microsoft.AspNetCore.Hosting.Diagnostics[2] Request finished HTTP/1.1 POST http://localhost:7000/academics/api/v1/courses - 201 - application/json;+charset=utf-8 172.4117ms
14:44:18 info: Microsoft.AspNetCore.Hosting.Diagnostics[1] Request starting HTTP/1.1 GET http://localhost:7000/academics/api/v1/courses - - -
14:44:18 info: Microsoft.AspNetCore.Routing.EndpointMiddleware[0] Executing endpoint 'academics-route'
14:44:18 info: Yarp.ReverseProxy.Forwarder.HttpForwarder[9] Proxying to http://localhost:7003/api/v1/courses HTTP/2 RequestVersionOrLower 
14:44:18 info: Yarp.ReverseProxy.Forwarder.HttpForwarder[56] Received HTTP/1.1 response 200.
14:44:18 info: Microsoft.AspNetCore.Routing.EndpointMiddleware[1] Executed endpoint 'academics-route'
14:44:18 info: Microsoft.AspNetCore.Hosting.Diagnostics[2] Request finished HTTP/1.1 GET http://localhost:7000/academics/api/v1/courses - 200 - application/json;+charset=utf-8 51.3416ms
14:44:18 info: Microsoft.AspNetCore.Hosting.Diagnostics[1] Request starting HTTP/1.1 POST http://localhost:7000/academics/api/v1/enrollments - application/json 174
14:44:18 info: Microsoft.AspNetCore.Routing.EndpointMiddleware[0] Executing endpoint 'academics-route'
14:44:18 info: Yarp.ReverseProxy.Forwarder.HttpForwarder[9] Proxying to http://localhost:7003/api/v1/enrollments HTTP/2 RequestVersionOrLower 
14:44:18 info: Yarp.ReverseProxy.Forwarder.HttpForwarder[56] Received HTTP/1.1 response 201.
14:44:18 info: Microsoft.AspNetCore.Routing.EndpointMiddleware[1] Executed endpoint 'academics-route'
14:44:18 info: Microsoft.AspNetCore.Hosting.Diagnostics[2] Request finished HTTP/1.1 POST http://localhost:7000/academics/api/v1/enrollments - 201 - application/json;+charset=utf-8 71.1220ms
14:44:18 info: Microsoft.AspNetCore.Hosting.Diagnostics[1] Request starting HTTP/1.1 POST http://localhost:7000/academics/api/v1/lessons - application/json 397
14:44:18 info: Microsoft.AspNetCore.Routing.EndpointMiddleware[0] Executing endpoint 'academics-route'
14:44:18 info: Yarp.ReverseProxy.Forwarder.HttpForwarder[9] Proxying to http://localhost:7003/api/v1/lessons HTTP/2 RequestVersionOrLower 
14:44:18 info: Yarp.ReverseProxy.Forwarder.HttpForwarder[56] Received HTTP/1.1 response 201.
14:44:18 info: Microsoft.AspNetCore.Routing.EndpointMiddleware[1] Executed endpoint 'academics-route'
14:44:18 info: Microsoft.AspNetCore.Hosting.Diagnostics[2] Request finished HTTP/1.1 POST http://localhost:7000/academics/api/v1/lessons - 201 - application/json;+charset=utf-8 148.7152ms
14:44:18 info: Microsoft.AspNetCore.Hosting.Diagnostics[1] Request starting HTTP/1.1 POST http://localhost:7000/finance/api/v1/finance/revenues - application/json 205
14:44:18 info: Microsoft.AspNetCore.Routing.EndpointMiddleware[0] Executing endpoint 'finance-route'
14:44:18 info: Yarp.ReverseProxy.Forwarder.HttpForwarder[9] Proxying to http://localhost:7005/api/v1/finance/revenues HTTP/2 RequestVersionOrLower 
14:44:19 info: Yarp.ReverseProxy.Forwarder.HttpForwarder[56] Received HTTP/1.1 response 201.
14:44:19 info: Microsoft.AspNetCore.Routing.EndpointMiddleware[1] Executed endpoint 'finance-route'
14:44:19 info: Microsoft.AspNetCore.Hosting.Diagnostics[2] Request finished HTTP/1.1 POST http://localhost:7000/finance/api/v1/finance/revenues - 201 - application/json;+charset=utf-8 684.2824ms
14:44:19 info: Microsoft.AspNetCore.Hosting.Diagnostics[1] Request starting HTTP/1.1 POST http://localhost:7000/finance/api/v1/finance/expenses - application/json 181
14:44:19 info: Microsoft.AspNetCore.Routing.EndpointMiddleware[0] Executing endpoint 'finance-route'
14:44:19 info: Yarp.ReverseProxy.Forwarder.HttpForwarder[9] Proxying to http://localhost:7005/api/v1/finance/expenses HTTP/2 RequestVersionOrLower 
14:44:19 info: Yarp.ReverseProxy.Forwarder.HttpForwarder[56] Received HTTP/1.1 response 201.
14:44:19 info: Microsoft.AspNetCore.Routing.EndpointMiddleware[1] Executed endpoint 'finance-route'
14:44:19 info: Microsoft.AspNetCore.Hosting.Diagnostics[2] Request finished HTTP/1.1 POST http://localhost:7000/finance/api/v1/finance/expenses - 201 - application/json;+charset=utf-8 68.3785ms
14:44:19 info: Microsoft.AspNetCore.Hosting.Diagnostics[1] Request starting HTTP/1.1 GET http://localhost:7000/finance/api/v1/finance/overview - - -
14:44:19 info: Microsoft.AspNetCore.Routing.EndpointMiddleware[0] Executing endpoint 'finance-route'
14:44:19 info: Yarp.ReverseProxy.Forwarder.HttpForwarder[9] Proxying to http://localhost:7005/api/v1/finance/overview HTTP/2 RequestVersionOrLower 
14:44:20 info: Yarp.ReverseProxy.Forwarder.HttpForwarder[56] Received HTTP/1.1 response 200.
14:44:20 info: Microsoft.AspNetCore.Routing.EndpointMiddleware[1] Executed endpoint 'finance-route'
14:44:20 info: Microsoft.AspNetCore.Hosting.Diagnostics[2] Request finished HTTP/1.1 GET http://localhost:7000/finance/api/v1/finance/overview - 200 - application/json;+charset=utf-8 408.2527ms
14:44:20 info: Microsoft.AspNetCore.Hosting.Diagnostics[1] Request starting HTTP/1.1 GET http://localhost:7000/academics/api/v1/academics/overview - - -
14:44:20 info: Microsoft.AspNetCore.Routing.EndpointMiddleware[0] Executing endpoint 'academics-route'
14:44:20 info: Yarp.ReverseProxy.Forwarder.HttpForwarder[9] Proxying to http://localhost:7003/api/v1/academics/overview HTTP/2 RequestVersionOrLower 
14:44:20 info: Yarp.ReverseProxy.Forwarder.HttpForwarder[56] Received HTTP/1.1 response 200.
14:44:20 info: Microsoft.AspNetCore.Routing.EndpointMiddleware[1] Executed endpoint 'academics-route'
14:44:20 info: Microsoft.AspNetCore.Hosting.Diagnostics[2] Request finished HTTP/1.1 GET http://localhost:7000/academics/api/v1/academics/overview - 200 - application/json;+charset=utf-8 14.8605ms
14:44:20 info: Microsoft.AspNetCore.Hosting.Diagnostics[1] Request starting HTTP/1.1 GET http://localhost:7000/academics/api/v1/instructors - - -
14:44:20 info: Microsoft.AspNetCore.Routing.EndpointMiddleware[0] Executing endpoint 'academics-route'
14:44:20 info: Yarp.ReverseProxy.Forwarder.HttpForwarder[9] Proxying to http://localhost:7003/api/v1/instructors HTTP/2 RequestVersionOrLower 
14:44:20 info: Yarp.ReverseProxy.Forwarder.HttpForwarder[56] Received HTTP/1.1 response 200.
14:44:20 info: Microsoft.AspNetCore.Routing.EndpointMiddleware[1] Executed endpoint 'academics-route'
14:44:20 info: Microsoft.AspNetCore.Hosting.Diagnostics[2] Request finished HTTP/1.1 GET http://localhost:7000/academics/api/v1/instructors - 200 - application/json;+charset=utf-8 12.9189ms
