info: Microsoft.AspNetCore.DataProtection.KeyManagement.XmlKeyManager[63]
      User profile is available. Using 'C:\Users\filip\AppData\Local\ASP.NET\DataProtection-Keys' as key repository and Windows DPAPI to encrypt keys at rest.
fail: Microsoft.AspNetCore.DataProtection.XmlEncryption.DpapiXmlDecryptor[43]
      An exception occurred while trying to decrypt the element.
      System.Security.Cryptography.CryptographicException: Error occurred during a cryptographic operation.
         at Microsoft.AspNetCore.DataProtection.Cng.DpapiSecretSerializerHelper.UnprotectWithDpapiCore(Byte* pbProtectedData, UInt32 cbProtectedData, Byte* pbOptionalEntropy, UInt32 cbOptionalEntropy)
         at Microsoft.AspNetCore.DataProtection.Cng.DpapiSecretSerializerHelper.UnprotectWithDpapi(Byte[] protectedSecret)
         at Microsoft.AspNetCore.DataProtection.XmlEncryption.DpapiXmlDecryptor.Decrypt(XElement encryptedElement)
fail: Microsoft.AspNetCore.DataProtection.KeyManagement.XmlKeyManager[24]
      An exception occurred while processing the key element '<key id="580135b0-fa5a-474d-b3fd-2e3d5e56fffe" version="1" />'.
      System.AggregateException: An error occurred while writing to logger(s). (Cannot open log for source '.NET Runtime'. You may not have write access.)
       ---> System.InvalidOperationException: Cannot open log for source '.NET Runtime'. You may not have write access.
       ---> System.ComponentModel.Win32Exception (5): Acesso negado.
         --- End of inner exception stack trace ---
         at System.Diagnostics.EventLogInternal.OpenForWrite(String currentMachineName)
         at System.Diagnostics.EventLogInternal.InternalWriteEvent(UInt32 eventID, UInt16 category, EventLogEntryType type, String[] strings, Byte[] rawData, String currentMachineName)
         at System.Diagnostics.EventLogInternal.WriteEvent(EventInstance instance, Byte[] data, Object[] values)
         at Microsoft.Extensions.Logging.EventLog.WindowsEventLog.WriteEntry(String message, EventLogEntryType type, Int32 eventID, Int16 category)
         at Microsoft.Extensions.Logging.EventLog.EventLogLogger.WriteMessage(String message, EventLogEntryType eventLogEntryType, Int32 eventId)
         at Microsoft.Extensions.Logging.EventLog.EventLogLogger.Log[TState](LogLevel logLevel, EventId eventId, TState state, Exception exception, Func`3 formatter)
         at Microsoft.Extensions.Logging.Logger.<Log>g__LoggerLog|14_0[TState](LogLevel logLevel, EventId eventId, ILogger logger, Exception exception, Func`3 formatter, List`1& exceptions, TState& state)
         --- End of inner exception stack trace ---
         at Microsoft.Extensions.Logging.Logger.ThrowLoggingError(List`1 exceptions)
         at Microsoft.Extensions.Logging.Logger.Log[TState](LogLevel logLevel, EventId eventId, TState state, Exception exception, Func`3 formatter)
         at Microsoft.Extensions.Logging.LoggerMessage.<>c__DisplayClass8_0.<Define>g__Log|0(ILogger logger, Exception exception)
         at Microsoft.AspNetCore.DataProtection.XmlEncryption.DpapiXmlDecryptor.Decrypt(XElement encryptedElement)
         at Microsoft.AspNetCore.DataProtection.XmlEncryption.XmlEncryptionExtensions.DecryptElement(XElement element, IActivator activator)
         at Microsoft.AspNetCore.DataProtection.KeyManagement.XmlKeyManager.Microsoft.AspNetCore.DataProtection.KeyManagement.Internal.IInternalXmlKeyManager.DeserializeDescriptorFromKeyElement(XElement keyElement)
warn: Microsoft.AspNetCore.DataProtection.KeyManagement.DefaultKeyResolver[12]
      Key {580135b0-fa5a-474d-b3fd-2e3d5e56fffe} is ineligible to be the default key because its CreateEncryptor method failed.
      System.AggregateException: An error occurred while writing to logger(s). (Cannot open log for source '.NET Runtime'. You may not have write access.)
       ---> System.InvalidOperationException: Cannot open log for source '.NET Runtime'. You may not have write access.
       ---> System.ComponentModel.Win32Exception (5): Acesso negado.
         --- End of inner exception stack trace ---
         at System.Diagnostics.EventLogInternal.OpenForWrite(String currentMachineName)
         at System.Diagnostics.EventLogInternal.InternalWriteEvent(UInt32 eventID, UInt16 category, EventLogEntryType type, String[] strings, Byte[] rawData, String currentMachineName)
         at System.Diagnostics.EventLogInternal.WriteEvent(EventInstance instance, Byte[] data, Object[] values)
         at Microsoft.Extensions.Logging.EventLog.WindowsEventLog.WriteEntry(String message, EventLogEntryType type, Int32 eventID, Int16 category)
         at Microsoft.Extensions.Logging.EventLog.EventLogLogger.WriteMessage(String message, EventLogEntryType eventLogEntryType, Int32 eventId)
         at Microsoft.Extensions.Logging.EventLog.EventLogLogger.Log[TState](LogLevel logLevel, EventId eventId, TState state, Exception exception, Func`3 formatter)
         at Microsoft.Extensions.Logging.Logger.<Log>g__LoggerLog|14_0[TState](LogLevel logLevel, EventId eventId, ILogger logger, Exception exception, Func`3 formatter, List`1& exceptions, TState& state)
         --- End of inner exception stack trace ---
         at Microsoft.Extensions.Logging.Logger.ThrowLoggingError(List`1 exceptions)
         at Microsoft.Extensions.Logging.Logger.Log[TState](LogLevel logLevel, EventId eventId, TState state, Exception exception, Func`3 formatter)
         at Microsoft.Extensions.Logging.Logger`1.Microsoft.Extensions.Logging.ILogger.Log[TState](LogLevel logLevel, EventId eventId, TState state, Exception exception, Func`3 formatter)
         at Microsoft.Extensions.Logging.LoggerMessage.<>c__DisplayClass10_0`1.<Define>g__Log|0(ILogger logger, T1 arg1, Exception exception)
         at Microsoft.AspNetCore.DataProtection.KeyManagement.XmlKeyManager.WriteKeyDeserializationErrorToLog(Exception error, XElement keyElement)
         at Microsoft.AspNetCore.DataProtection.KeyManagement.XmlKeyManager.Microsoft.AspNetCore.DataProtection.KeyManagement.Internal.IInternalXmlKeyManager.DeserializeDescriptorFromKeyElement(XElement keyElement)
         at System.Lazy`1.ViaFactory(LazyThreadSafetyMode mode)
         at System.Lazy`1.ExecutionAndPublication(LazyHelper executionAndPublication, Boolean useDefaultConstructor)
         at System.Lazy`1.CreateValue()
         at Microsoft.AspNetCore.DataProtection.AuthenticatedEncryption.CngGcmAuthenticatedEncryptorFactory.CreateEncryptorInstance(IKey key)
         at Microsoft.AspNetCore.DataProtection.KeyManagement.KeyBase.CreateEncryptor()
         at Microsoft.AspNetCore.DataProtection.KeyManagement.DefaultKeyResolver.CanCreateAuthenticatedEncryptor(IKey key)
fail: Microsoft.AspNetCore.DataProtection.KeyManagement.KeyRingProvider[48]
      An error occurred while reading the key ring.
      System.AggregateException: An error occurred while writing to logger(s). (Cannot open log for source '.NET Runtime'. You may not have write access.)
       ---> System.InvalidOperationException: Cannot open log for source '.NET Runtime'. You may not have write access.
       ---> System.ComponentModel.Win32Exception (5): Acesso negado.
         --- End of inner exception stack trace ---
         at System.Diagnostics.EventLogInternal.OpenForWrite(String currentMachineName)
         at System.Diagnostics.EventLogInternal.InternalWriteEvent(UInt32 eventID, UInt16 category, EventLogEntryType type, String[] strings, Byte[] rawData, String currentMachineName)
         at System.Diagnostics.EventLogInternal.WriteEvent(EventInstance instance, Byte[] data, Object[] values)
         at Microsoft.Extensions.Logging.EventLog.WindowsEventLog.WriteEntry(String message, EventLogEntryType type, Int32 eventID, Int16 category)
         at Microsoft.Extensions.Logging.EventLog.EventLogLogger.WriteMessage(String message, EventLogEntryType eventLogEntryType, Int32 eventId)
         at Microsoft.Extensions.Logging.EventLog.EventLogLogger.Log[TState](LogLevel logLevel, EventId eventId, TState state, Exception exception, Func`3 formatter)
         at Microsoft.Extensions.Logging.Logger.<Log>g__LoggerLog|14_0[TState](LogLevel logLevel, EventId eventId, ILogger logger, Exception exception, Func`3 formatter, List`1& exceptions, TState& state)
         --- End of inner exception stack trace ---
         at Microsoft.Extensions.Logging.Logger.ThrowLoggingError(List`1 exceptions)
         at Microsoft.Extensions.Logging.Logger.Log[TState](LogLevel logLevel, EventId eventId, TState state, Exception exception, Func`3 formatter)
         at Microsoft.Extensions.Logging.Logger`1.Microsoft.Extensions.Logging.ILogger.Log[TState](LogLevel logLevel, EventId eventId, TState state, Exception exception, Func`3 formatter)
         at Microsoft.Extensions.Logging.LoggerMessage.<>c__DisplayClass12_0`2.<Define>g__Log|0(ILogger logger, T1 arg1, T2 arg2, Exception exception)
         at Microsoft.Extensions.Logging.LoggingExtensions.KeyIsIneligibleToBeTheDefaultKeyBecauseItsMethodFailed(ILogger logger, Guid keyId, String methodName, Exception exception)
         at Microsoft.AspNetCore.DataProtection.KeyManagement.DefaultKeyResolver.CanCreateAuthenticatedEncryptor(IKey key)
         at Microsoft.AspNetCore.DataProtection.KeyManagement.DefaultKeyResolver.FindDefaultKey(DateTimeOffset now, IEnumerable`1 allKeys, IKey& fallbackKey, Boolean& callerShouldGenerateNewKey)
         at Microsoft.AspNetCore.DataProtection.KeyManagement.DefaultKeyResolver.ResolveDefaultKeyPolicy(DateTimeOffset now, IEnumerable`1 allKeys)
         at Microsoft.AspNetCore.DataProtection.KeyManagement.KeyRingProvider.CreateCacheableKeyRingCore(DateTimeOffset now, IKey keyJustAdded)
         at Microsoft.AspNetCore.DataProtection.KeyManagement.KeyRingProvider.GetCurrentKeyRingCore(DateTime utcNow, Boolean forceRefresh)
info: Microsoft.AspNetCore.DataProtection.Internal.DataProtectionHostedService[66]
      Key ring failed to load during application startup.
      System.AggregateException: An error occurred while writing to logger(s). (Cannot open log for source '.NET Runtime'. You may not have write access.)
       ---> System.InvalidOperationException: Cannot open log for source '.NET Runtime'. You may not have write access.
       ---> System.ComponentModel.Win32Exception (5): Acesso negado.
         --- End of inner exception stack trace ---
         at System.Diagnostics.EventLogInternal.OpenForWrite(String currentMachineName)
         at System.Diagnostics.EventLogInternal.InternalWriteEvent(UInt32 eventID, UInt16 category, EventLogEntryType type, String[] strings, Byte[] rawData, String currentMachineName)
         at System.Diagnostics.EventLogInternal.WriteEvent(EventInstance instance, Byte[] data, Object[] values)
         at Microsoft.Extensions.Logging.EventLog.WindowsEventLog.WriteEntry(String message, EventLogEntryType type, Int32 eventID, Int16 category)
         at Microsoft.Extensions.Logging.EventLog.EventLogLogger.WriteMessage(String message, EventLogEntryType eventLogEntryType, Int32 eventId)
         at Microsoft.Extensions.Logging.EventLog.EventLogLogger.Log[TState](LogLevel logLevel, EventId eventId, TState state, Exception exception, Func`3 formatter)
         at Microsoft.Extensions.Logging.Logger.<Log>g__LoggerLog|14_0[TState](LogLevel logLevel, EventId eventId, ILogger logger, Exception exception, Func`3 formatter, List`1& exceptions, TState& state)
         --- End of inner exception stack trace ---
         at Microsoft.Extensions.Logging.Logger.ThrowLoggingError(List`1 exceptions)
         at Microsoft.Extensions.Logging.Logger.Log[TState](LogLevel logLevel, EventId eventId, TState state, Exception exception, Func`3 formatter)
         at Microsoft.Extensions.Logging.Logger`1.Microsoft.Extensions.Logging.ILogger.Log[TState](LogLevel logLevel, EventId eventId, TState state, Exception exception, Func`3 formatter)
         at Microsoft.Extensions.Logging.LoggerMessage.<>c__DisplayClass8_0.<Define>g__Log|0(ILogger logger, Exception exception)
         at Microsoft.AspNetCore.DataProtection.KeyManagement.KeyRingProvider.GetCurrentKeyRingCore(DateTime utcNow, Boolean forceRefresh)
         at Microsoft.AspNetCore.DataProtection.Internal.DataProtectionHostedService.StartAsync(CancellationToken token)
info: Microsoft.Hosting.Lifetime[14]
      Now listening on: http://localhost:7004
info: Microsoft.Hosting.Lifetime[0]
      Application started. Press Ctrl+C to shut down.
info: Microsoft.Hosting.Lifetime[0]
      Hosting environment: Production
info: Microsoft.Hosting.Lifetime[0]
      Content root path: C:\Users\filip\Documents\Kiteflow\KiteFlow\src\backend\services\Equipment\KiteFlow.Services.Equipment.Api
info: Microsoft.AspNetCore.Hosting.Diagnostics[1]
      Request starting HTTP/1.1 GET http://localhost:7004/swagger - - -
info: Microsoft.AspNetCore.Hosting.Diagnostics[2]
      Request finished HTTP/1.1 GET http://localhost:7004/swagger - 301 0 - 18.7309ms
info: Microsoft.AspNetCore.Hosting.Diagnostics[1]
      Request starting HTTP/1.1 GET http://localhost:7004/swagger/index.html - - -
info: Microsoft.AspNetCore.Hosting.Diagnostics[2]
      Request finished HTTP/1.1 GET http://localhost:7004/swagger/index.html - 200 - text/html;charset=utf-8 31.0324ms
info: Microsoft.AspNetCore.Hosting.Diagnostics[1]
      Request starting HTTP/1.1 POST http://localhost:7004/api/v1/storages - application/json 90
info: Microsoft.AspNetCore.Routing.EndpointMiddleware[0]
      Executing endpoint 'KiteFlow.Services.Equipment.Api.Controllers.StoragesController.Create (KiteFlow.Services.Equipment.Api)'
info: Microsoft.AspNetCore.Mvc.Infrastructure.ControllerActionInvoker[102]
      Route matched with {action = "Create", controller = "Storages"}. Executing controller action with signature System.Threading.Tasks.Task`1[Microsoft.AspNetCore.Mvc.IActionResult] Create(UpsertStorageRequest) on controller KiteFlow.Services.Equipment.Api.Controllers.StoragesController (KiteFlow.Services.Equipment.Api).
info: Microsoft.EntityFrameworkCore.Database.Command[20101]
      Executed DbCommand (30ms) [Parameters=[@__schoolId_0='?' (DbType = Guid), @__name_1='?'], CommandType='Text', CommandTimeout='30']
      SELECT EXISTS (
          SELECT 1
          FROM gear_storages AS g
          WHERE g."SchoolId" = @__schoolId_0 AND g."Name" = @__name_1)
info: Microsoft.EntityFrameworkCore.Database.Command[20101]
      Executed DbCommand (6ms) [Parameters=[@p0='?' (DbType = Guid), @p1='?' (DbType = DateTime), @p2='?' (DbType = Boolean), @p3='?', @p4='?', @p5='?' (DbType = Guid)], CommandType='Text', CommandTimeout='30']
      INSERT INTO gear_storages ("Id", "CreatedAtUtc", "IsActive", "LocationNote", "Name", "SchoolId")
      VALUES (@p0, @p1, @p2, @p3, @p4, @p5);
info: Microsoft.AspNetCore.Mvc.Infrastructure.ObjectResultExecutor[1]
      Executing CreatedAtActionResult, writing value of type '<>f__AnonymousType25`1[[System.Guid, System.Private.CoreLib, Version=8.0.0.0, Culture=neutral, PublicKeyToken=7cec85d7bea7798e]]'.
info: Microsoft.AspNetCore.Mvc.Infrastructure.ControllerActionInvoker[105]
      Executed action KiteFlow.Services.Equipment.Api.Controllers.StoragesController.Create (KiteFlow.Services.Equipment.Api) in 928.0125ms
info: Microsoft.AspNetCore.Routing.EndpointMiddleware[1]
      Executed endpoint 'KiteFlow.Services.Equipment.Api.Controllers.StoragesController.Create (KiteFlow.Services.Equipment.Api)'
info: Microsoft.AspNetCore.Hosting.Diagnostics[2]
      Request finished HTTP/1.1 POST http://localhost:7004/api/v1/storages - 201 - application/json;+charset=utf-8 1001.4085ms
info: Microsoft.AspNetCore.Hosting.Diagnostics[1]
      Request starting HTTP/1.1 POST http://localhost:7004/api/v1/equipment-items - application/json 261
info: Microsoft.AspNetCore.Routing.EndpointMiddleware[0]
      Executing endpoint 'KiteFlow.Services.Equipment.Api.Controllers.EquipmentController.Create (KiteFlow.Services.Equipment.Api)'
info: Microsoft.AspNetCore.Mvc.Infrastructure.ControllerActionInvoker[102]
      Route matched with {action = "Create", controller = "Equipment"}. Executing controller action with signature System.Threading.Tasks.Task`1[Microsoft.AspNetCore.Mvc.IActionResult] Create(UpsertEquipmentRequest) on controller KiteFlow.Services.Equipment.Api.Controllers.EquipmentController (KiteFlow.Services.Equipment.Api).
info: Microsoft.EntityFrameworkCore.Database.Command[20101]
      Executed DbCommand (1ms) [Parameters=[@__storageId_0='?' (DbType = Guid), @__schoolId_1='?' (DbType = Guid)], CommandType='Text', CommandTimeout='30']
      SELECT EXISTS (
          SELECT 1
          FROM gear_storages AS g
          WHERE g."Id" = @__storageId_0 AND g."SchoolId" = @__schoolId_1 AND g."IsActive")
info: Microsoft.EntityFrameworkCore.Database.Command[20101]
      Executed DbCommand (3ms) [Parameters=[@p0='?' (DbType = Guid), @p1='?', @p2='?' (DbType = DateTime), @p3='?' (DbType = Int32), @p4='?' (DbType = Boolean), @p5='?' (DbType = DateTime), @p6='?' (DbType = Int32), @p7='?', @p8='?', @p9='?' (DbType = Guid), @p10='?', @p11='?' (DbType = Guid), @p12='?', @p13='?' (DbType = Int32), @p14='?' (DbType = Int32)], CommandType='Text', CommandTimeout='30']
      INSERT INTO equipment_items ("Id", "Brand", "CreatedAtUtc", "CurrentCondition", "IsActive", "LastServiceDateUtc", "LastServiceUsageMinutes", "Model", "Name", "SchoolId", "SizeLabel", "StorageId", "TagCode", "TotalUsageMinutes", "Type")
      VALUES (@p0, @p1, @p2, @p3, @p4, @p5, @p6, @p7, @p8, @p9, @p10, @p11, @p12, @p13, @p14);
info: Microsoft.AspNetCore.Mvc.Infrastructure.ObjectResultExecutor[1]
      Executing CreatedAtActionResult, writing value of type '<>f__AnonymousType6`1[[System.Guid, System.Private.CoreLib, Version=8.0.0.0, Culture=neutral, PublicKeyToken=7cec85d7bea7798e]]'.
info: Microsoft.AspNetCore.Mvc.Infrastructure.ControllerActionInvoker[105]
      Executed action KiteFlow.Services.Equipment.Api.Controllers.EquipmentController.Create (KiteFlow.Services.Equipment.Api) in 95.2067ms
info: Microsoft.AspNetCore.Routing.EndpointMiddleware[1]
      Executed endpoint 'KiteFlow.Services.Equipment.Api.Controllers.EquipmentController.Create (KiteFlow.Services.Equipment.Api)'
info: Microsoft.AspNetCore.Hosting.Diagnostics[2]
      Request finished HTTP/1.1 POST http://localhost:7004/api/v1/equipment-items - 201 - application/json;+charset=utf-8 100.2461ms
info: Microsoft.AspNetCore.Hosting.Diagnostics[1]
      Request starting HTTP/1.1 POST http://localhost:7004/api/v1/lesson-equipment/ac84adae-9777-4679-a098-714d94a231b1/checkout - application/json 296
info: Microsoft.AspNetCore.Routing.EndpointMiddleware[0]
      Executing endpoint 'KiteFlow.Services.Equipment.Api.Controllers.LessonEquipmentController.Checkout (KiteFlow.Services.Equipment.Api)'
info: Microsoft.AspNetCore.Mvc.Infrastructure.ControllerActionInvoker[102]
      Route matched with {action = "Checkout", controller = "LessonEquipment"}. Executing controller action with signature System.Threading.Tasks.Task`1[Microsoft.AspNetCore.Mvc.IActionResult] Checkout(System.Guid, CheckoutRequest) on controller KiteFlow.Services.Equipment.Api.Controllers.LessonEquipmentController (KiteFlow.Services.Equipment.Api).
info: System.Net.Http.HttpClient.academics.LogicalHandler[100]
      Start processing HTTP request GET http://localhost:7003/api/v1/lessons/ac84adae-9777-4679-a098-714d94a231b1
info: System.Net.Http.HttpClient.academics.ClientHandler[100]
      Sending HTTP request GET http://localhost:7003/api/v1/lessons/ac84adae-9777-4679-a098-714d94a231b1
info: System.Net.Http.HttpClient.academics.ClientHandler[101]
      Received HTTP response headers after 58.3562ms - 200
info: System.Net.Http.HttpClient.academics.LogicalHandler[101]
      End processing HTTP request after 62.9255ms - 200
info: Microsoft.EntityFrameworkCore.Database.Command[20101]
      Executed DbCommand (1ms) [Parameters=[@__schoolId_0='?' (DbType = Guid), @__lessonId_1='?' (DbType = Guid)], CommandType='Text', CommandTimeout='30']
      SELECT EXISTS (
          SELECT 1
          FROM lesson_equipment_checkouts AS l
          WHERE l."SchoolId" = @__schoolId_0 AND l."LessonId" = @__lessonId_1)
info: Microsoft.EntityFrameworkCore.Database.Command[20101]
      Executed DbCommand (34ms) [Parameters=[@__schoolId_0='?' (DbType = Guid), @__equipmentIds_1='?' (DbType = Object)], CommandType='Text', CommandTimeout='30']
      SELECT e."Id", e."Brand", e."CreatedAtUtc", e."CurrentCondition", e."IsActive", e."LastServiceDateUtc", e."LastServiceUsageMinutes", e."Model", e."Name", e."SchoolId", e."SizeLabel", e."StorageId", e."TagCode", e."TotalUsageMinutes", e."Type"
      FROM equipment_items AS e
      WHERE e."SchoolId" = @__schoolId_0 AND e."Id" = ANY (@__equipmentIds_1) AND e."IsActive"
info: Microsoft.EntityFrameworkCore.Database.Command[20101]
      Executed DbCommand (2ms) [Parameters=[@__schoolId_0='?' (DbType = Guid), @__equipmentIds_1='?' (DbType = Object)], CommandType='Text', CommandTimeout='30']
      SELECT DISTINCT l."EquipmentId"
      FROM lesson_equipment_checkout_items AS l
      INNER JOIN (
          SELECT l0."Id", l0."CheckedInAtUtc", l0."CheckedInByUserId", l0."CheckedOutAtUtc", l0."CreatedAtUtc", l0."CreatedByUserId", l0."LessonId", l0."NotesAfter", l0."NotesBefore", l0."SchoolId"
          FROM lesson_equipment_checkouts AS l0
          WHERE l0."SchoolId" = @__schoolId_0 AND l0."CheckedInAtUtc" IS NULL
      ) AS t ON l."CheckoutId" = t."Id"
      WHERE l."SchoolId" = @__schoolId_0 AND l."EquipmentId" = ANY (@__equipmentIds_1)
info: Microsoft.EntityFrameworkCore.Database.Command[20101]
      Executed DbCommand (1ms) [Parameters=[@p0='?' (DbType = Guid), @p1='?' (DbType = DateTime), @p2='?' (DbType = Guid), @p3='?' (DbType = DateTime), @p4='?' (DbType = DateTime), @p5='?' (DbType = Guid), @p6='?' (DbType = Guid), @p7='?', @p8='?', @p9='?' (DbType = Guid), @p10='?' (DbType = Guid), @p11='?' (DbType = Guid), @p12='?' (DbType = Int32), @p13='?' (DbType = Int32), @p14='?' (DbType = DateTime), @p15='?' (DbType = Guid), @p16='?', @p17='?', @p18='?' (DbType = Guid)], CommandType='Text', CommandTimeout='30']
      INSERT INTO lesson_equipment_checkouts ("Id", "CheckedInAtUtc", "CheckedInByUserId", "CheckedOutAtUtc", "CreatedAtUtc", "CreatedByUserId", "LessonId", "NotesAfter", "NotesBefore", "SchoolId")
      VALUES (@p0, @p1, @p2, @p3, @p4, @p5, @p6, @p7, @p8, @p9);
      INSERT INTO lesson_equipment_checkout_items ("Id", "CheckoutId", "ConditionAfter", "ConditionBefore", "CreatedAtUtc", "EquipmentId", "NotesAfter", "NotesBefore", "SchoolId")
      VALUES (@p10, @p11, @p12, @p13, @p14, @p15, @p16, @p17, @p18);
info: Microsoft.AspNetCore.Mvc.Infrastructure.ObjectResultExecutor[1]
      Executing OkObjectResult, writing value of type '<>f__AnonymousType16`1[[System.Guid, System.Private.CoreLib, Version=8.0.0.0, Culture=neutral, PublicKeyToken=7cec85d7bea7798e]]'.
info: Microsoft.AspNetCore.Mvc.Infrastructure.ControllerActionInvoker[105]
      Executed action KiteFlow.Services.Equipment.Api.Controllers.LessonEquipmentController.Checkout (KiteFlow.Services.Equipment.Api) in 271.7742ms
info: Microsoft.AspNetCore.Routing.EndpointMiddleware[1]
      Executed endpoint 'KiteFlow.Services.Equipment.Api.Controllers.LessonEquipmentController.Checkout (KiteFlow.Services.Equipment.Api)'
info: Microsoft.AspNetCore.Hosting.Diagnostics[2]
      Request finished HTTP/1.1 POST http://localhost:7004/api/v1/lesson-equipment/ac84adae-9777-4679-a098-714d94a231b1/checkout - 200 - application/json;+charset=utf-8 276.6222ms
info: Microsoft.AspNetCore.Hosting.Diagnostics[1]
      Request starting HTTP/1.1 POST http://localhost:7004/api/v1/lesson-equipment/ac84adae-9777-4679-a098-714d94a231b1/checkin - application/json 298
info: Microsoft.AspNetCore.Routing.EndpointMiddleware[0]
      Executing endpoint 'KiteFlow.Services.Equipment.Api.Controllers.LessonEquipmentController.Checkin (KiteFlow.Services.Equipment.Api)'
info: Microsoft.AspNetCore.Mvc.Infrastructure.ControllerActionInvoker[102]
      Route matched with {action = "Checkin", controller = "LessonEquipment"}. Executing controller action with signature System.Threading.Tasks.Task`1[Microsoft.AspNetCore.Mvc.IActionResult] Checkin(System.Guid, CheckinRequest) on controller KiteFlow.Services.Equipment.Api.Controllers.LessonEquipmentController (KiteFlow.Services.Equipment.Api).
info: System.Net.Http.HttpClient.academics.LogicalHandler[100]
      Start processing HTTP request GET http://localhost:7003/api/v1/lessons/ac84adae-9777-4679-a098-714d94a231b1
info: System.Net.Http.HttpClient.academics.ClientHandler[100]
      Sending HTTP request GET http://localhost:7003/api/v1/lessons/ac84adae-9777-4679-a098-714d94a231b1
info: System.Net.Http.HttpClient.academics.ClientHandler[101]
      Received HTTP response headers after 6.3091ms - 200
info: System.Net.Http.HttpClient.academics.LogicalHandler[101]
      End processing HTTP request after 6.4242ms - 200
info: Microsoft.EntityFrameworkCore.Database.Command[20101]
      Executed DbCommand (1ms) [Parameters=[@__schoolId_0='?' (DbType = Guid), @__lessonId_1='?' (DbType = Guid)], CommandType='Text', CommandTimeout='30']
      SELECT l."Id", l."CheckedInAtUtc", l."CheckedInByUserId", l."CheckedOutAtUtc", l."CreatedAtUtc", l."CreatedByUserId", l."LessonId", l."NotesAfter", l."NotesBefore", l."SchoolId"
      FROM lesson_equipment_checkouts AS l
      WHERE l."SchoolId" = @__schoolId_0 AND l."LessonId" = @__lessonId_1
      LIMIT 1
info: Microsoft.EntityFrameworkCore.Database.Command[20101]
      Executed DbCommand (1ms) [Parameters=[@__schoolId_0='?' (DbType = Guid), @__checkout_Id_1='?' (DbType = Guid)], CommandType='Text', CommandTimeout='30']
      SELECT l."Id", l."CheckoutId", l."ConditionAfter", l."ConditionBefore", l."CreatedAtUtc", l."EquipmentId", l."NotesAfter", l."NotesBefore", l."SchoolId"
      FROM lesson_equipment_checkout_items AS l
      WHERE l."SchoolId" = @__schoolId_0 AND l."CheckoutId" = @__checkout_Id_1
info: Microsoft.EntityFrameworkCore.Database.Command[20101]
      Executed DbCommand (1ms) [Parameters=[@__schoolId_0='?' (DbType = Guid), @__requestedIds_1='?' (DbType = Object)], CommandType='Text', CommandTimeout='30']
      SELECT e."Id", e."Brand", e."CreatedAtUtc", e."CurrentCondition", e."IsActive", e."LastServiceDateUtc", e."LastServiceUsageMinutes", e."Model", e."Name", e."SchoolId", e."SizeLabel", e."StorageId", e."TagCode", e."TotalUsageMinutes", e."Type"
      FROM equipment_items AS e
      WHERE e."SchoolId" = @__schoolId_0 AND e."Id" = ANY (@__requestedIds_1)
info: Microsoft.EntityFrameworkCore.Database.Command[20101]
      Executed DbCommand (2ms) [Parameters=[@p2='?' (DbType = Guid), @p0='?' (DbType = Int32), @p1='?' (DbType = Int32), @p3='?' (DbType = Guid), @p4='?' (DbType = Guid), @p5='?' (DbType = Int32), @p6='?' (DbType = DateTime), @p7='?' (DbType = Guid), @p8='?' (DbType = Guid), @p9='?' (DbType = DateTime), @p10='?' (DbType = Guid), @p11='?' (DbType = Int32), @p14='?' (DbType = Guid), @p12='?' (DbType = Int32), @p13='?', @p18='?' (DbType = Guid), @p15='?' (DbType = DateTime), @p16='?' (DbType = Guid), @p17='?'], CommandType='Text', CommandTimeout='30']
      UPDATE equipment_items SET "CurrentCondition" = @p0, "TotalUsageMinutes" = @p1
      WHERE "Id" = @p2;
      INSERT INTO equipment_usage_logs ("Id", "CheckoutItemId", "ConditionAfter", "CreatedAtUtc", "EquipmentId", "LessonId", "RecordedAtUtc", "SchoolId", "UsageMinutes")
      VALUES (@p3, @p4, @p5, @p6, @p7, @p8, @p9, @p10, @p11);
      UPDATE lesson_equipment_checkout_items SET "ConditionAfter" = @p12, "NotesAfter" = @p13
      WHERE "Id" = @p14;
      UPDATE lesson_equipment_checkouts SET "CheckedInAtUtc" = @p15, "CheckedInByUserId" = @p16, "NotesAfter" = @p17
      WHERE "Id" = @p18;
info: Microsoft.AspNetCore.Mvc.StatusCodeResult[1]
      Executing StatusCodeResult, setting HTTP status code 200
info: Microsoft.AspNetCore.Mvc.Infrastructure.ControllerActionInvoker[105]
      Executed action KiteFlow.Services.Equipment.Api.Controllers.LessonEquipmentController.Checkin (KiteFlow.Services.Equipment.Api) in 60.4712ms
info: Microsoft.AspNetCore.Routing.EndpointMiddleware[1]
      Executed endpoint 'KiteFlow.Services.Equipment.Api.Controllers.LessonEquipmentController.Checkin (KiteFlow.Services.Equipment.Api)'
info: Microsoft.AspNetCore.Hosting.Diagnostics[2]
      Request finished HTTP/1.1 POST http://localhost:7004/api/v1/lesson-equipment/ac84adae-9777-4679-a098-714d94a231b1/checkin - 200 0 - 64.5162ms
info: Microsoft.AspNetCore.Hosting.Diagnostics[1]
      Request starting HTTP/1.1 POST http://localhost:7004/api/v1/maintenance/rules - application/json 117
info: Microsoft.AspNetCore.Routing.EndpointMiddleware[0]
      Executing endpoint 'KiteFlow.Services.Equipment.Api.Controllers.MaintenanceController.UpsertRule (KiteFlow.Services.Equipment.Api)'
info: Microsoft.AspNetCore.Mvc.Infrastructure.ControllerActionInvoker[102]
      Route matched with {action = "UpsertRule", controller = "Maintenance"}. Executing controller action with signature System.Threading.Tasks.Task`1[Microsoft.AspNetCore.Mvc.IActionResult] UpsertRule(UpsertRuleRequest) on controller KiteFlow.Services.Equipment.Api.Controllers.MaintenanceController (KiteFlow.Services.Equipment.Api).
info: Microsoft.EntityFrameworkCore.Database.Command[20101]
      Executed DbCommand (1ms) [Parameters=[@__schoolId_0='?' (DbType = Guid), @__request_EquipmentType_1='?' (DbType = Int32)], CommandType='Text', CommandTimeout='30']
      SELECT m."Id", m."CreatedAtUtc", m."EquipmentType", m."IsActive", m."SchoolId", m."ServiceEveryDays", m."ServiceEveryMinutes"
      FROM maintenance_rules AS m
      WHERE m."SchoolId" = @__schoolId_0 AND m."EquipmentType" = @__request_EquipmentType_1
      LIMIT 1
info: Microsoft.EntityFrameworkCore.Database.Command[20101]
      Executed DbCommand (2ms) [Parameters=[@p0='?' (DbType = Guid), @p1='?' (DbType = DateTime), @p2='?' (DbType = Int32), @p3='?' (DbType = Boolean), @p4='?' (DbType = Guid), @p5='?' (DbType = Int32), @p6='?' (DbType = Int32)], CommandType='Text', CommandTimeout='30']
      INSERT INTO maintenance_rules ("Id", "CreatedAtUtc", "EquipmentType", "IsActive", "SchoolId", "ServiceEveryDays", "ServiceEveryMinutes")
      VALUES (@p0, @p1, @p2, @p3, @p4, @p5, @p6);
info: Microsoft.AspNetCore.Mvc.Infrastructure.ObjectResultExecutor[1]
      Executing OkObjectResult, writing value of type '<>f__AnonymousType18`1[[System.Guid, System.Private.CoreLib, Version=8.0.0.0, Culture=neutral, PublicKeyToken=7cec85d7bea7798e]]'.
info: Microsoft.AspNetCore.Mvc.Infrastructure.ControllerActionInvoker[105]
      Executed action KiteFlow.Services.Equipment.Api.Controllers.MaintenanceController.UpsertRule (KiteFlow.Services.Equipment.Api) in 28.213ms
info: Microsoft.AspNetCore.Routing.EndpointMiddleware[1]
      Executed endpoint 'KiteFlow.Services.Equipment.Api.Controllers.MaintenanceController.UpsertRule (KiteFlow.Services.Equipment.Api)'
info: Microsoft.AspNetCore.Hosting.Diagnostics[2]
      Request finished HTTP/1.1 POST http://localhost:7004/api/v1/maintenance/rules - 200 - application/json;+charset=utf-8 31.1763ms
info: Microsoft.AspNetCore.Hosting.Diagnostics[1]
      Request starting HTTP/1.1 POST http://localhost:7004/api/v1/maintenance/records - application/json 249
info: Microsoft.AspNetCore.Routing.EndpointMiddleware[0]
      Executing endpoint 'KiteFlow.Services.Equipment.Api.Controllers.MaintenanceController.CreateRecord (KiteFlow.Services.Equipment.Api)'
info: Microsoft.AspNetCore.Mvc.Infrastructure.ControllerActionInvoker[102]
      Route matched with {action = "CreateRecord", controller = "Maintenance"}. Executing controller action with signature System.Threading.Tasks.Task`1[Microsoft.AspNetCore.Mvc.IActionResult] CreateRecord(CreateMaintenanceRecordRequest) on controller KiteFlow.Services.Equipment.Api.Controllers.MaintenanceController (KiteFlow.Services.Equipment.Api).
info: Microsoft.EntityFrameworkCore.Database.Command[20101]
      Executed DbCommand (1ms) [Parameters=[@__request_EquipmentId_0='?' (DbType = Guid), @__schoolId_1='?' (DbType = Guid)], CommandType='Text', CommandTimeout='30']
      SELECT e."Id", e."Brand", e."CreatedAtUtc", e."CurrentCondition", e."IsActive", e."LastServiceDateUtc", e."LastServiceUsageMinutes", e."Model", e."Name", e."SchoolId", e."SizeLabel", e."StorageId", e."TagCode", e."TotalUsageMinutes", e."Type"
      FROM equipment_items AS e
      WHERE e."Id" = @__request_EquipmentId_0 AND e."SchoolId" = @__schoolId_1
      LIMIT 1
info: Microsoft.EntityFrameworkCore.Database.Command[20101]
      Executed DbCommand (3ms) [Parameters=[@p3='?' (DbType = Guid), @p0='?' (DbType = Int32), @p1='?' (DbType = DateTime), @p2='?' (DbType = Int32), @p4='?' (DbType = Guid), @p5='?' (DbType = Decimal), @p6='?' (DbType = DateTime), @p7='?', @p8='?' (DbType = Guid), @p9='?', @p10='?' (DbType = Guid), @p11='?' (DbType = DateTime), @p12='?' (DbType = Int32)], CommandType='Text', CommandTimeout='30']
      UPDATE equipment_items SET "CurrentCondition" = @p0, "LastServiceDateUtc" = @p1, "LastServiceUsageMinutes" = @p2
      WHERE "Id" = @p3;
      INSERT INTO maintenance_records ("Id", "Cost", "CreatedAtUtc", "Description", "EquipmentId", "PerformedBy", "SchoolId", "ServiceDateUtc", "UsageMinutesAtService")
      VALUES (@p4, @p5, @p6, @p7, @p8, @p9, @p10, @p11, @p12);
info: Microsoft.AspNetCore.Mvc.Infrastructure.ObjectResultExecutor[1]
      Executing CreatedAtActionResult, writing value of type '<>f__AnonymousType20`1[[System.Guid, System.Private.CoreLib, Version=8.0.0.0, Culture=neutral, PublicKeyToken=7cec85d7bea7798e]]'.
info: Microsoft.AspNetCore.Mvc.Infrastructure.ControllerActionInvoker[105]
      Executed action KiteFlow.Services.Equipment.Api.Controllers.MaintenanceController.CreateRecord (KiteFlow.Services.Equipment.Api) in 34.2962ms
info: Microsoft.AspNetCore.Routing.EndpointMiddleware[1]
      Executed endpoint 'KiteFlow.Services.Equipment.Api.Controllers.MaintenanceController.CreateRecord (KiteFlow.Services.Equipment.Api)'
info: Microsoft.AspNetCore.Hosting.Diagnostics[2]
      Request finished HTTP/1.1 POST http://localhost:7004/api/v1/maintenance/records - 201 - application/json;+charset=utf-8 37.5655ms
info: Microsoft.AspNetCore.Hosting.Diagnostics[1]
      Request starting HTTP/1.1 GET http://localhost:7004/api/v1/equipment/overview - - -
info: Microsoft.AspNetCore.Routing.EndpointMiddleware[0]
      Executing endpoint 'KiteFlow.Services.Equipment.Api.Controllers.EquipmentOverviewController.GetOverview (KiteFlow.Services.Equipment.Api)'
info: Microsoft.AspNetCore.Mvc.Infrastructure.ControllerActionInvoker[102]
      Route matched with {action = "GetOverview", controller = "EquipmentOverview"}. Executing controller action with signature System.Threading.Tasks.Task`1[Microsoft.AspNetCore.Mvc.IActionResult] GetOverview(System.Nullable`1[System.DateTime], System.Nullable`1[System.DateTime]) on controller KiteFlow.Services.Equipment.Api.Controllers.EquipmentOverviewController (KiteFlow.Services.Equipment.Api).
info: Microsoft.EntityFrameworkCore.Database.Command[20101]
      Executed DbCommand (2ms) [Parameters=[@__schoolId_0='?' (DbType = Guid)], CommandType='Text', CommandTimeout='30']
      SELECT t."Key" AS day, COALESCE(sum(t."UsageMinutes"), 0)::int AS "usageMinutes"
      FROM (
          SELECT e."UsageMinutes", date_trunc('day', e."RecordedAtUtc", 'UTC') AS "Key"
          FROM equipment_usage_logs AS e
          WHERE e."SchoolId" = @__schoolId_0
      ) AS t
      GROUP BY t."Key"
info: Microsoft.EntityFrameworkCore.Database.Command[20101]
      Executed DbCommand (1ms) [Parameters=[@__schoolId_0='?' (DbType = Guid)], CommandType='Text', CommandTimeout='30']
      SELECT t."Key" AS day, count(*)::int AS checkouts
      FROM (
          SELECT date_trunc('day', l."CheckedOutAtUtc", 'UTC') AS "Key"
          FROM lesson_equipment_checkouts AS l
          WHERE l."SchoolId" = @__schoolId_0
      ) AS t
      GROUP BY t."Key"
info: Microsoft.EntityFrameworkCore.Database.Command[20101]
      Executed DbCommand (1ms) [Parameters=[@__schoolId_0='?' (DbType = Guid)], CommandType='Text', CommandTimeout='30']
      SELECT t."Key" AS day, count(*)::int AS "maintenanceRecords"
      FROM (
          SELECT date_trunc('day', m."ServiceDateUtc", 'UTC') AS "Key"
          FROM maintenance_records AS m
          WHERE m."SchoolId" = @__schoolId_0
      ) AS t
      GROUP BY t."Key"
info: Microsoft.EntityFrameworkCore.Database.Command[20101]
      Executed DbCommand (1ms) [Parameters=[@__schoolId_0='?' (DbType = Guid)], CommandType='Text', CommandTimeout='30']
      SELECT e."CurrentCondition", count(*)::int
      FROM equipment_items AS e
      WHERE e."SchoolId" = @__schoolId_0 AND e."IsActive"
      GROUP BY e."CurrentCondition"
      ORDER BY count(*)::int DESC
info: Microsoft.EntityFrameworkCore.Database.Command[20101]
      Executed DbCommand (1ms) [Parameters=[@__schoolId_0='?' (DbType = Guid)], CommandType='Text', CommandTimeout='30']
      SELECT count(*)::int
      FROM gear_storages AS g
      WHERE g."SchoolId" = @__schoolId_0 AND g."IsActive"
info: Microsoft.EntityFrameworkCore.Database.Command[20101]
      Executed DbCommand (1ms) [Parameters=[@__schoolId_0='?' (DbType = Guid)], CommandType='Text', CommandTimeout='30']
      SELECT count(*)::int
      FROM equipment_items AS e
      WHERE e."SchoolId" = @__schoolId_0 AND e."IsActive"
info: Microsoft.EntityFrameworkCore.Database.Command[20101]
      Executed DbCommand (1ms) [Parameters=[@__schoolId_0='?' (DbType = Guid)], CommandType='Text', CommandTimeout='30']
      SELECT count(*)::int
      FROM equipment_items AS e
      WHERE e."SchoolId" = @__schoolId_0 AND e."CurrentCondition" IN (3, 4, 5)
info: Microsoft.EntityFrameworkCore.Database.Command[20101]
      Executed DbCommand (1ms) [Parameters=[@__schoolId_0='?' (DbType = Guid)], CommandType='Text', CommandTimeout='30']
      SELECT count(*)::int
      FROM lesson_equipment_checkouts AS l
      WHERE l."SchoolId" = @__schoolId_0 AND l."CheckedInAtUtc" IS NULL
info: Microsoft.EntityFrameworkCore.Database.Command[20101]
      Executed DbCommand (1ms) [Parameters=[@__schoolId_0='?' (DbType = Guid)], CommandType='Text', CommandTimeout='30']
      SELECT count(*)::int
      FROM maintenance_rules AS m
      WHERE m."SchoolId" = @__schoolId_0 AND m."IsActive"
info: Microsoft.EntityFrameworkCore.Database.Command[20101]
      Executed DbCommand (1ms) [Parameters=[@__schoolId_0='?' (DbType = Guid)], CommandType='Text', CommandTimeout='30']
      SELECT COALESCE(sum(e."UsageMinutes"), 0)::int
      FROM equipment_usage_logs AS e
      WHERE e."SchoolId" = @__schoolId_0
info: Microsoft.EntityFrameworkCore.Database.Command[20101]
      Executed DbCommand (1ms) [Parameters=[@__schoolId_0='?' (DbType = Guid)], CommandType='Text', CommandTimeout='30']
      SELECT count(*)::int
      FROM lesson_equipment_checkouts AS l
      WHERE l."SchoolId" = @__schoolId_0
info: Microsoft.EntityFrameworkCore.Database.Command[20101]
      Executed DbCommand (1ms) [Parameters=[@__schoolId_0='?' (DbType = Guid)], CommandType='Text', CommandTimeout='30']
      SELECT count(*)::int
      FROM maintenance_records AS m
      WHERE m."SchoolId" = @__schoolId_0
info: Microsoft.AspNetCore.Mvc.Infrastructure.ObjectResultExecutor[1]
      Executing OkObjectResult, writing value of type '<>f__AnonymousType12`12[[System.Nullable`1[[System.DateTime, System.Private.CoreLib, Version=8.0.0.0, Culture=neutral, PublicKeyToken=7cec85d7bea7798e]], System.Private.CoreLib, Version=8.0.0.0, Culture=neutral, PublicKeyToken=7cec85d7bea7798e],[System.Nullable`1[[System.DateTime, System.Private.CoreLib, Version=8.0.0.0, Culture=neutral, PublicKeyToken=7cec85d7bea7798e]], System.Private.CoreLib, Version=8.0.0.0, Culture=neutral, PublicKeyToken=7cec85d7bea7798e],[System.Int32, System.Private.CoreLib, Version=8.0.0.0, Culture=neutral, PublicKeyToken=7cec85d7bea7798e],[System.Int32, System.Private.CoreLib, Version=8.0.0.0, Culture=neutral, PublicKeyToken=7cec85d7bea7798e],[System.Int32, System.Private.CoreLib, Version=8.0.0.0, Culture=neutral, PublicKeyToken=7cec85d7bea7798e],[System.Int32, System.Private.CoreLib, Version=8.0.0.0, Culture=neutral, PublicKeyToken=7cec85d7bea7798e],[System.Int32, System.Private.CoreLib, Version=8.0.0.0, Culture=neutral, PublicKeyToken=7cec85d7bea7798e],[System.Int32, System.Private.CoreLib, Version=8.0.0.0, Culture=neutral, PublicKeyToken=7cec85d7bea7798e],[System.Int32, System.Private.CoreLib, Version=8.0.0.0, Culture=neutral, PublicKeyToken=7cec85d7bea7798e],[System.Int32, System.Private.CoreLib, Version=8.0.0.0, Culture=neutral, PublicKeyToken=7cec85d7bea7798e],[System.Collections.Generic.List`1[[<>f__AnonymousType11`2[[System.String, System.Private.CoreLib, Version=8.0.0.0, Culture=neutral, PublicKeyToken=7cec85d7bea7798e],[System.Int32, System.Private.CoreLib, Version=8.0.0.0, Culture=neutral, PublicKeyToken=7cec85d7bea7798e]], KiteFlow.Services.Equipment.Api, Version=1.0.0.0, Culture=neutral, PublicKeyToken=null]], System.Private.CoreLib, Version=8.0.0.0, Culture=neutral, PublicKeyToken=7cec85d7bea7798e],[System.Collections.Generic.List`1[[<>f__AnonymousType10`5[[System.DateTime, System.Private.CoreLib, Version=8.0.0.0, Culture=neutral, PublicKeyToken=7cec85d7bea7798e],[System.String, System.Private.CoreLib, Version=8.0.0.0, Culture=neutral, PublicKeyToken=7cec85d7bea7798e],[System.Int32, System.Private.CoreLib, Version=8.0.0.0, Culture=neutral, PublicKeyToken=7cec85d7bea7798e],[System.Int32, System.Private.CoreLib, Version=8.0.0.0, Culture=neutral, PublicKeyToken=7cec85d7bea7798e],[System.Int32, System.Private.CoreLib, Version=8.0.0.0, Culture=neutral, PublicKeyToken=7cec85d7bea7798e]], KiteFlow.Services.Equipment.Api, Version=1.0.0.0, Culture=neutral, PublicKeyToken=null]], System.Private.CoreLib, Version=8.0.0.0, Culture=neutral, PublicKeyToken=7cec85d7bea7798e]]'.
info: Microsoft.AspNetCore.Mvc.Infrastructure.ControllerActionInvoker[105]
      Executed action KiteFlow.Services.Equipment.Api.Controllers.EquipmentOverviewController.GetOverview (KiteFlow.Services.Equipment.Api) in 119.9732ms
info: Microsoft.AspNetCore.Routing.EndpointMiddleware[1]
      Executed endpoint 'KiteFlow.Services.Equipment.Api.Controllers.EquipmentOverviewController.GetOverview (KiteFlow.Services.Equipment.Api)'
info: Microsoft.AspNetCore.Hosting.Diagnostics[2]
      Request finished HTTP/1.1 GET http://localhost:7004/api/v1/equipment/overview - 200 - application/json;+charset=utf-8 124.5097ms
info: Microsoft.AspNetCore.Hosting.Diagnostics[1]
      Request starting HTTP/1.1 GET http://localhost:7004/api/v1/maintenance/alerts - - -
info: Microsoft.AspNetCore.Routing.EndpointMiddleware[0]
      Executing endpoint 'KiteFlow.Services.Equipment.Api.Controllers.MaintenanceController.GetAlerts (KiteFlow.Services.Equipment.Api)'
info: Microsoft.AspNetCore.Mvc.Infrastructure.ControllerActionInvoker[102]
      Route matched with {action = "GetAlerts", controller = "Maintenance"}. Executing controller action with signature System.Threading.Tasks.Task`1[Microsoft.AspNetCore.Mvc.IActionResult] GetAlerts(Int32, Int32) on controller KiteFlow.Services.Equipment.Api.Controllers.MaintenanceController (KiteFlow.Services.Equipment.Api).
info: Microsoft.EntityFrameworkCore.Database.Command[20101]
      Executed DbCommand (1ms) [Parameters=[@__schoolId_0='?' (DbType = Guid)], CommandType='Text', CommandTimeout='30']
      SELECT e."Id", e."Brand", e."CreatedAtUtc", e."CurrentCondition", e."IsActive", e."LastServiceDateUtc", e."LastServiceUsageMinutes", e."Model", e."Name", e."SchoolId", e."SizeLabel", e."StorageId", e."TagCode", e."TotalUsageMinutes", e."Type"
      FROM equipment_items AS e
      WHERE e."SchoolId" = @__schoolId_0 AND e."IsActive"
info: Microsoft.EntityFrameworkCore.Database.Command[20101]
      Executed DbCommand (1ms) [Parameters=[@__schoolId_0='?' (DbType = Guid)], CommandType='Text', CommandTimeout='30']
      SELECT m."Id", m."CreatedAtUtc", m."EquipmentType", m."IsActive", m."SchoolId", m."ServiceEveryDays", m."ServiceEveryMinutes"
      FROM maintenance_rules AS m
      WHERE m."SchoolId" = @__schoolId_0 AND m."IsActive"
info: Microsoft.AspNetCore.Mvc.Infrastructure.ObjectResultExecutor[1]
      Executing OkObjectResult, writing value of type 'System.Collections.Generic.List`1[[System.Object, System.Private.CoreLib, Version=8.0.0.0, Culture=neutral, PublicKeyToken=7cec85d7bea7798e]]'.
info: Microsoft.AspNetCore.Mvc.Infrastructure.ControllerActionInvoker[105]
      Executed action KiteFlow.Services.Equipment.Api.Controllers.MaintenanceController.GetAlerts (KiteFlow.Services.Equipment.Api) in 11.4633ms
info: Microsoft.AspNetCore.Routing.EndpointMiddleware[1]
      Executed endpoint 'KiteFlow.Services.Equipment.Api.Controllers.MaintenanceController.GetAlerts (KiteFlow.Services.Equipment.Api)'
info: Microsoft.AspNetCore.Hosting.Diagnostics[2]
      Request finished HTTP/1.1 GET http://localhost:7004/api/v1/maintenance/alerts - 200 - application/json;+charset=utf-8 15.4564ms
info: Microsoft.AspNetCore.Hosting.Diagnostics[1]
      Request starting HTTP/1.1 GET http://localhost:7004/api/v1/equipment-items/005d9bb6-17bb-4539-ac37-bbe566f733e5/history - - -
info: Microsoft.AspNetCore.Routing.EndpointMiddleware[0]
      Executing endpoint 'KiteFlow.Services.Equipment.Api.Controllers.EquipmentController.GetHistory (KiteFlow.Services.Equipment.Api)'
info: Microsoft.AspNetCore.Mvc.Infrastructure.ControllerActionInvoker[102]
      Route matched with {action = "GetHistory", controller = "Equipment"}. Executing controller action with signature System.Threading.Tasks.Task`1[Microsoft.AspNetCore.Mvc.IActionResult] GetHistory(System.Guid) on controller KiteFlow.Services.Equipment.Api.Controllers.EquipmentController (KiteFlow.Services.Equipment.Api).
info: Microsoft.EntityFrameworkCore.Database.Command[20101]
      Executed DbCommand (1ms) [Parameters=[@__id_0='?' (DbType = Guid), @__schoolId_1='?' (DbType = Guid)], CommandType='Text', CommandTimeout='30']
      SELECT e."Id", e."Brand", e."CreatedAtUtc", e."CurrentCondition", e."IsActive", e."LastServiceDateUtc", e."LastServiceUsageMinutes", e."Model", e."Name", e."SchoolId", e."SizeLabel", e."StorageId", e."TagCode", e."TotalUsageMinutes", e."Type", g."Id", g."CreatedAtUtc", g."IsActive", g."LocationNote", g."Name", g."SchoolId"
      FROM equipment_items AS e
      INNER JOIN gear_storages AS g ON e."StorageId" = g."Id"
      WHERE e."Id" = @__id_0 AND e."SchoolId" = @__schoolId_1
      LIMIT 1
info: Microsoft.EntityFrameworkCore.Database.Command[20101]
      Executed DbCommand (1ms) [Parameters=[@__schoolId_0='?' (DbType = Guid), @__id_1='?' (DbType = Guid)], CommandType='Text', CommandTimeout='30']
      SELECT e."Id", e."LessonId", e."CheckoutItemId", e."UsageMinutes", e."ConditionAfter", e."RecordedAtUtc"
      FROM equipment_usage_logs AS e
      WHERE e."SchoolId" = @__schoolId_0 AND e."EquipmentId" = @__id_1
      ORDER BY e."RecordedAtUtc" DESC
info: Microsoft.EntityFrameworkCore.Database.Command[20101]
      Executed DbCommand (1ms) [Parameters=[@__schoolId_0='?' (DbType = Guid), @__id_1='?' (DbType = Guid)], CommandType='Text', CommandTimeout='30']
      SELECT m."Id", m."ServiceDateUtc", m."UsageMinutesAtService", m."Cost", m."Description", m."PerformedBy"
      FROM maintenance_records AS m
      WHERE m."SchoolId" = @__schoolId_0 AND m."EquipmentId" = @__id_1
      ORDER BY m."ServiceDateUtc" DESC
info: Microsoft.AspNetCore.Mvc.Infrastructure.ObjectResultExecutor[1]
      Executing OkObjectResult, writing value of type '<>f__AnonymousType3`3[[<>f__AnonymousType4`12[[System.Guid, System.Private.CoreLib, Version=8.0.0.0, Culture=neutral, PublicKeyToken=7cec85d7bea7798e],[System.String, System.Private.CoreLib, Version=8.0.0.0, Culture=neutral, PublicKeyToken=7cec85d7bea7798e],[System.String, System.Private.CoreLib, Version=8.0.0.0, Culture=neutral, PublicKeyToken=7cec85d7bea7798e],[System.String, System.Private.CoreLib, Version=8.0.0.0, Culture=neutral, PublicKeyToken=7cec85d7bea7798e],[System.String, System.Private.CoreLib, Version=8.0.0.0, Culture=neutral, PublicKeyToken=7cec85d7bea7798e],[System.String, System.Private.CoreLib, Version=8.0.0.0, Culture=neutral, PublicKeyToken=7cec85d7bea7798e],[System.String, System.Private.CoreLib, Version=8.0.0.0, Culture=neutral, PublicKeyToken=7cec85d7bea7798e],[System.String, System.Private.CoreLib, Version=8.0.0.0, Culture=neutral, PublicKeyToken=7cec85d7bea7798e],[System.Int32, System.Private.CoreLib, Version=8.0.0.0, Culture=neutral, PublicKeyToken=7cec85d7bea7798e],[System.Nullable`1[[System.DateTime, System.Private.CoreLib, Version=8.0.0.0, Culture=neutral, PublicKeyToken=7cec85d7bea7798e]], System.Private.CoreLib, Version=8.0.0.0, Culture=neutral, PublicKeyToken=7cec85d7bea7798e],[System.Nullable`1[[System.Int32, System.Private.CoreLib, Version=8.0.0.0, Culture=neutral, PublicKeyToken=7cec85d7bea7798e]], System.Private.CoreLib, Version=8.0.0.0, Culture=neutral, PublicKeyToken=7cec85d7bea7798e],[System.String, System.Private.CoreLib, Version=8.0.0.0, Culture=neutral, PublicKeyToken=7cec85d7bea7798e]], KiteFlow.Services.Equipment.Api, Version=1.0.0.0, Culture=neutral, PublicKeyToken=null],[System.Collections.Generic.List`1[[<>f__AnonymousType1`6[[System.Guid, System.Private.CoreLib, Version=8.0.0.0, Culture=neutral, PublicKeyToken=7cec85d7bea7798e],[System.Guid, System.Private.CoreLib, Version=8.0.0.0, Culture=neutral, PublicKeyToken=7cec85d7bea7798e],[System.Guid, System.Private.CoreLib, Version=8.0.0.0, Culture=neutral, PublicKeyToken=7cec85d7bea7798e],[System.Int32, System.Private.CoreLib, Version=8.0.0.0, Culture=neutral, PublicKeyToken=7cec85d7bea7798e],[System.String, System.Private.CoreLib, Version=8.0.0.0, Culture=neutral, PublicKeyToken=7cec85d7bea7798e],[System.DateTime, System.Private.CoreLib, Version=8.0.0.0, Culture=neutral, PublicKeyToken=7cec85d7bea7798e]], KiteFlow.Services.Equipment.Api, Version=1.0.0.0, Culture=neutral, PublicKeyToken=null]], System.Private.CoreLib, Version=8.0.0.0, Culture=neutral, PublicKeyToken=7cec85d7bea7798e],[System.Collections.Generic.List`1[[<>f__AnonymousType2`6[[System.Guid, System.Private.CoreLib, Version=8.0.0.0, Culture=neutral, PublicKeyToken=7cec85d7bea7798e],[System.DateTime, System.Private.CoreLib, Version=8.0.0.0, Culture=neutral, PublicKeyToken=7cec85d7bea7798e],[System.Int32, System.Private.CoreLib, Version=8.0.0.0, Culture=neutral, PublicKeyToken=7cec85d7bea7798e],[System.Nullable`1[[System.Decimal, System.Private.CoreLib, Version=8.0.0.0, Culture=neutral, PublicKeyToken=7cec85d7bea7798e]], System.Private.CoreLib, Version=8.0.0.0, Culture=neutral, PublicKeyToken=7cec85d7bea7798e],[System.String, System.Private.CoreLib, Version=8.0.0.0, Culture=neutral, PublicKeyToken=7cec85d7bea7798e],[System.String, System.Private.CoreLib, Version=8.0.0.0, Culture=neutral, PublicKeyToken=7cec85d7bea7798e]], KiteFlow.Services.Equipment.Api, Version=1.0.0.0, Culture=neutral, PublicKeyToken=null]], System.Private.CoreLib, Version=8.0.0.0, Culture=neutral, PublicKeyToken=7cec85d7bea7798e]]'.
info: Microsoft.AspNetCore.Mvc.Infrastructure.ControllerActionInvoker[105]
      Executed action KiteFlow.Services.Equipment.Api.Controllers.EquipmentController.GetHistory (KiteFlow.Services.Equipment.Api) in 31.7846ms
info: Microsoft.AspNetCore.Routing.EndpointMiddleware[1]
      Executed endpoint 'KiteFlow.Services.Equipment.Api.Controllers.EquipmentController.GetHistory (KiteFlow.Services.Equipment.Api)'
info: Microsoft.AspNetCore.Hosting.Diagnostics[2]
      Request finished HTTP/1.1 GET http://localhost:7004/api/v1/equipment-items/005d9bb6-17bb-4539-ac37-bbe566f733e5/history - 200 - application/json;+charset=utf-8 35.1884ms
