info: Microsoft.AspNetCore.DataProtection.KeyManagement.XmlKeyManager[63]
      User profile is available. Using 'C:\Users\filip\AppData\Local\ASP.NET\DataProtection-Keys' as key repository and Windows DPAPI to encrypt keys at rest.
info: Yarp.ReverseProxy.Configuration.ConfigProvider.ConfigurationConfigProvider[1]
      Loading proxy data from config.
fail: Microsoft.AspNetCore.DataProtection.XmlEncryption.DpapiXmlDecryptor[43]
      An exception occurred while trying to decrypt the element.
      System.Security.Cryptography.CryptographicException: Error occurred during a cryptographic operation.
         at Microsoft.AspNetCore.DataProtection.Cng.DpapiSecretSerializerHelper.UnprotectWithDpapiCore(Byte* pbProtectedData, UInt32 cbProtectedData, Byte* pbOptionalEntropy, UInt32 cbOptionalEntropy)
         at Microsoft.AspNetCore.DataProtection.Cng.DpapiSecretSerializerHelper.UnprotectWithDpapi(Byte[] protectedSecret)
         at Microsoft.AspNetCore.DataProtection.XmlEncryption.DpapiXmlDecryptor.Decrypt(XElement encryptedElement)
fail: Microsoft.AspNetCore.DataProtection.KeyManagement.XmlKeyManager[24]
      An exception occurred while processing the key element '<key id="580135b0-fa5a-474d-b3fd-2e3d5e56fffe" version="1" />'.
      System.AggregateException: An error occurred while writing to logger(s). (Cannot open log for source '.NET Runtime'. You may not have write access.)
       ---> System.InvalidOperationException: Cannot open log for source '.NET Runtime'. You may not have write access.
       ---> System.ComponentModel.Win32Exception (5): Acesso negado.
         --- End of inner exception stack trace ---
         at System.Diagnostics.EventLogInternal.OpenForWrite(String currentMachineName)
         at System.Diagnostics.EventLogInternal.InternalWriteEvent(UInt32 eventID, UInt16 category, EventLogEntryType type, String[] strings, Byte[] rawData, String currentMachineName)
         at System.Diagnostics.EventLogInternal.WriteEvent(EventInstance instance, Byte[] data, Object[] values)
         at Microsoft.Extensions.Logging.EventLog.WindowsEventLog.WriteEntry(String message, EventLogEntryType type, Int32 eventID, Int16 category)
         at Microsoft.Extensions.Logging.EventLog.EventLogLogger.WriteMessage(String message, EventLogEntryType eventLogEntryType, Int32 eventId)
         at Microsoft.Extensions.Logging.EventLog.EventLogLogger.Log[TState](LogLevel logLevel, EventId eventId, TState state, Exception exception, Func`3 formatter)
         at Microsoft.Extensions.Logging.Logger.<Log>g__LoggerLog|14_0[TState](LogLevel logLevel, EventId eventId, ILogger logger, Exception exception, Func`3 formatter, List`1& exceptions, TState& state)
         --- End of inner exception stack trace ---
         at Microsoft.Extensions.Logging.Logger.ThrowLoggingError(List`1 exceptions)
         at Microsoft.Extensions.Logging.Logger.Log[TState](LogLevel logLevel, EventId eventId, TState state, Exception exception, Func`3 formatter)
         at Microsoft.Extensions.Logging.LoggerMessage.<>c__DisplayClass8_0.<Define>g__Log|0(ILogger logger, Exception exception)
         at Microsoft.AspNetCore.DataProtection.XmlEncryption.DpapiXmlDecryptor.Decrypt(XElement encryptedElement)
         at Microsoft.AspNetCore.DataProtection.XmlEncryption.XmlEncryptionExtensions.DecryptElement(XElement element, IActivator activator)
         at Microsoft.AspNetCore.DataProtection.KeyManagement.XmlKeyManager.Microsoft.AspNetCore.DataProtection.KeyManagement.Internal.IInternalXmlKeyManager.DeserializeDescriptorFromKeyElement(XElement keyElement)
warn: Microsoft.AspNetCore.DataProtection.KeyManagement.DefaultKeyResolver[12]
      Key {580135b0-fa5a-474d-b3fd-2e3d5e56fffe} is ineligible to be the default key because its CreateEncryptor method failed.
      System.AggregateException: An error occurred while writing to logger(s). (Cannot open log for source '.NET Runtime'. You may not have write access.)
       ---> System.InvalidOperationException: Cannot open log for source '.NET Runtime'. You may not have write access.
       ---> System.ComponentModel.Win32Exception (5): Acesso negado.
         --- End of inner exception stack trace ---
         at System.Diagnostics.EventLogInternal.OpenForWrite(String currentMachineName)
         at System.Diagnostics.EventLogInternal.InternalWriteEvent(UInt32 eventID, UInt16 category, EventLogEntryType type, String[] strings, Byte[] rawData, String currentMachineName)
         at System.Diagnostics.EventLogInternal.WriteEvent(EventInstance instance, Byte[] data, Object[] values)
         at Microsoft.Extensions.Logging.EventLog.WindowsEventLog.WriteEntry(String message, EventLogEntryType type, Int32 eventID, Int16 category)
         at Microsoft.Extensions.Logging.EventLog.EventLogLogger.WriteMessage(String message, EventLogEntryType eventLogEntryType, Int32 eventId)
         at Microsoft.Extensions.Logging.EventLog.EventLogLogger.Log[TState](LogLevel logLevel, EventId eventId, TState state, Exception exception, Func`3 formatter)
         at Microsoft.Extensions.Logging.Logger.<Log>g__LoggerLog|14_0[TState](LogLevel logLevel, EventId eventId, ILogger logger, Exception exception, Func`3 formatter, List`1& exceptions, TState& state)
         --- End of inner exception stack trace ---
         at Microsoft.Extensions.Logging.Logger.ThrowLoggingError(List`1 exceptions)
         at Microsoft.Extensions.Logging.Logger.Log[TState](LogLevel logLevel, EventId eventId, TState state, Exception exception, Func`3 formatter)
         at Microsoft.Extensions.Logging.Logger`1.Microsoft.Extensions.Logging.ILogger.Log[TState](LogLevel logLevel, EventId eventId, TState state, Exception exception, Func`3 formatter)
         at Microsoft.Extensions.Logging.LoggerMessage.<>c__DisplayClass10_0`1.<Define>g__Log|0(ILogger logger, T1 arg1, Exception exception)
         at Microsoft.AspNetCore.DataProtection.KeyManagement.XmlKeyManager.WriteKeyDeserializationErrorToLog(Exception error, XElement keyElement)
         at Microsoft.AspNetCore.DataProtection.KeyManagement.XmlKeyManager.Microsoft.AspNetCore.DataProtection.KeyManagement.Internal.IInternalXmlKeyManager.DeserializeDescriptorFromKeyElement(XElement keyElement)
         at System.Lazy`1.ViaFactory(LazyThreadSafetyMode mode)
         at System.Lazy`1.ExecutionAndPublication(LazyHelper executionAndPublication, Boolean useDefaultConstructor)
         at System.Lazy`1.CreateValue()
         at Microsoft.AspNetCore.DataProtection.AuthenticatedEncryption.CngGcmAuthenticatedEncryptorFactory.CreateEncryptorInstance(IKey key)
         at Microsoft.AspNetCore.DataProtection.KeyManagement.KeyBase.CreateEncryptor()
         at Microsoft.AspNetCore.DataProtection.KeyManagement.DefaultKeyResolver.CanCreateAuthenticatedEncryptor(IKey key)
fail: Microsoft.AspNetCore.DataProtection.KeyManagement.KeyRingProvider[48]
      An error occurred while reading the key ring.
      System.AggregateException: An error occurred while writing to logger(s). (Cannot open log for source '.NET Runtime'. You may not have write access.)
       ---> System.InvalidOperationException: Cannot open log for source '.NET Runtime'. You may not have write access.
       ---> System.ComponentModel.Win32Exception (5): Acesso negado.
         --- End of inner exception stack trace ---
         at System.Diagnostics.EventLogInternal.OpenForWrite(String currentMachineName)
         at System.Diagnostics.EventLogInternal.InternalWriteEvent(UInt32 eventID, UInt16 category, EventLogEntryType type, String[] strings, Byte[] rawData, String currentMachineName)
         at System.Diagnostics.EventLogInternal.WriteEvent(EventInstance instance, Byte[] data, Object[] values)
         at Microsoft.Extensions.Logging.EventLog.WindowsEventLog.WriteEntry(String message, EventLogEntryType type, Int32 eventID, Int16 category)
         at Microsoft.Extensions.Logging.EventLog.EventLogLogger.WriteMessage(String message, EventLogEntryType eventLogEntryType, Int32 eventId)
         at Microsoft.Extensions.Logging.EventLog.EventLogLogger.Log[TState](LogLevel logLevel, EventId eventId, TState state, Exception exception, Func`3 formatter)
         at Microsoft.Extensions.Logging.Logger.<Log>g__LoggerLog|14_0[TState](LogLevel logLevel, EventId eventId, ILogger logger, Exception exception, Func`3 formatter, List`1& exceptions, TState& state)
         --- End of inner exception stack trace ---
         at Microsoft.Extensions.Logging.Logger.ThrowLoggingError(List`1 exceptions)
         at Microsoft.Extensions.Logging.Logger.Log[TState](LogLevel logLevel, EventId eventId, TState state, Exception exception, Func`3 formatter)
         at Microsoft.Extensions.Logging.Logger`1.Microsoft.Extensions.Logging.ILogger.Log[TState](LogLevel logLevel, EventId eventId, TState state, Exception exception, Func`3 formatter)
         at Microsoft.Extensions.Logging.LoggerMessage.<>c__DisplayClass12_0`2.<Define>g__Log|0(ILogger logger, T1 arg1, T2 arg2, Exception exception)
         at Microsoft.Extensions.Logging.LoggingExtensions.KeyIsIneligibleToBeTheDefaultKeyBecauseItsMethodFailed(ILogger logger, Guid keyId, String methodName, Exception exception)
         at Microsoft.AspNetCore.DataProtection.KeyManagement.DefaultKeyResolver.CanCreateAuthenticatedEncryptor(IKey key)
         at Microsoft.AspNetCore.DataProtection.KeyManagement.DefaultKeyResolver.FindDefaultKey(DateTimeOffset now, IEnumerable`1 allKeys, IKey& fallbackKey, Boolean& callerShouldGenerateNewKey)
         at Microsoft.AspNetCore.DataProtection.KeyManagement.DefaultKeyResolver.ResolveDefaultKeyPolicy(DateTimeOffset now, IEnumerable`1 allKeys)
         at Microsoft.AspNetCore.DataProtection.KeyManagement.KeyRingProvider.CreateCacheableKeyRingCore(DateTimeOffset now, IKey keyJustAdded)
         at Microsoft.AspNetCore.DataProtection.KeyManagement.KeyRingProvider.GetCurrentKeyRingCore(DateTime utcNow, Boolean forceRefresh)
info: Microsoft.AspNetCore.DataProtection.Internal.DataProtectionHostedService[66]
      Key ring failed to load during application startup.
      System.AggregateException: An error occurred while writing to logger(s). (Cannot open log for source '.NET Runtime'. You may not have write access.)
       ---> System.InvalidOperationException: Cannot open log for source '.NET Runtime'. You may not have write access.
       ---> System.ComponentModel.Win32Exception (5): Acesso negado.
         --- End of inner exception stack trace ---
         at System.Diagnostics.EventLogInternal.OpenForWrite(String currentMachineName)
         at System.Diagnostics.EventLogInternal.InternalWriteEvent(UInt32 eventID, UInt16 category, EventLogEntryType type, String[] strings, Byte[] rawData, String currentMachineName)
         at System.Diagnostics.EventLogInternal.WriteEvent(EventInstance instance, Byte[] data, Object[] values)
         at Microsoft.Extensions.Logging.EventLog.WindowsEventLog.WriteEntry(String message, EventLogEntryType type, Int32 eventID, Int16 category)
         at Microsoft.Extensions.Logging.EventLog.EventLogLogger.WriteMessage(String message, EventLogEntryType eventLogEntryType, Int32 eventId)
         at Microsoft.Extensions.Logging.EventLog.EventLogLogger.Log[TState](LogLevel logLevel, EventId eventId, TState state, Exception exception, Func`3 formatter)
         at Microsoft.Extensions.Logging.Logger.<Log>g__LoggerLog|14_0[TState](LogLevel logLevel, EventId eventId, ILogger logger, Exception exception, Func`3 formatter, List`1& exceptions, TState& state)
         --- End of inner exception stack trace ---
         at Microsoft.Extensions.Logging.Logger.ThrowLoggingError(List`1 exceptions)
         at Microsoft.Extensions.Logging.Logger.Log[TState](LogLevel logLevel, EventId eventId, TState state, Exception exception, Func`3 formatter)
         at Microsoft.Extensions.Logging.Logger`1.Microsoft.Extensions.Logging.ILogger.Log[TState](LogLevel logLevel, EventId eventId, TState state, Exception exception, Func`3 formatter)
         at Microsoft.Extensions.Logging.LoggerMessage.<>c__DisplayClass8_0.<Define>g__Log|0(ILogger logger, Exception exception)
         at Microsoft.AspNetCore.DataProtection.KeyManagement.KeyRingProvider.GetCurrentKeyRingCore(DateTime utcNow, Boolean forceRefresh)
         at Microsoft.AspNetCore.DataProtection.Internal.DataProtectionHostedService.StartAsync(CancellationToken token)
info: Microsoft.Hosting.Lifetime[14]
      Now listening on: http://localhost:7000
info: Microsoft.Hosting.Lifetime[0]
      Application started. Press Ctrl+C to shut down.
info: Microsoft.Hosting.Lifetime[0]
      Hosting environment: Production
info: Microsoft.Hosting.Lifetime[0]
      Content root path: C:\Users\filip\Documents\Kiteflow\KiteFlow\src\backend\gateway\KiteFlow.Gateway
info: Microsoft.AspNetCore.Hosting.Diagnostics[1]
      Request starting HTTP/1.1 GET http://localhost:7000/swagger - - -
info: Microsoft.AspNetCore.Hosting.Diagnostics[2]
      Request finished HTTP/1.1 GET http://localhost:7000/swagger - 301 0 - 22.0374ms
info: Microsoft.AspNetCore.Hosting.Diagnostics[1]
      Request starting HTTP/1.1 GET http://localhost:7000/swagger/index.html - - -
info: Microsoft.AspNetCore.Hosting.Diagnostics[2]
      Request finished HTTP/1.1 GET http://localhost:7000/swagger/index.html - 200 - text/html;charset=utf-8 30.1858ms
info: Microsoft.AspNetCore.Hosting.Diagnostics[1]
      Request starting HTTP/1.1 POST http://localhost:7000/api/v1/onboarding/register-owner - application/json 530
info: Microsoft.AspNetCore.Routing.EndpointMiddleware[0]
      Executing endpoint 'KiteFlow.Gateway.Controllers.OnboardingController.RegisterOwner (KiteFlow.Gateway)'
info: Microsoft.AspNetCore.Mvc.Infrastructure.ControllerActionInvoker[102]
      Route matched with {action = "RegisterOwner", controller = "Onboarding"}. Executing controller action with signature System.Threading.Tasks.Task`1[Microsoft.AspNetCore.Mvc.IActionResult] RegisterOwner(RegisterOwnerRequest, System.Threading.CancellationToken) on controller KiteFlow.Gateway.Controllers.OnboardingController (KiteFlow.Gateway).
info: System.Net.Http.HttpClient.schools.LogicalHandler[100]
      Start processing HTTP request POST http://localhost:7002/api/v1/onboarding/register-school
info: System.Net.Http.HttpClient.schools.ClientHandler[100]
      Sending HTTP request POST http://localhost:7002/api/v1/onboarding/register-school
info: System.Net.Http.HttpClient.schools.ClientHandler[101]
      Received HTTP response headers after 430.5532ms - 201
info: System.Net.Http.HttpClient.schools.LogicalHandler[101]
      End processing HTTP request after 437.4305ms - 201
info: System.Net.Http.HttpClient.identity.LogicalHandler[100]
      Start processing HTTP request POST http://localhost:7001/api/v1/auth/bootstrap-user
info: System.Net.Http.HttpClient.identity.ClientHandler[100]
      Sending HTTP request POST http://localhost:7001/api/v1/auth/bootstrap-user
info: System.Net.Http.HttpClient.identity.ClientHandler[101]
      Received HTTP response headers after 1334.7077ms - 201
info: System.Net.Http.HttpClient.identity.LogicalHandler[101]
      End processing HTTP request after 1334.8009ms - 201
info: System.Net.Http.HttpClient.identity.LogicalHandler[100]
      Start processing HTTP request POST http://localhost:7001/api/v1/auth/login
info: System.Net.Http.HttpClient.identity.ClientHandler[100]
      Sending HTTP request POST http://localhost:7001/api/v1/auth/login
info: System.Net.Http.HttpClient.identity.ClientHandler[101]
      Received HTTP response headers after 522.2625ms - 200
info: System.Net.Http.HttpClient.identity.LogicalHandler[101]
      End processing HTTP request after 522.3457ms - 200
info: Microsoft.AspNetCore.Mvc.Infrastructure.ObjectResultExecutor[1]
      Executing OkObjectResult, writing value of type '<>f__AnonymousType3`4[[System.Guid, System.Private.CoreLib, Version=8.0.0.0, Culture=neutral, PublicKeyToken=7cec85d7bea7798e],[System.Guid, System.Private.CoreLib, Version=8.0.0.0, Culture=neutral, PublicKeyToken=7cec85d7bea7798e],[System.Boolean, System.Private.CoreLib, Version=8.0.0.0, Culture=neutral, PublicKeyToken=7cec85d7bea7798e],[System.Nullable`1[[System.Text.Json.JsonElement, System.Text.Json, Version=8.0.0.0, Culture=neutral, PublicKeyToken=cc7b13ffcd2ddd51]], System.Private.CoreLib, Version=8.0.0.0, Culture=neutral, PublicKeyToken=7cec85d7bea7798e]]'.
info: Microsoft.AspNetCore.Mvc.Infrastructure.ControllerActionInvoker[105]
      Executed action KiteFlow.Gateway.Controllers.OnboardingController.RegisterOwner (KiteFlow.Gateway) in 2338.7742ms
info: Microsoft.AspNetCore.Routing.EndpointMiddleware[1]
      Executed endpoint 'KiteFlow.Gateway.Controllers.OnboardingController.RegisterOwner (KiteFlow.Gateway)'
info: Microsoft.AspNetCore.Hosting.Diagnostics[2]
      Request finished HTTP/1.1 POST http://localhost:7000/api/v1/onboarding/register-owner - 200 - application/json;+charset=utf-8 2367.9231ms
info: Microsoft.AspNetCore.Hosting.Diagnostics[1]
      Request starting HTTP/1.1 POST http://localhost:7000/academics/api/v1/students - application/json 392
info: Microsoft.AspNetCore.Routing.EndpointMiddleware[0]
      Executing endpoint 'academics-route'
info: Yarp.ReverseProxy.Forwarder.HttpForwarder[9]
      Proxying to http://localhost:7003/api/v1/students HTTP/2 RequestVersionOrLower 
info: Yarp.ReverseProxy.Forwarder.HttpForwarder[56]
      Received HTTP/1.1 response 201.
info: Microsoft.AspNetCore.Routing.EndpointMiddleware[1]
      Executed endpoint 'academics-route'
info: Microsoft.AspNetCore.Hosting.Diagnostics[2]
      Request finished HTTP/1.1 POST http://localhost:7000/academics/api/v1/students - 201 - application/json;+charset=utf-8 374.7705ms
info: Microsoft.AspNetCore.Hosting.Diagnostics[1]
      Request starting HTTP/1.1 POST http://localhost:7000/academics/api/v1/instructors - application/json 221
info: Microsoft.AspNetCore.Routing.EndpointMiddleware[0]
      Executing endpoint 'academics-route'
info: Yarp.ReverseProxy.Forwarder.HttpForwarder[9]
      Proxying to http://localhost:7003/api/v1/instructors HTTP/2 RequestVersionOrLower 
info: Yarp.ReverseProxy.Forwarder.HttpForwarder[56]
      Received HTTP/1.1 response 201.
info: Microsoft.AspNetCore.Routing.EndpointMiddleware[1]
      Executed endpoint 'academics-route'
info: Microsoft.AspNetCore.Hosting.Diagnostics[2]
      Request finished HTTP/1.1 POST http://localhost:7000/academics/api/v1/instructors - 201 - application/json;+charset=utf-8 65.9772ms
info: Microsoft.AspNetCore.Hosting.Diagnostics[1]
      Request starting HTTP/1.1 POST http://localhost:7000/academics/api/v1/courses - application/json 109
info: Microsoft.AspNetCore.Routing.EndpointMiddleware[0]
      Executing endpoint 'academics-route'
info: Yarp.ReverseProxy.Forwarder.HttpForwarder[9]
      Proxying to http://localhost:7003/api/v1/courses HTTP/2 RequestVersionOrLower 
info: Yarp.ReverseProxy.Forwarder.HttpForwarder[56]
      Received HTTP/1.1 response 201.
info: Microsoft.AspNetCore.Routing.EndpointMiddleware[1]
      Executed endpoint 'academics-route'
info: Microsoft.AspNetCore.Hosting.Diagnostics[2]
      Request finished HTTP/1.1 POST http://localhost:7000/academics/api/v1/courses - 201 - application/json;+charset=utf-8 181.6639ms
info: Microsoft.AspNetCore.Hosting.Diagnostics[1]
      Request starting HTTP/1.1 GET http://localhost:7000/academics/api/v1/courses - - -
info: Microsoft.AspNetCore.Routing.EndpointMiddleware[0]
      Executing endpoint 'academics-route'
info: Yarp.ReverseProxy.Forwarder.HttpForwarder[9]
      Proxying to http://localhost:7003/api/v1/courses HTTP/2 RequestVersionOrLower 
info: Yarp.ReverseProxy.Forwarder.HttpForwarder[56]
      Received HTTP/1.1 response 200.
info: Microsoft.AspNetCore.Routing.EndpointMiddleware[1]
      Executed endpoint 'academics-route'
info: Microsoft.AspNetCore.Hosting.Diagnostics[2]
      Request finished HTTP/1.1 GET http://localhost:7000/academics/api/v1/courses - 200 - application/json;+charset=utf-8 60.4573ms
info: Microsoft.AspNetCore.Hosting.Diagnostics[1]
      Request starting HTTP/1.1 POST http://localhost:7000/academics/api/v1/enrollments - application/json 174
info: Microsoft.AspNetCore.Routing.EndpointMiddleware[0]
      Executing endpoint 'academics-route'
info: Yarp.ReverseProxy.Forwarder.HttpForwarder[9]
      Proxying to http://localhost:7003/api/v1/enrollments HTTP/2 RequestVersionOrLower 
info: Yarp.ReverseProxy.Forwarder.HttpForwarder[56]
      Received HTTP/1.1 response 201.
info: Microsoft.AspNetCore.Routing.EndpointMiddleware[1]
      Executed endpoint 'academics-route'
info: Microsoft.AspNetCore.Hosting.Diagnostics[2]
      Request finished HTTP/1.1 POST http://localhost:7000/academics/api/v1/enrollments - 201 - application/json;+charset=utf-8 73.2745ms
info: Microsoft.AspNetCore.Hosting.Diagnostics[1]
      Request starting HTTP/1.1 POST http://localhost:7000/academics/api/v1/lessons - application/json 374
info: Microsoft.AspNetCore.Routing.EndpointMiddleware[0]
      Executing endpoint 'academics-route'
info: Yarp.ReverseProxy.Forwarder.HttpForwarder[9]
      Proxying to http://localhost:7003/api/v1/lessons HTTP/2 RequestVersionOrLower 
info: Yarp.ReverseProxy.Forwarder.HttpForwarder[56]
      Received HTTP/1.1 response 201.
info: Microsoft.AspNetCore.Routing.EndpointMiddleware[1]
      Executed endpoint 'academics-route'
info: Microsoft.AspNetCore.Hosting.Diagnostics[2]
      Request finished HTTP/1.1 POST http://localhost:7000/academics/api/v1/lessons - 201 - application/json;+charset=utf-8 152.0823ms
info: Microsoft.AspNetCore.Hosting.Diagnostics[1]
      Request starting HTTP/1.1 POST http://localhost:7000/equipment/api/v1/storages - application/json 90
info: Microsoft.AspNetCore.Routing.EndpointMiddleware[0]
      Executing endpoint 'equipment-route'
info: Yarp.ReverseProxy.Forwarder.HttpForwarder[9]
      Proxying to http://localhost:7004/api/v1/storages HTTP/2 RequestVersionOrLower 
info: Yarp.ReverseProxy.Forwarder.HttpForwarder[56]
      Received HTTP/1.1 response 201.
info: Microsoft.AspNetCore.Routing.EndpointMiddleware[1]
      Executed endpoint 'equipment-route'
info: Microsoft.AspNetCore.Hosting.Diagnostics[2]
      Request finished HTTP/1.1 POST http://localhost:7000/equipment/api/v1/storages - 201 - application/json;+charset=utf-8 1002.7436ms
info: Microsoft.AspNetCore.Hosting.Diagnostics[1]
      Request starting HTTP/1.1 POST http://localhost:7000/equipment/api/v1/equipment-items - application/json 261
info: Microsoft.AspNetCore.Routing.EndpointMiddleware[0]
      Executing endpoint 'equipment-route'
info: Yarp.ReverseProxy.Forwarder.HttpForwarder[9]
      Proxying to http://localhost:7004/api/v1/equipment-items HTTP/2 RequestVersionOrLower 
info: Yarp.ReverseProxy.Forwarder.HttpForwarder[56]
      Received HTTP/1.1 response 201.
info: Microsoft.AspNetCore.Routing.EndpointMiddleware[1]
      Executed endpoint 'equipment-route'
info: Microsoft.AspNetCore.Hosting.Diagnostics[2]
      Request finished HTTP/1.1 POST http://localhost:7000/equipment/api/v1/equipment-items - 201 - application/json;+charset=utf-8 101.5186ms
info: Microsoft.AspNetCore.Hosting.Diagnostics[1]
      Request starting HTTP/1.1 POST http://localhost:7000/equipment/api/v1/lesson-equipment/ac84adae-9777-4679-a098-714d94a231b1/checkout - application/json 296
info: Microsoft.AspNetCore.Routing.EndpointMiddleware[0]
      Executing endpoint 'equipment-route'
info: Yarp.ReverseProxy.Forwarder.HttpForwarder[9]
      Proxying to http://localhost:7004/api/v1/lesson-equipment/ac84adae-9777-4679-a098-714d94a231b1/checkout HTTP/2 RequestVersionOrLower 
info: Yarp.ReverseProxy.Forwarder.HttpForwarder[56]
      Received HTTP/1.1 response 200.
info: Microsoft.AspNetCore.Routing.EndpointMiddleware[1]
      Executed endpoint 'equipment-route'
info: Microsoft.AspNetCore.Hosting.Diagnostics[2]
      Request finished HTTP/1.1 POST http://localhost:7000/equipment/api/v1/lesson-equipment/ac84adae-9777-4679-a098-714d94a231b1/checkout - 200 - application/json;+charset=utf-8 277.6351ms
info: Microsoft.AspNetCore.Hosting.Diagnostics[1]
      Request starting HTTP/1.1 POST http://localhost:7000/equipment/api/v1/lesson-equipment/ac84adae-9777-4679-a098-714d94a231b1/checkin - application/json 298
info: Microsoft.AspNetCore.Routing.EndpointMiddleware[0]
      Executing endpoint 'equipment-route'
info: Yarp.ReverseProxy.Forwarder.HttpForwarder[9]
      Proxying to http://localhost:7004/api/v1/lesson-equipment/ac84adae-9777-4679-a098-714d94a231b1/checkin HTTP/2 RequestVersionOrLower 
info: Yarp.ReverseProxy.Forwarder.HttpForwarder[56]
      Received HTTP/1.1 response 200.
info: Microsoft.AspNetCore.Routing.EndpointMiddleware[1]
      Executed endpoint 'equipment-route'
info: Microsoft.AspNetCore.Hosting.Diagnostics[2]
      Request finished HTTP/1.1 POST http://localhost:7000/equipment/api/v1/lesson-equipment/ac84adae-9777-4679-a098-714d94a231b1/checkin - 200 0 - 65.7293ms
info: Microsoft.AspNetCore.Hosting.Diagnostics[1]
      Request starting HTTP/1.1 POST http://localhost:7000/equipment/api/v1/maintenance/rules - application/json 117
info: Microsoft.AspNetCore.Routing.EndpointMiddleware[0]
      Executing endpoint 'equipment-route'
info: Yarp.ReverseProxy.Forwarder.HttpForwarder[9]
      Proxying to http://localhost:7004/api/v1/maintenance/rules HTTP/2 RequestVersionOrLower 
info: Yarp.ReverseProxy.Forwarder.HttpForwarder[56]
      Received HTTP/1.1 response 200.
info: Microsoft.AspNetCore.Routing.EndpointMiddleware[1]
      Executed endpoint 'equipment-route'
info: Microsoft.AspNetCore.Hosting.Diagnostics[2]
      Request finished HTTP/1.1 POST http://localhost:7000/equipment/api/v1/maintenance/rules - 200 - application/json;+charset=utf-8 32.1341ms
info: Microsoft.AspNetCore.Hosting.Diagnostics[1]
      Request starting HTTP/1.1 POST http://localhost:7000/equipment/api/v1/maintenance/records - application/json 249
info: Microsoft.AspNetCore.Routing.EndpointMiddleware[0]
      Executing endpoint 'equipment-route'
info: Yarp.ReverseProxy.Forwarder.HttpForwarder[9]
      Proxying to http://localhost:7004/api/v1/maintenance/records HTTP/2 RequestVersionOrLower 
info: Yarp.ReverseProxy.Forwarder.HttpForwarder[56]
      Received HTTP/1.1 response 201.
info: Microsoft.AspNetCore.Routing.EndpointMiddleware[1]
      Executed endpoint 'equipment-route'
info: Microsoft.AspNetCore.Hosting.Diagnostics[2]
      Request finished HTTP/1.1 POST http://localhost:7000/equipment/api/v1/maintenance/records - 201 - application/json;+charset=utf-8 38.4516ms
info: Microsoft.AspNetCore.Hosting.Diagnostics[1]
      Request starting HTTP/1.1 POST http://localhost:7000/finance/api/v1/finance/revenues - application/json 205
info: Microsoft.AspNetCore.Routing.EndpointMiddleware[0]
      Executing endpoint 'finance-route'
info: Yarp.ReverseProxy.Forwarder.HttpForwarder[9]
      Proxying to http://localhost:7005/api/v1/finance/revenues HTTP/2 RequestVersionOrLower 
info: Yarp.ReverseProxy.Forwarder.HttpForwarder[56]
      Received HTTP/1.1 response 201.
info: Microsoft.AspNetCore.Routing.EndpointMiddleware[1]
      Executed endpoint 'finance-route'
info: Microsoft.AspNetCore.Hosting.Diagnostics[2]
      Request finished HTTP/1.1 POST http://localhost:7000/finance/api/v1/finance/revenues - 201 - application/json;+charset=utf-8 763.6335ms
info: Microsoft.AspNetCore.Hosting.Diagnostics[1]
      Request starting HTTP/1.1 POST http://localhost:7000/finance/api/v1/finance/expenses - application/json 174
info: Microsoft.AspNetCore.Routing.EndpointMiddleware[0]
      Executing endpoint 'finance-route'
info: Yarp.ReverseProxy.Forwarder.HttpForwarder[9]
      Proxying to http://localhost:7005/api/v1/finance/expenses HTTP/2 RequestVersionOrLower 
info: Yarp.ReverseProxy.Forwarder.HttpForwarder[56]
      Received HTTP/1.1 response 201.
info: Microsoft.AspNetCore.Routing.EndpointMiddleware[1]
      Executed endpoint 'finance-route'
info: Microsoft.AspNetCore.Hosting.Diagnostics[2]
      Request finished HTTP/1.1 POST http://localhost:7000/finance/api/v1/finance/expenses - 201 - application/json;+charset=utf-8 72.7835ms
info: Microsoft.AspNetCore.Hosting.Diagnostics[1]
      Request starting HTTP/1.1 GET http://localhost:7000/reporting/api/v1/reports/dashboard - - -
info: Microsoft.AspNetCore.Routing.EndpointMiddleware[0]
      Executing endpoint 'reporting-route'
info: Yarp.ReverseProxy.Forwarder.HttpForwarder[9]
      Proxying to http://localhost:7006/api/v1/reports/dashboard HTTP/2 RequestVersionOrLower 
info: Yarp.ReverseProxy.Forwarder.HttpForwarder[56]
      Received HTTP/1.1 response 200.
info: Microsoft.AspNetCore.Routing.EndpointMiddleware[1]
      Executed endpoint 'reporting-route'
info: Microsoft.AspNetCore.Hosting.Diagnostics[2]
      Request finished HTTP/1.1 GET http://localhost:7000/reporting/api/v1/reports/dashboard - 200 - application/json;+charset=utf-8 698.6769ms
info: Microsoft.AspNetCore.Hosting.Diagnostics[1]
      Request starting HTTP/1.1 GET http://localhost:7000/academics/api/v1/enrollments - - -
info: Microsoft.AspNetCore.Routing.EndpointMiddleware[0]
      Executing endpoint 'academics-route'
info: Yarp.ReverseProxy.Forwarder.HttpForwarder[9]
      Proxying to http://localhost:7003/api/v1/enrollments HTTP/2 RequestVersionOrLower 
info: Yarp.ReverseProxy.Forwarder.HttpForwarder[56]
      Received HTTP/1.1 response 200.
info: Microsoft.AspNetCore.Routing.EndpointMiddleware[1]
      Executed endpoint 'academics-route'
info: Microsoft.AspNetCore.Hosting.Diagnostics[2]
      Request finished HTTP/1.1 GET http://localhost:7000/academics/api/v1/enrollments - 200 - application/json;+charset=utf-8 16.2111ms
info: Microsoft.AspNetCore.Hosting.Diagnostics[1]
      Request starting HTTP/1.1 GET http://localhost:7000/equipment/api/v1/equipment-items/005d9bb6-17bb-4539-ac37-bbe566f733e5/history - - -
info: Microsoft.AspNetCore.Routing.EndpointMiddleware[0]
      Executing endpoint 'equipment-route'
info: Yarp.ReverseProxy.Forwarder.HttpForwarder[9]
      Proxying to http://localhost:7004/api/v1/equipment-items/005d9bb6-17bb-4539-ac37-bbe566f733e5/history HTTP/2 RequestVersionOrLower 
info: Yarp.ReverseProxy.Forwarder.HttpForwarder[56]
      Received HTTP/1.1 response 200.
info: Microsoft.AspNetCore.Routing.EndpointMiddleware[1]
      Executed endpoint 'equipment-route'
info: Microsoft.AspNetCore.Hosting.Diagnostics[2]
      Request finished HTTP/1.1 GET http://localhost:7000/equipment/api/v1/equipment-items/005d9bb6-17bb-4539-ac37-bbe566f733e5/history - 200 - application/json;+charset=utf-8 36.1409ms
info: Microsoft.AspNetCore.Hosting.Diagnostics[1]
      Request starting HTTP/1.1 GET http://localhost:7000/finance/api/v1/finance/revenues - - -
info: Microsoft.AspNetCore.Routing.EndpointMiddleware[0]
      Executing endpoint 'finance-route'
info: Yarp.ReverseProxy.Forwarder.HttpForwarder[9]
      Proxying to http://localhost:7005/api/v1/finance/revenues HTTP/2 RequestVersionOrLower 
info: Yarp.ReverseProxy.Forwarder.HttpForwarder[56]
      Received HTTP/1.1 response 200.
info: Microsoft.AspNetCore.Routing.EndpointMiddleware[1]
      Executed endpoint 'finance-route'
info: Microsoft.AspNetCore.Hosting.Diagnostics[2]
      Request finished HTTP/1.1 GET http://localhost:7000/finance/api/v1/finance/revenues - 200 - application/json;+charset=utf-8 19.8473ms
info: Microsoft.AspNetCore.Hosting.Diagnostics[1]
      Request starting HTTP/1.1 GET http://localhost:7000/finance/api/v1/finance/expenses - - -
info: Microsoft.AspNetCore.Routing.EndpointMiddleware[0]
      Executing endpoint 'finance-route'
info: Yarp.ReverseProxy.Forwarder.HttpForwarder[9]
      Proxying to http://localhost:7005/api/v1/finance/expenses HTTP/2 RequestVersionOrLower 
info: Yarp.ReverseProxy.Forwarder.HttpForwarder[56]
      Received HTTP/1.1 response 200.
info: Microsoft.AspNetCore.Routing.EndpointMiddleware[1]
      Executed endpoint 'finance-route'
info: Microsoft.AspNetCore.Hosting.Diagnostics[2]
      Request finished HTTP/1.1 GET http://localhost:7000/finance/api/v1/finance/expenses - 200 - application/json;+charset=utf-8 12.1609ms
